/usr/local/bin/quast.py output_files/medaka_out/consensus.fasta -r input_data/reference_fasta.fna -o output_files/quast_polished --threads 8

Version: 5.2.0

System information:
  OS: Linux-5.14.0-611.20.1.el9_7.x86_64-x86_64-with-glibc2.28 (linux_64)
  Python version: 3.9.13
  CPUs number: 64

Started: 2026-02-08 19:20:50

Logging to /scratch/yazanalq/Assignment-1---Binf6110/output_files/quast_polished/quast.log
NOTICE: Output directory already exists and looks like a QUAST output dir. Existing results can be reused (e.g. previously generated alignments)!

CWD: /scratch/yazanalq/Assignment-1---Binf6110
Main parameters: 
  MODE: default, threads: 8, min contig length: 500, min alignment length: 65, min alignment IDY: 95.0, \
  ambiguity: one, min local misassembly length: 200, min extensive misassembly length: 1000

Reference:
  /scratch/yazanalq/Assignment-1---Binf6110/input_data/reference_fasta.fna ==> reference_fasta

Contigs:
  Pre-processing...
  output_files/medaka_out/consensus.fasta ==> consensus

2026-02-08 19:20:54
Running Basic statistics processor...
  Reference genome:
    reference_fasta.fna, length = 4951383, num fragments = 2, GC % = 52.24
  Contig files: 
    consensus
  Calculating N50 and L50...
    consensus, N50 = 3318769, L50 = 1, auN = 2710987.1, Total length = 5105872, GC % = 52.20, # N's per 100 kbp =  0.00
  Drawing Nx plot...
    saved to /scratch/yazanalq/Assignment-1---Binf6110/output_files/quast_polished/basic_stats/Nx_plot.pdf
  Drawing NGx plot...
    saved to /scratch/yazanalq/Assignment-1---Binf6110/output_files/quast_polished/basic_stats/NGx_plot.pdf
  Drawing cumulative plot...
    saved to /scratch/yazanalq/Assignment-1---Binf6110/output_files/quast_polished/basic_stats/cumulative_plot.pdf
  Drawing GC content plot...
    saved to /scratch/yazanalq/Assignment-1---Binf6110/output_files/quast_polished/basic_stats/GC_content_plot.pdf
  Drawing consensus GC content plot...
    saved to /scratch/yazanalq/Assignment-1---Binf6110/output_files/quast_polished/basic_stats/consensus_GC_content_plot.pdf
Done.

2026-02-08 19:20:56
Running Contig analyzer...
  consensus
  Logging to files /scratch/yazanalq/Assignment-1---Binf6110/output_files/quast_polished/contigs_reports/contigs_report_consensus.stdout and contigs_report_consensus.stderr...
  Using existing alignments... 
  Analysis is finished.

  Creating total report...
    saved to /scratch/yazanalq/Assignment-1---Binf6110/output_files/quast_polished/contigs_reports/misassemblies_report.txt, misassemblies_report.tsv, and misassemblies_report.tex
  Transposed version of total report...
    saved to /scratch/yazanalq/Assignment-1---Binf6110/output_files/quast_polished/contigs_reports/transposed_report_misassemblies.txt, transposed_report_misassemblies.tsv, and transposed_report_misassemblies.tex
  Creating total report...
    saved to /scratch/yazanalq/Assignment-1---Binf6110/output_files/quast_polished/contigs_reports/unaligned_report.txt, unaligned_report.tsv, and unaligned_report.tex
  Drawing misassemblies by types plot...
    saved to /scratch/yazanalq/Assignment-1---Binf6110/output_files/quast_polished/contigs_reports/misassemblies_plot.pdf
  Drawing misassemblies FRCurve plot...
    saved to /scratch/yazanalq/Assignment-1---Binf6110/output_files/quast_polished/contigs_reports/misassemblies_frcurve_plot.pdf
Done.

2026-02-08 19:21:00
Running NA-NGA calculation...
  consensus, Largest alignment = 953687, NA50 = 460926, NGA50 = 460926, LA50 = 4, LGA50 = 4
  Drawing cumulative plot...
    saved to /scratch/yazanalq/Assignment-1---Binf6110/output_files/quast_polished/aligned_stats/cumulative_plot.pdf
  Drawing NAx plot...
    saved to /scratch/yazanalq/Assignment-1---Binf6110/output_files/quast_polished/aligned_stats/NAx_plot.pdf
  Drawing NGAx plot...
    saved to /scratch/yazanalq/Assignment-1---Binf6110/output_files/quast_polished/aligned_stats/NGAx_plot.pdf
Done.

2026-02-08 19:21:01
Running Genome analyzer...
  NOTICE: No file with genomic features were provided. Use the --features option if you want to specify it.

  NOTICE: No file with operons were provided. Use the -O option if you want to specify it.
  consensus
  Analysis is finished.
  Skipping drawing Genome fraction, % histogram... (less than 2 columns histogram makes no sense)
Done.

NOTICE: Genes are not predicted by default. Use --gene-finding or --glimmer option to enable it.

2026-02-08 19:21:02
Creating large visual summaries...
This may take a while: press Ctrl-C to skip this step..
  1 of 2: Creating PDF with all tables and plots...
  2 of 2: Creating Icarus viewers...
Done

2026-02-08 19:21:04
RESULTS:
  Text versions of total report are saved to /scratch/yazanalq/Assignment-1---Binf6110/output_files/quast_polished/report.txt, report.tsv, and report.tex
  Text versions of transposed total report are saved to /scratch/yazanalq/Assignment-1---Binf6110/output_files/quast_polished/transposed_report.txt, transposed_report.tsv, and transposed_report.tex
  HTML version (interactive tables and plots) is saved to /scratch/yazanalq/Assignment-1---Binf6110/output_files/quast_polished/report.html
  PDF version (tables and plots) is saved to /scratch/yazanalq/Assignment-1---Binf6110/output_files/quast_polished/report.pdf
  Icarus (contig browser) is saved to /scratch/yazanalq/Assignment-1---Binf6110/output_files/quast_polished/icarus.html
  Log is saved to /scratch/yazanalq/Assignment-1---Binf6110/output_files/quast_polished/quast.log

Finished: 2026-02-08 19:21:04
Elapsed time: 0:00:13.503434
NOTICEs: 4; WARNINGs: 0; non-fatal ERRORs: 0

Thank you for using QUAST!
