/usr/local/bin/quast.py output_files/flye_assembly/assembly.fasta -r input_data/reference_fasta.fna -o output_files/quast_raw --threads 8

Version: 5.2.0

System information:
  OS: Linux-5.14.0-611.24.1.el9_7.x86_64-x86_64-with-glibc2.28 (linux_64)
  Python version: 3.9.13
  CPUs number: 64

Started: 2026-02-08 19:20:49

Logging to /scratch/yazanalq/Assignment-1---Binf6110/output_files/quast_raw/quast.log
NOTICE: Output directory already exists and looks like a QUAST output dir. Existing results can be reused (e.g. previously generated alignments)!

CWD: /scratch/yazanalq/Assignment-1---Binf6110
Main parameters: 
  MODE: default, threads: 8, min contig length: 500, min alignment length: 65, min alignment IDY: 95.0, \
  ambiguity: one, min local misassembly length: 200, min extensive misassembly length: 1000

Reference:
  /scratch/yazanalq/Assignment-1---Binf6110/input_data/reference_fasta.fna ==> reference_fasta

Contigs:
  Pre-processing...
  output_files/flye_assembly/assembly.fasta ==> assembly

2026-02-08 19:20:52
Running Basic statistics processor...
  Reference genome:
    reference_fasta.fna, length = 4951383, num fragments = 2, GC % = 52.24
  Contig files: 
    assembly
  Calculating N50 and L50...
    assembly, N50 = 3318776, L50 = 1, auN = 2710992.5, Total length = 5105879, GC % = 52.20, # N's per 100 kbp =  0.00
  Drawing Nx plot...
    saved to /scratch/yazanalq/Assignment-1---Binf6110/output_files/quast_raw/basic_stats/Nx_plot.pdf
  Drawing NGx plot...
    saved to /scratch/yazanalq/Assignment-1---Binf6110/output_files/quast_raw/basic_stats/NGx_plot.pdf
  Drawing cumulative plot...
    saved to /scratch/yazanalq/Assignment-1---Binf6110/output_files/quast_raw/basic_stats/cumulative_plot.pdf
  Drawing GC content plot...
    saved to /scratch/yazanalq/Assignment-1---Binf6110/output_files/quast_raw/basic_stats/GC_content_plot.pdf
  Drawing assembly GC content plot...
    saved to /scratch/yazanalq/Assignment-1---Binf6110/output_files/quast_raw/basic_stats/assembly_GC_content_plot.pdf
Done.

2026-02-08 19:20:54
Running Contig analyzer...
  assembly
  Logging to files /scratch/yazanalq/Assignment-1---Binf6110/output_files/quast_raw/contigs_reports/contigs_report_assembly.stdout and contigs_report_assembly.stderr...
  Using existing alignments... 
  Analysis is finished.

  Creating total report...
    saved to /scratch/yazanalq/Assignment-1---Binf6110/output_files/quast_raw/contigs_reports/misassemblies_report.txt, misassemblies_report.tsv, and misassemblies_report.tex
  Transposed version of total report...
    saved to /scratch/yazanalq/Assignment-1---Binf6110/output_files/quast_raw/contigs_reports/transposed_report_misassemblies.txt, transposed_report_misassemblies.tsv, and transposed_report_misassemblies.tex
  Creating total report...
    saved to /scratch/yazanalq/Assignment-1---Binf6110/output_files/quast_raw/contigs_reports/unaligned_report.txt, unaligned_report.tsv, and unaligned_report.tex
  Drawing misassemblies by types plot...
    saved to /scratch/yazanalq/Assignment-1---Binf6110/output_files/quast_raw/contigs_reports/misassemblies_plot.pdf
  Drawing misassemblies FRCurve plot...
    saved to /scratch/yazanalq/Assignment-1---Binf6110/output_files/quast_raw/contigs_reports/misassemblies_frcurve_plot.pdf
Done.

2026-02-08 19:20:56
Running NA-NGA calculation...
  assembly, Largest alignment = 953687, NA50 = 460926, NGA50 = 460926, LA50 = 4, LGA50 = 4
  Drawing cumulative plot...
    saved to /scratch/yazanalq/Assignment-1---Binf6110/output_files/quast_raw/aligned_stats/cumulative_plot.pdf
  Drawing NAx plot...
    saved to /scratch/yazanalq/Assignment-1---Binf6110/output_files/quast_raw/aligned_stats/NAx_plot.pdf
  Drawing NGAx plot...
    saved to /scratch/yazanalq/Assignment-1---Binf6110/output_files/quast_raw/aligned_stats/NGAx_plot.pdf
Done.

2026-02-08 19:20:57
Running Genome analyzer...
  NOTICE: No file with genomic features were provided. Use the --features option if you want to specify it.

  NOTICE: No file with operons were provided. Use the -O option if you want to specify it.
  assembly
  Analysis is finished.
  Skipping drawing Genome fraction, % histogram... (less than 2 columns histogram makes no sense)
Done.

NOTICE: Genes are not predicted by default. Use --gene-finding or --glimmer option to enable it.

2026-02-08 19:20:59
Creating large visual summaries...
This may take a while: press Ctrl-C to skip this step..
  1 of 2: Creating PDF with all tables and plots...
  2 of 2: Creating Icarus viewers...
Done

2026-02-08 19:21:00
RESULTS:
  Text versions of total report are saved to /scratch/yazanalq/Assignment-1---Binf6110/output_files/quast_raw/report.txt, report.tsv, and report.tex
  Text versions of transposed total report are saved to /scratch/yazanalq/Assignment-1---Binf6110/output_files/quast_raw/transposed_report.txt, transposed_report.tsv, and transposed_report.tex
  HTML version (interactive tables and plots) is saved to /scratch/yazanalq/Assignment-1---Binf6110/output_files/quast_raw/report.html
  PDF version (tables and plots) is saved to /scratch/yazanalq/Assignment-1---Binf6110/output_files/quast_raw/report.pdf
  Icarus (contig browser) is saved to /scratch/yazanalq/Assignment-1---Binf6110/output_files/quast_raw/icarus.html
  Log is saved to /scratch/yazanalq/Assignment-1---Binf6110/output_files/quast_raw/quast.log

Finished: 2026-02-08 19:21:00
Elapsed time: 0:00:11.225984
NOTICEs: 4; WARNINGs: 0; non-fatal ERRORs: 0

Thank you for using QUAST!
