A	C	G	T	N	IUPAC	Other	GC	GC_stdev
0.2390	0.2613	0.2607	0.2390	0.0000	0.0000	0.0000	0.5220	0.0039

Main genome scaffold total:         	3
Main genome contig total:           	3
Main genome scaffold sequence total:	5105879
Main genome contig sequence total:  	5105879  	0.000% gap
Main genome scaffold N/L50:         	1/3318776
Main genome contig N/L50:           	1/3318776
Main genome scaffold N/L90:         	2/1678044
Main genome contig N/L90:           	2/1678044
Max scaffold length:                	3318776
Max contig length:                  	3318776
Number of scaffolds > 50 KB:        	3
% main genome in scaffolds > 50 KB: 	100.00%


Minimum 	Number        	Number        	Total         	Total         	Scaffold
Scaffold	of            	of            	Scaffold      	Contig        	Contig  
Length  	Scaffolds     	Contigs       	Length        	Length        	Coverage
--------	--------------	--------------	--------------	--------------	--------
    All 	             3	             3	       5105879	       5105879	 100.00%
 100000 	             3	             3	       5105879	       5105879	 100.00%
 250000 	             2	             2	       4996820	       4996820	 100.00%
 500000 	             2	             2	       4996820	       4996820	 100.00%
1000000 	             2	             2	       4996820	       4996820	 100.00%
2500000 	             1	             1	       3318776	       3318776	 100.00%

