#                                                                                  --- full sequence --- -------------- this domain -------------   hmm coord   ali coord   env coord
# target name              accession   tlen query name           accession   qlen   E-value  score  bias   #  of  c-Evalue  i-Evalue  score  bias  from    to  from    to  from    to  acc description of target
#      ------------------- ---------- ----- -------------------- ---------- ----- --------- ------ ----- --- --- --------- --------- ------ ----- ----- ----- ----- ----- ----- ----- ---- ---------------------
contig_3:1062122-1063228|+ -            369 1054741at2           -            333  3.1e-137  455.1   0.0   1   1  4.4e-140  3.5e-137  454.9   0.0     3   331     5   363     3   365 0.94 contig_3_1044 # 1062122 # 1063228 # 1 # ID=3_1044;partial=00;start_type=ATG;rbs_motif=GGA/GAG/AGG;rbs_spacer=5-10bp;gc_cont=0.543
contig_2:1402982-1404559|+ -            526 1054741at2           -            333   1.1e-06   25.9   0.1   1   2     3e-09   2.4e-06   24.9   0.0     4    37   228   262   226   294 0.87 contig_2_1317 # 1402982 # 1404559 # 1 # ID=2_1317;partial=00;start_type=ATG;rbs_motif=GGA/GAG/AGG;rbs_spacer=5-10bp;gc_cont=0.559
contig_2:1402982-1404559|+ -            526 1054741at2           -            333   1.1e-06   25.9   0.1   2   2       1.5   1.2e+03   -3.8   0.0   158   174   374   390   370   392 0.82 contig_2_1317 # 1402982 # 1404559 # 1 # ID=2_1317;partial=00;start_type=ATG;rbs_motif=GGA/GAG/AGG;rbs_spacer=5-10bp;gc_cont=0.559
contig_3:1856143-1857591|- -            483 1054741at2           -            333    0.0021   15.2   0.1   1   2   1.9e-05     0.015   12.4   0.0     4    38   178   212   176   245 0.87 contig_3_1795 # 1856143 # 1857591 # -1 # ID=3_1795;partial=00;start_type=ATG;rbs_motif=None;rbs_spacer=None;gc_cont=0.524
contig_3:1856143-1857591|- -            483 1054741at2           -            333    0.0021   15.2   0.1   2   2      0.17   1.4e+02   -0.6   0.0    30    66   247   283   231   287 0.86 contig_3_1795 # 1856143 # 1857591 # -1 # ID=3_1795;partial=00;start_type=ATG;rbs_motif=None;rbs_spacer=None;gc_cont=0.524
contig_3:1823093-1823788|+ -            232 1054741at2           -            333    0.0039   14.3   0.1   1   1   6.6e-06    0.0053   13.9   0.1     4    66     2    57     1    77 0.82 contig_3_1765 # 1823093 # 1823788 # 1 # ID=3_1765;partial=00;start_type=ATG;rbs_motif=AGGA;rbs_spacer=5-10bp;gc_cont=0.532
contig_2:469140-470114|-   -            325 1054741at2           -            333      0.04   11.0   0.2   1   1   7.1e-05     0.057   10.5   0.2     5    34   150   178   146   203 0.83 contig_2_439 # 469140 # 470114 # -1 # ID=2_439;partial=00;start_type=ATG;rbs_motif=GGAG/GAGG;rbs_spacer=5-10bp;gc_cont=0.571
contig_3:2073759-2075051|- -            431 1054741at2           -            333     0.061   10.4   0.0   1   1   0.00011     0.086    9.9   0.0     3    67    13    77    11    83 0.78 contig_3_2002 # 2073759 # 2075051 # -1 # ID=3_2002;partial=00;start_type=ATG;rbs_motif=None;rbs_spacer=None;gc_cont=0.587
#
# Program:         hmmsearch
# Version:         3.1b2 (February 2015)
# Pipeline mode:   SEARCH
# Query file:      busco_downloads/bacteria_odb10/hmms/1054741at2.hmm
# Target file:     output_files/busco_polished/prodigal_output/predicted_genes/predicted.faa
# Option settings: hmmsearch --domtblout output_files/busco_polished/run_bacteria_odb10/hmmer_output/1054741at2.out --cpu 1 busco_downloads/bacteria_odb10/hmms/1054741at2.hmm output_files/busco_polished/prodigal_output/predicted_genes/predicted.faa 
# Current dir:     /scratch/yazanalq/Assignment-1---Binf6110
# Date:            Sun Feb  8 19:21:23 2026
# [ok]
