#                                                                                  --- full sequence --- -------------- this domain -------------   hmm coord   ali coord   env coord
# target name              accession   tlen query name           accession   qlen   E-value  score  bias   #  of  c-Evalue  i-Evalue  score  bias  from    to  from    to  from    to  acc description of target
#      ------------------- ---------- ----- -------------------- ---------- ----- --------- ------ ----- --- --- --------- --------- ------ ----- ----- ----- ----- ----- ----- ----- ---- ---------------------
contig_2:1201491-1203152|- -            554 1074831at2           -            386   8.9e-91  302.9  41.1   1   5   8.1e-24   2.2e-21   74.5   0.6     1    60     1    62     1    74 0.90 contig_2_1143 # 1201491 # 1203152 # -1 # ID=2_1143;partial=00;start_type=ATG;rbs_motif=AGGA;rbs_spacer=5-10bp;gc_cont=0.548
contig_2:1201491-1203152|- -            554 1074831at2           -            386   8.9e-91  302.9  41.1   2   5   3.2e-19   8.7e-17   59.4   0.4    64   133    89   163    80   177 0.84 contig_2_1143 # 1201491 # 1203152 # -1 # ID=2_1143;partial=00;start_type=ATG;rbs_motif=AGGA;rbs_spacer=5-10bp;gc_cont=0.548
contig_2:1201491-1203152|- -            554 1074831at2           -            386   8.9e-91  302.9  41.1   3   5   1.8e-07   4.9e-05   20.7   2.9   126   180   176   232   170   253 0.86 contig_2_1143 # 1201491 # 1203152 # -1 # ID=2_1143;partial=00;start_type=ATG;rbs_motif=AGGA;rbs_spacer=5-10bp;gc_cont=0.548
contig_2:1201491-1203152|- -            554 1074831at2           -            386   8.9e-91  302.9  41.1   4   5   7.2e-07   0.00019   18.7   8.5   164   266   262   384   247   388 0.75 contig_2_1143 # 1201491 # 1203152 # -1 # ID=2_1143;partial=00;start_type=ATG;rbs_motif=AGGA;rbs_spacer=5-10bp;gc_cont=0.548
contig_2:1201491-1203152|- -            554 1074831at2           -            386   8.9e-91  302.9  41.1   5   5   1.9e-45     5e-43  145.7   2.0   266   386   407   552   401   552 0.84 contig_2_1143 # 1201491 # 1203152 # -1 # ID=2_1143;partial=00;start_type=ATG;rbs_motif=AGGA;rbs_spacer=5-10bp;gc_cont=0.548
contig_2:65954-67144|-     -            397 1074831at2           -            386   3.9e-06   24.3   0.3   1   3   2.5e-05    0.0068   13.6   0.0     3    44     4    47     2    49 0.90 contig_2_67 # 65954 # 67144 # -1 # ID=2_67;partial=00;start_type=ATG;rbs_motif=GGAG/GAGG;rbs_spacer=5-10bp;gc_cont=0.496
contig_2:65954-67144|-     -            397 1074831at2           -            386   3.9e-06   24.3   0.3   2   3       1.2   3.2e+02   -1.7   0.1   239   279   219   263   203   272 0.49 contig_2_67 # 65954 # 67144 # -1 # ID=2_67;partial=00;start_type=ATG;rbs_motif=GGAG/GAGG;rbs_spacer=5-10bp;gc_cont=0.496
contig_2:65954-67144|-     -            397 1074831at2           -            386   3.9e-06   24.3   0.3   3   3    0.0018      0.47    7.6   0.1   310   372   316   384   308   391 0.78 contig_2_67 # 65954 # 67144 # -1 # ID=2_67;partial=00;start_type=ATG;rbs_motif=GGAG/GAGG;rbs_spacer=5-10bp;gc_cont=0.496
contig_3:3289958-3291031|+ -            358 1074831at2           -            386   8.4e-06   23.2   0.0   1   1   6.7e-08   1.8e-05   22.1   0.0     2    53     3    56     2    78 0.83 contig_3_3104 # 3289958 # 3291031 # 1 # ID=3_3104;partial=00;start_type=ATG;rbs_motif=3Base/5BMM;rbs_spacer=13-15bp;gc_cont=0.547
contig_3:22971-24560|-     -            530 1074831at2           -            386   2.9e-05   21.4   1.7   1   4     0.064        17    2.4   0.0    24    37    39    52    18    61 0.74 contig_3_24 # 22971 # 24560 # -1 # ID=3_24;partial=00;start_type=ATG;rbs_motif=AGxAGG/AGGxGG;rbs_spacer=5-10bp;gc_cont=0.567
contig_3:22971-24560|-     -            530 1074831at2           -            386   2.9e-05   21.4   1.7   2   4   1.7e-05    0.0044   14.2   0.1   279   343   146   217    84   238 0.72 contig_3_24 # 22971 # 24560 # -1 # ID=3_24;partial=00;start_type=ATG;rbs_motif=AGxAGG/AGGxGG;rbs_spacer=5-10bp;gc_cont=0.567
contig_3:22971-24560|-     -            530 1074831at2           -            386   2.9e-05   21.4   1.7   3   4      0.54   1.5e+02   -0.6   0.1    25    36   317   328   300   343 0.83 contig_3_24 # 22971 # 24560 # -1 # ID=3_24;partial=00;start_type=ATG;rbs_motif=AGxAGG/AGGxGG;rbs_spacer=5-10bp;gc_cont=0.567
contig_3:22971-24560|-     -            530 1074831at2           -            386   2.9e-05   21.4   1.7   4   4      0.26        70    0.4   0.0   290   316   426   452   408   476 0.84 contig_3_24 # 22971 # 24560 # -1 # ID=3_24;partial=00;start_type=ATG;rbs_motif=AGxAGG/AGGxGG;rbs_spacer=5-10bp;gc_cont=0.567
contig_3:2815842-2818667|+ -            942 1074831at2           -            386   2.9e-05   21.4   0.9   1   4      0.16        43    1.1   0.0    21    36    25    40    10    60 0.76 contig_3_2660 # 2815842 # 2818667 # 1 # ID=3_2660;partial=00;start_type=ATG;rbs_motif=GGA/GAG/AGG;rbs_spacer=5-10bp;gc_cont=0.571
contig_3:2815842-2818667|+ -            942 1074831at2           -            386   2.9e-05   21.4   0.9   2   4    0.0017      0.46    7.6   0.1   245   306   447   503   439   560 0.78 contig_3_2660 # 2815842 # 2818667 # 1 # ID=3_2660;partial=00;start_type=ATG;rbs_motif=GGA/GAG/AGG;rbs_spacer=5-10bp;gc_cont=0.571
contig_3:2815842-2818667|+ -            942 1074831at2           -            386   2.9e-05   21.4   0.9   3   4     0.012       3.1    4.9   0.1    22    38   635   651   625   665 0.82 contig_3_2660 # 2815842 # 2818667 # 1 # ID=3_2660;partial=00;start_type=ATG;rbs_motif=GGA/GAG/AGG;rbs_spacer=5-10bp;gc_cont=0.571
contig_3:2815842-2818667|+ -            942 1074831at2           -            386   2.9e-05   21.4   0.9   4   4     0.076        20    2.2   0.0   285   320   825   863   820   899 0.76 contig_3_2660 # 2815842 # 2818667 # 1 # ID=3_2660;partial=00;start_type=ATG;rbs_motif=GGA/GAG/AGG;rbs_spacer=5-10bp;gc_cont=0.571
contig_3:1767621-1768307|- -            229 1074831at2           -            386     3e-05   21.4   0.0   1   2     0.011       2.9    5.0   0.1    24    41    40    57    29    86 0.83 contig_3_1712 # 1767621 # 1768307 # -1 # ID=3_1712;partial=00;start_type=ATG;rbs_motif=AGGA;rbs_spacer=5-10bp;gc_cont=0.590
contig_3:1767621-1768307|- -            229 1074831at2           -            386     3e-05   21.4   0.0   2   2   1.3e-05    0.0036   14.6   0.0   279   355   136   219   110   228 0.81 contig_3_1712 # 1767621 # 1768307 # -1 # ID=3_1712;partial=00;start_type=ATG;rbs_motif=AGGA;rbs_spacer=5-10bp;gc_cont=0.590
contig_3:658754-659485|-   -            244 1074831at2           -            386   3.3e-05   21.2   0.2   1   2     0.061        16    2.5   0.0    21    40    30    49    16    54 0.82 contig_3_647 # 658754 # 659485 # -1 # ID=3_647;partial=00;start_type=ATG;rbs_motif=GGAG/GAGG;rbs_spacer=5-10bp;gc_cont=0.434
contig_3:658754-659485|-   -            244 1074831at2           -            386   3.3e-05   21.2   0.2   2   2   3.6e-06   0.00096   16.4   0.0   288   346   137   201   123   218 0.85 contig_3_647 # 658754 # 659485 # -1 # ID=3_647;partial=00;start_type=ATG;rbs_motif=GGAG/GAGG;rbs_spacer=5-10bp;gc_cont=0.434
contig_3:1372420-1373148|+ -            243 1074831at2           -            386   0.00018   18.8   0.3   1   2    0.0049       1.3    6.1   0.0    24    45    32    53    27    82 0.88 contig_3_1339 # 1372420 # 1373148 # 1 # ID=3_1339;partial=00;start_type=ATG;rbs_motif=GGA/GAG/AGG;rbs_spacer=5-10bp;gc_cont=0.536
contig_3:1372420-1373148|+ -            243 1074831at2           -            386   0.00018   18.8   0.3   2   2   0.00018     0.049   10.8   0.1   290   351   142   209   133   220 0.77 contig_3_1339 # 1372420 # 1373148 # 1 # ID=3_1339;partial=00;start_type=ATG;rbs_motif=GGA/GAG/AGG;rbs_spacer=5-10bp;gc_cont=0.536
contig_3:396608-397363|-   -            252 1074831at2           -            386   0.00029   18.1   0.2   1   2     0.088        24    2.0   0.1    24    38    34    48    19    59 0.79 contig_3_394 # 396608 # 397363 # -1 # ID=3_394;partial=00;start_type=ATG;rbs_motif=None;rbs_spacer=None;gc_cont=0.533
contig_3:396608-397363|-   -            252 1074831at2           -            386   0.00029   18.1   0.2   2   2   1.8e-05    0.0048   14.1   0.0   287   351   118   190   103   197 0.76 contig_3_394 # 396608 # 397363 # -1 # ID=3_394;partial=00;start_type=ATG;rbs_motif=None;rbs_spacer=None;gc_cont=0.533
contig_3:1343567-1345288|+ -            574 1074831at2           -            386   0.00062   17.1   0.9   1   3       4.5   1.2e+03   -3.7   0.4   116   132   213   229   186   250 0.36 contig_3_1313 # 1343567 # 1345288 # 1 # ID=3_1313;partial=00;start_type=ATG;rbs_motif=AGGAG;rbs_spacer=5-10bp;gc_cont=0.570
contig_3:1343567-1345288|+ -            574 1074831at2           -            386   0.00062   17.1   0.9   2   3     0.063        17    2.5   0.0    25    50   371   396   361   420 0.71 contig_3_1313 # 1343567 # 1345288 # 1 # ID=3_1313;partial=00;start_type=ATG;rbs_motif=AGGAG;rbs_spacer=5-10bp;gc_cont=0.570
contig_3:1343567-1345288|+ -            574 1074831at2           -            386   0.00062   17.1   0.9   3   3   5.3e-05     0.014   12.6   0.0   288   342   473   532   465   550 0.82 contig_3_1313 # 1343567 # 1345288 # 1 # ID=3_1313;partial=00;start_type=ATG;rbs_motif=AGGAG;rbs_spacer=5-10bp;gc_cont=0.570
contig_2:788182-789162|+   -            327 1074831at2           -            386    0.0011   16.2   0.0   1   1   6.7e-06    0.0018   15.5   0.0    18    62   118   163   106   180 0.78 contig_2_753 # 788182 # 789162 # 1 # ID=2_753;partial=00;start_type=ATG;rbs_motif=GGAG/GAGG;rbs_spacer=5-10bp;gc_cont=0.573
contig_3:1771583-1772260|- -            226 1074831at2           -            386    0.0042   14.3   0.2   1   2    0.0036      0.96    6.6   0.1    21    42    34    55    18    72 0.83 contig_3_1717 # 1771583 # 1772260 # -1 # ID=3_1717;partial=00;start_type=ATG;rbs_motif=GGA/GAG/AGG;rbs_spacer=5-10bp;gc_cont=0.473
contig_3:1771583-1772260|- -            226 1074831at2           -            386    0.0042   14.3   0.2   2   2    0.0056       1.5    5.9   0.0   288   334   136   182   126   219 0.73 contig_3_1717 # 1771583 # 1772260 # -1 # ID=3_1717;partial=00;start_type=ATG;rbs_motif=GGA/GAG/AGG;rbs_spacer=5-10bp;gc_cont=0.473
contig_3:547180-548187|+   -            336 1074831at2           -            386    0.0044   14.2   0.6   1   2    0.0084       2.2    5.3   0.1    25   119    52   151    39   162 0.70 contig_3_539 # 547180 # 548187 # 1 # ID=3_539;partial=00;start_type=ATG;rbs_motif=AGGAG;rbs_spacer=5-10bp;gc_cont=0.525
contig_3:547180-548187|+   -            336 1074831at2           -            386    0.0044   14.2   0.6   2   2    0.0016      0.44    7.7   0.0   283   354   160   239   153   250 0.72 contig_3_539 # 547180 # 548187 # 1 # ID=3_539;partial=00;start_type=ATG;rbs_motif=AGGAG;rbs_spacer=5-10bp;gc_cont=0.525
contig_3:1355242-1357188|- -            649 1074831at2           -            386    0.0064   13.7   3.7   1   2     0.066        18    2.4   0.3    12    43    23    57    19   103 0.79 contig_3_1325 # 1355242 # 1357188 # -1 # ID=3_1325;partial=00;start_type=ATG;rbs_motif=AGGAG;rbs_spacer=5-10bp;gc_cont=0.545
contig_3:1355242-1357188|- -            649 1074831at2           -            386    0.0064   13.7   3.7   2   2   0.00011     0.029   11.5   0.2   290   356   145   217   136   222 0.77 contig_3_1325 # 1355242 # 1357188 # -1 # ID=3_1325;partial=00;start_type=ATG;rbs_motif=AGGAG;rbs_spacer=5-10bp;gc_cont=0.545
contig_2:278413-279081|+   -            223 1074831at2           -            386     0.016   12.4   0.0   1   2   0.00048      0.13    9.4   0.0    22    38    30    46    23    87 0.87 contig_2_249 # 278413 # 279081 # 1 # ID=2_249;partial=00;start_type=ATG;rbs_motif=GGAG/GAGG;rbs_spacer=5-10bp;gc_cont=0.561
contig_2:278413-279081|+   -            223 1074831at2           -            386     0.016   12.4   0.0   2   2      0.22        58    0.7   0.0   290   315   138   163   129   167 0.83 contig_2_249 # 278413 # 279081 # 1 # ID=2_249;partial=00;start_type=ATG;rbs_motif=GGAG/GAGG;rbs_spacer=5-10bp;gc_cont=0.561
contig_3:1359396-1361054|- -            553 1074831at2           -            386     0.021   12.0   0.0   1   1   0.00019      0.05   10.8   0.0     2    45     3    47     2    56 0.88 contig_3_1328 # 1359396 # 1361054 # -1 # ID=3_1328;partial=00;start_type=ATG;rbs_motif=GGAGG;rbs_spacer=3-4bp;gc_cont=0.556
contig_2:813401-814078|-   -            226 1074831at2           -            386     0.036   11.3   0.0   1   2      0.14        38    1.3   0.0    21    36    29    44    21    50 0.86 contig_2_776 # 813401 # 814078 # -1 # ID=2_776;partial=00;start_type=ATG;rbs_motif=GGAG/GAGG;rbs_spacer=5-10bp;gc_cont=0.558
contig_2:813401-814078|-   -            226 1074831at2           -            386     0.036   11.3   0.0   2   2    0.0015       0.4    7.8   0.0   289   316   142   169   125   188 0.84 contig_2_776 # 813401 # 814078 # -1 # ID=2_776;partial=00;start_type=ATG;rbs_motif=GGAG/GAGG;rbs_spacer=5-10bp;gc_cont=0.558
contig_2:1172834-1174117|- -            428 1074831at2           -            386     0.087   10.0   7.0   1   2      0.01       2.7    5.1   6.2     2    49     3    53     2   244 0.78 contig_2_1127 # 1172834 # 1174117 # -1 # ID=2_1127;partial=00;start_type=ATG;rbs_motif=GGA/GAG/AGG;rbs_spacer=5-10bp;gc_cont=0.280
contig_2:1172834-1174117|- -            428 1074831at2           -            386     0.087   10.0   7.0   2   2       1.2   3.3e+02   -1.8   0.0   335   345   395   405   317   408 0.65 contig_2_1127 # 1172834 # 1174117 # -1 # ID=2_1127;partial=00;start_type=ATG;rbs_motif=GGA/GAG/AGG;rbs_spacer=5-10bp;gc_cont=0.280
#
# Program:         hmmsearch
# Version:         3.1b2 (February 2015)
# Pipeline mode:   SEARCH
# Query file:      busco_downloads/bacteria_odb10/hmms/1074831at2.hmm
# Target file:     output_files/busco_polished/prodigal_output/predicted_genes/predicted.faa
# Option settings: hmmsearch --domtblout output_files/busco_polished/run_bacteria_odb10/hmmer_output/1074831at2.out --cpu 1 busco_downloads/bacteria_odb10/hmms/1074831at2.hmm output_files/busco_polished/prodigal_output/predicted_genes/predicted.faa 
# Current dir:     /scratch/yazanalq/Assignment-1---Binf6110
# Date:            Sun Feb  8 19:21:24 2026
# [ok]
