#                                                                                  --- full sequence --- -------------- this domain -------------   hmm coord   ali coord   env coord
# target name              accession   tlen query name           accession   qlen   E-value  score  bias   #  of  c-Evalue  i-Evalue  score  bias  from    to  from    to  from    to  acc description of target
#      ------------------- ---------- ----- -------------------- ---------- ----- --------- ------ ----- --- --- --------- --------- ------ ----- ----- ----- ----- ----- ----- ----- ---- ---------------------
contig_2:83432-84055|-     -            208 1502854at2           -            192   3.6e-84  279.2   0.1   1   1   4.5e-86   4.2e-84  279.0   0.1     4   190     2   189     1   193 0.98 contig_2_79 # 83432 # 84055 # -1 # ID=2_79;partial=00;start_type=ATG;rbs_motif=None;rbs_spacer=None;gc_cont=0.497
contig_2:1374434-1375906|+ -            491 1502854at2           -            192   1.6e-05   22.7   0.3   1   3     0.015       1.4    6.6   0.0     8    57     4    55     1    74 0.84 contig_2_1308 # 1374434 # 1375906 # 1 # ID=2_1308;partial=00;start_type=ATG;rbs_motif=GGAG/GAGG;rbs_spacer=5-10bp;gc_cont=0.547
contig_2:1374434-1375906|+ -            491 1502854at2           -            192   1.6e-05   22.7   0.3   2   3   0.00029     0.027   12.1   0.0    11    80   207   278   203   302 0.84 contig_2_1308 # 1374434 # 1375906 # 1 # ID=2_1308;partial=00;start_type=ATG;rbs_motif=GGAG/GAGG;rbs_spacer=5-10bp;gc_cont=0.547
contig_2:1374434-1375906|+ -            491 1502854at2           -            192   1.6e-05   22.7   0.3   3   3       2.3   2.2e+02   -0.6   0.0     8    42   350   386   348   388 0.75 contig_2_1308 # 1374434 # 1375906 # 1 # ID=2_1308;partial=00;start_type=ATG;rbs_motif=GGAG/GAGG;rbs_spacer=5-10bp;gc_cont=0.547
contig_3:1230908-1232815|- -            636 1502854at2           -            192   6.8e-05   20.6   0.2   1   3    0.0082      0.78    7.4   0.0     9    29    32    52    27    60 0.85 contig_3_1211 # 1230908 # 1232815 # -1 # ID=3_1211;partial=00;start_type=ATG;rbs_motif=AGGA;rbs_spacer=5-10bp;gc_cont=0.528
contig_3:1230908-1232815|- -            636 1502854at2           -            192   6.8e-05   20.6   0.2   2   3       2.9   2.7e+02   -0.9   0.0    80   100   300   320   278   338 0.78 contig_3_1211 # 1230908 # 1232815 # -1 # ID=3_1211;partial=00;start_type=ATG;rbs_motif=AGGA;rbs_spacer=5-10bp;gc_cont=0.528
contig_3:1230908-1232815|- -            636 1502854at2           -            192   6.8e-05   20.6   0.2   3   3    0.0032       0.3    8.7   0.0     5    29   344   368   340   379 0.84 contig_3_1211 # 1230908 # 1232815 # -1 # ID=3_1211;partial=00;start_type=ATG;rbs_motif=AGGA;rbs_spacer=5-10bp;gc_cont=0.528
contig_3:1438727-1439449|+ -            241 1502854at2           -            192   0.00017   19.4   0.0   1   1   4.1e-06   0.00038   18.2   0.0     4    28    25    49    23    56 0.87 contig_3_1405 # 1438727 # 1439449 # 1 # ID=3_1405;partial=00;start_type=GTG;rbs_motif=AGGA;rbs_spacer=5-10bp;gc_cont=0.523
contig_3:1450497-1452233|+ -            579 1502854at2           -            192   0.00027   18.7   0.5   1   2    0.0039      0.36    8.5   0.1     6    27    33    54    30    60 0.86 contig_3_1415 # 1450497 # 1452233 # 1 # ID=3_1415;partial=00;start_type=ATG;rbs_motif=GGAG/GAGG;rbs_spacer=5-10bp;gc_cont=0.558
contig_3:1450497-1452233|+ -            579 1502854at2           -            192   0.00027   18.7   0.5   2   2    0.0055      0.52    8.0   0.0     4    26   353   375   351   378 0.90 contig_3_1415 # 1450497 # 1452233 # 1 # ID=3_1415;partial=00;start_type=ATG;rbs_motif=GGAG/GAGG;rbs_spacer=5-10bp;gc_cont=0.558
contig_3:1607411-1608136|+ -            242 1502854at2           -            192    0.0003   18.5   0.1   1   1   5.2e-06   0.00049   17.8   0.1     4    27    25    48    22    58 0.88 contig_3_1560 # 1607411 # 1608136 # 1 # ID=3_1560;partial=00;start_type=ATG;rbs_motif=AGGA;rbs_spacer=5-10bp;gc_cont=0.519
contig_3:1311237-1311920|- -            228 1502854at2           -            192   0.00032   18.5   0.2   1   2     5e-05    0.0047   14.6   0.0     8    29     7    28     1    36 0.84 contig_3_1290 # 1311237 # 1311920 # -1 # ID=3_1290;partial=00;start_type=ATG;rbs_motif=AGGAG;rbs_spacer=5-10bp;gc_cont=0.557
contig_3:1311237-1311920|- -            228 1502854at2           -            192   0.00032   18.5   0.2   2   2      0.51        48    1.5   0.1   115   154   138   177   134   222 0.77 contig_3_1290 # 1311237 # 1311920 # -1 # ID=3_1290;partial=00;start_type=ATG;rbs_motif=AGGAG;rbs_spacer=5-10bp;gc_cont=0.557
contig_3:2815842-2818667|+ -            942 1502854at2           -            192   0.00062   17.5   0.1   1   2    0.0039      0.37    8.4   0.0     5    26    23    44    21    63 0.79 contig_3_2660 # 2815842 # 2818667 # 1 # ID=3_2660;partial=00;start_type=ATG;rbs_motif=GGA/GAG/AGG;rbs_spacer=5-10bp;gc_cont=0.571
contig_3:2815842-2818667|+ -            942 1502854at2           -            192   0.00062   17.5   0.1   2   2     0.015       1.4    6.5   0.0     6    26   633   653   631   659 0.87 contig_3_2660 # 2815842 # 2818667 # 1 # ID=3_2660;partial=00;start_type=ATG;rbs_motif=GGA/GAG/AGG;rbs_spacer=5-10bp;gc_cont=0.571
contig_3:2702192-2703943|- -            584 1502854at2           -            192   0.00076   17.2   2.3   1   3      0.72        68    1.1   0.0    10    24    12    26     8    44 0.81 contig_3_2566 # 2702192 # 2703943 # -1 # ID=3_2566;partial=00;start_type=ATG;rbs_motif=AGGAGG;rbs_spacer=3-4bp;gc_cont=0.533
contig_3:2702192-2703943|- -            584 1502854at2           -            192   0.00076   17.2   2.3   2   3       7.8   7.4e+02   -2.3   0.1   147   183   212   248   177   256 0.56 contig_3_2566 # 2702192 # 2703943 # -1 # ID=3_2566;partial=00;start_type=ATG;rbs_motif=AGGAGG;rbs_spacer=3-4bp;gc_cont=0.533
contig_3:2702192-2703943|- -            584 1502854at2           -            192   0.00076   17.2   2.3   3   3   4.8e-05    0.0045   14.7   0.0     7    44   328   365   323   367 0.90 contig_3_2566 # 2702192 # 2703943 # -1 # ID=3_2566;partial=00;start_type=ATG;rbs_motif=AGGAGG;rbs_spacer=3-4bp;gc_cont=0.533
contig_3:658754-659485|-   -            244 1502854at2           -            192   0.00079   17.2   0.0   1   1   1.3e-05    0.0012   16.5   0.0     5    29    28    52    25    61 0.85 contig_3_647 # 658754 # 659485 # -1 # ID=3_647;partial=00;start_type=ATG;rbs_motif=GGAG/GAGG;rbs_spacer=5-10bp;gc_cont=0.434
contig_3:2880532-2881641|- -            370 1502854at2           -            192   0.00084   17.1   0.2   1   2     9e-05    0.0085   13.8   0.0     6    27    29    50    26    57 0.87 contig_3_2743 # 2880532 # 2881641 # -1 # ID=3_2743;partial=00;start_type=ATG;rbs_motif=GGAG/GAGG;rbs_spacer=5-10bp;gc_cont=0.578
contig_3:2880532-2881641|- -            370 1502854at2           -            192   0.00084   17.1   0.2   2   2       1.2   1.2e+02    0.3   0.0   101   130   294   322   291   331 0.79 contig_3_2743 # 2880532 # 2881641 # -1 # ID=3_2743;partial=00;start_type=ATG;rbs_motif=GGAG/GAGG;rbs_spacer=5-10bp;gc_cont=0.578
contig_2:1126475-1130128|- -           1218 1502854at2           -            192    0.0009   17.0   1.0   1   2     0.028       2.6    5.7   0.1     6    27   367   388   364   404 0.83 contig_2_1074 # 1126475 # 1130128 # -1 # ID=2_1074;partial=00;start_type=ATG;rbs_motif=AGGAGG;rbs_spacer=3-4bp;gc_cont=0.590
contig_2:1126475-1130128|- -           1218 1502854at2           -            192    0.0009   17.0   1.0   2   2     0.003      0.28    8.8   0.1     6    26   993  1013   990  1019 0.89 contig_2_1074 # 1126475 # 1130128 # -1 # ID=2_1074;partial=00;start_type=ATG;rbs_motif=AGGAGG;rbs_spacer=3-4bp;gc_cont=0.590
contig_2:305127-305660|+   -            178 1502854at2           -            192    0.0011   16.6   0.0   1   2   0.00013     0.012   13.3   0.0     4    29     6    31     3    37 0.85 contig_2_277 # 305127 # 305660 # 1 # ID=2_277;partial=00;start_type=TTG;rbs_motif=GGxGG;rbs_spacer=5-10bp;gc_cont=0.536
contig_2:305127-305660|+   -            178 1502854at2           -            192    0.0011   16.6   0.0   2   2      0.55        52    1.4   0.0   115   142   102   127    85   172 0.69 contig_2_277 # 305127 # 305660 # 1 # ID=2_277;partial=00;start_type=TTG;rbs_motif=GGxGG;rbs_spacer=5-10bp;gc_cont=0.536
contig_2:374411-374932|+   -            174 1502854at2           -            192     0.002   15.8   1.2   1   1   6.2e-05    0.0058   14.3   1.2     6    65     4    62     1   169 0.58 contig_2_331 # 374411 # 374932 # 1 # ID=2_331;partial=00;start_type=ATG;rbs_motif=AGxAG;rbs_spacer=5-10bp;gc_cont=0.504
contig_2:1090548-1091750|- -            401 1502854at2           -            192    0.0023   15.6   0.1   1   1   6.9e-05    0.0065   14.2   0.0     5    27    53    75    50    82 0.89 contig_2_1037 # 1090548 # 1091750 # -1 # ID=2_1037;partial=00;start_type=ATG;rbs_motif=4Base/6BMM;rbs_spacer=13-15bp;gc_cont=0.505
contig_2:292590-293660|+   -            357 1502854at2           -            192    0.0031   15.2   0.5   1   3   0.00011      0.01   13.5   0.0     5    26    29    50    26    58 0.87 contig_2_264 # 292590 # 293660 # 1 # ID=2_264;partial=00;start_type=ATG;rbs_motif=GGA/GAG/AGG;rbs_spacer=5-10bp;gc_cont=0.580
contig_2:292590-293660|+   -            357 1502854at2           -            192    0.0031   15.2   0.5   2   3       6.4   6.1e+02   -2.0   0.0    79    94   100   116    63   127 0.60 contig_2_264 # 292590 # 293660 # 1 # ID=2_264;partial=00;start_type=ATG;rbs_motif=GGA/GAG/AGG;rbs_spacer=5-10bp;gc_cont=0.580
contig_2:292590-293660|+   -            357 1502854at2           -            192    0.0031   15.2   0.5   3   3       7.4     7e+02   -2.3   0.0   120   160   155   193   134   223 0.56 contig_2_264 # 292590 # 293660 # 1 # ID=2_264;partial=00;start_type=ATG;rbs_motif=GGA/GAG/AGG;rbs_spacer=5-10bp;gc_cont=0.580
contig_3:2617160-2618212|+ -            351 1502854at2           -            192    0.0033   15.1   0.0   1   1   6.2e-05    0.0059   14.3   0.0     5    31   206   232   202   254 0.86 contig_3_2482 # 2617160 # 2618212 # 1 # ID=3_2482;partial=00;start_type=TTG;rbs_motif=AGGAG;rbs_spacer=5-10bp;gc_cont=0.534
contig_3:1498632-1499408|- -            259 1502854at2           -            192    0.0034   15.1   0.0   1   1   6.8e-05    0.0065   14.2   0.0     5    27    29    51    27    58 0.90 contig_3_1463 # 1498632 # 1499408 # -1 # ID=3_1463;partial=00;start_type=ATG;rbs_motif=GGAG/GAGG;rbs_spacer=5-10bp;gc_cont=0.565
contig_3:343437-344189|+   -            251 1502854at2           -            192    0.0039   14.9   0.0   1   1   8.1e-05    0.0076   13.9   0.0     5    26    28    49    25    62 0.84 contig_3_341 # 343437 # 344189 # 1 # ID=3_341;partial=00;start_type=ATG;rbs_motif=AGGAG/GGAGG;rbs_spacer=11-12bp;gc_cont=0.548
contig_2:537370-538182|+   -            271 1502854at2           -            192    0.0042   14.8   0.1   1   1   8.6e-05    0.0081   13.8   0.1     5    26    33    54    30    62 0.89 contig_2_502 # 537370 # 538182 # 1 # ID=2_502;partial=00;start_type=ATG;rbs_motif=AGGA;rbs_spacer=5-10bp;gc_cont=0.583
contig_2:1221727-1224300|+ -            858 1502854at2           -            192    0.0052   14.5   2.1   1   3      0.28        26    2.4   0.0    10    28   203   221   195   227 0.84 contig_2_1164 # 1221727 # 1224300 # 1 # ID=2_1164;partial=00;start_type=ATG;rbs_motif=GGAGG;rbs_spacer=3-4bp;gc_cont=0.533
contig_2:1221727-1224300|+ -            858 1502854at2           -            192    0.0052   14.5   2.1   2   3       1.1     1e+02    0.4   1.3   125   160   408   450   389   482 0.65 contig_2_1164 # 1221727 # 1224300 # 1 # ID=2_1164;partial=00;start_type=ATG;rbs_motif=GGAGG;rbs_spacer=3-4bp;gc_cont=0.533
contig_2:1221727-1224300|+ -            858 1502854at2           -            192    0.0052   14.5   2.1   3   3    0.0092      0.87    7.2   0.0     9    27   601   619   598   629 0.90 contig_2_1164 # 1221727 # 1224300 # 1 # ID=2_1164;partial=00;start_type=ATG;rbs_motif=GGAGG;rbs_spacer=3-4bp;gc_cont=0.533
contig_3:1853327-1854436|+ -            370 1502854at2           -            192    0.0059   14.3   0.1   1   1   0.00012     0.012   13.3   0.1     5    26    43    64    40    69 0.89 contig_3_1792 # 1853327 # 1854436 # 1 # ID=3_1792;partial=00;start_type=ATG;rbs_motif=GGA/GAG/AGG;rbs_spacer=5-10bp;gc_cont=0.587
contig_2:1473637-1474734|+ -            366 1502854at2           -            192    0.0061   14.2   0.2   1   2   0.00016     0.015   13.0   0.0     5    27    27    49    25    90 0.87 contig_2_1384 # 1473637 # 1474734 # 1 # ID=2_1384;partial=00;start_type=ATG;rbs_motif=AGGAG;rbs_spacer=5-10bp;gc_cont=0.585
contig_2:1473637-1474734|+ -            366 1502854at2           -            192    0.0061   14.2   0.2   2   2       8.9   8.4e+02   -2.5   0.1   153   178   181   202   169   214 0.51 contig_2_1384 # 1473637 # 1474734 # 1 # ID=2_1384;partial=00;start_type=ATG;rbs_motif=AGGAG;rbs_spacer=5-10bp;gc_cont=0.585
contig_2:65954-67144|-     -            397 1502854at2           -            192      0.01   13.6   0.0   1   1   0.00026     0.024   12.3   0.0     6    27    23    44    19    48 0.90 contig_2_67 # 65954 # 67144 # -1 # ID=2_67;partial=00;start_type=ATG;rbs_motif=GGAG/GAGG;rbs_spacer=5-10bp;gc_cont=0.496
contig_3:396608-397363|-   -            252 1502854at2           -            192      0.01   13.6   0.0   1   1   0.00017     0.016   12.9   0.0     5    27    29    51    26    57 0.90 contig_3_394 # 396608 # 397363 # -1 # ID=3_394;partial=00;start_type=ATG;rbs_motif=None;rbs_spacer=None;gc_cont=0.533
contig_3:2372311-2373978|+ -            556 1502854at2           -            192     0.011   13.5   0.4   1   2      0.86        81    0.8   0.0    11    27    37    53    32    60 0.79 contig_3_2255 # 2372311 # 2373978 # 1 # ID=3_2255;partial=00;start_type=GTG;rbs_motif=AGGA/GGAG/GAGG;rbs_spacer=11-12bp;gc_cont=0.578
contig_3:2372311-2373978|+ -            556 1502854at2           -            192     0.011   13.5   0.4   2   2    0.0015      0.14    9.8   0.0     5    30   348   373   345   381 0.85 contig_3_2255 # 2372311 # 2373978 # 1 # ID=3_2255;partial=00;start_type=GTG;rbs_motif=AGGA/GGAG/GAGG;rbs_spacer=11-12bp;gc_cont=0.578
contig_3:815145-816293|+   -            383 1502854at2           -            192     0.011   13.4   0.0   1   1   0.00022     0.021   12.5   0.0     5    27    31    53    28    59 0.89 contig_3_796 # 815145 # 816293 # 1 # ID=3_796;partial=00;start_type=ATG;rbs_motif=GGA/GAG/AGG;rbs_spacer=5-10bp;gc_cont=0.531
contig_3:1372420-1373148|+ -            243 1502854at2           -            192     0.012   13.3   0.5   1   1   0.00024     0.023   12.4   0.0     6    26    28    48    25    60 0.85 contig_3_1339 # 1372420 # 1373148 # 1 # ID=3_1339;partial=00;start_type=ATG;rbs_motif=GGA/GAG/AGG;rbs_spacer=5-10bp;gc_cont=0.536
contig_3:1771583-1772260|- -            226 1502854at2           -            192     0.012   13.3   0.0   1   1   0.00024     0.023   12.4   0.0     5    27    32    54    29    65 0.83 contig_3_1717 # 1771583 # 1772260 # -1 # ID=3_1717;partial=00;start_type=ATG;rbs_motif=GGA/GAG/AGG;rbs_spacer=5-10bp;gc_cont=0.473
contig_3:3270816-3271589|+ -            258 1502854at2           -            192     0.017   12.8   0.1   1   2   0.00047     0.045   11.4   0.0     5    27    35    57    33    63 0.86 contig_3_3086 # 3270816 # 3271589 # 1 # ID=3_3086;partial=00;start_type=ATG;rbs_motif=AGGA;rbs_spacer=5-10bp;gc_cont=0.523
contig_3:3270816-3271589|+ -            258 1502854at2           -            192     0.017   12.8   0.1   2   2       9.1   8.6e+02   -2.5   0.0   157   177   198   216   189   220 0.69 contig_3_3086 # 3270816 # 3271589 # 1 # ID=3_3086;partial=00;start_type=ATG;rbs_motif=AGGA;rbs_spacer=5-10bp;gc_cont=0.523
contig_2:278413-279081|+   -            223 1502854at2           -            192     0.018   12.7   0.0   1   1   0.00034     0.032   11.9   0.0     3    26    25    48    24    59 0.89 contig_2_249 # 278413 # 279081 # 1 # ID=2_249;partial=00;start_type=ATG;rbs_motif=GGAG/GAGG;rbs_spacer=5-10bp;gc_cont=0.561
contig_3:1490530-1492005|+ -            492 1502854at2           -            192     0.018   12.7   0.1   1   2      0.29        27    2.3   0.0    10    28    33    51    27    57 0.84 contig_3_1456 # 1490530 # 1492005 # 1 # ID=3_1456;partial=00;start_type=ATG;rbs_motif=GGA/GAG/AGG;rbs_spacer=5-10bp;gc_cont=0.554
contig_3:1490530-1492005|+ -            492 1502854at2           -            192     0.018   12.7   0.1   2   2    0.0061      0.57    7.8   0.0    11    31   291   311   284   328 0.86 contig_3_1456 # 1490530 # 1492005 # 1 # ID=3_1456;partial=00;start_type=ATG;rbs_motif=GGA/GAG/AGG;rbs_spacer=5-10bp;gc_cont=0.554
contig_3:3238738-3240243|- -            502 1502854at2           -            192      0.02   12.6   0.3   1   2    0.0054      0.51    8.0   0.1     5    27    29    51    26    59 0.89 contig_3_3057 # 3238738 # 3240243 # -1 # ID=3_3057;partial=00;start_type=ATG;rbs_motif=GGAG/GAGG;rbs_spacer=5-10bp;gc_cont=0.535
contig_3:3238738-3240243|- -            502 1502854at2           -            192      0.02   12.6   0.3   2   2      0.29        27    2.3   0.0     5    53   277   330   275   338 0.68 contig_3_3057 # 3238738 # 3240243 # -1 # ID=3_3057;partial=00;start_type=ATG;rbs_motif=GGAG/GAGG;rbs_spacer=5-10bp;gc_cont=0.535
contig_3:1071651-1072787|+ -            379 1502854at2           -            192      0.02   12.6   0.1   1   2   0.00065     0.061   11.0   0.0     5    26    42    63    39    71 0.86 contig_3_1052 # 1071651 # 1072787 # 1 # ID=3_1052;partial=00;start_type=ATG;rbs_motif=None;rbs_spacer=None;gc_cont=0.495
contig_3:1071651-1072787|+ -            379 1502854at2           -            192      0.02   12.6   0.1   2   2         9   8.5e+02   -2.5   0.0    51    75   198   222   181   238 0.62 contig_3_1052 # 1071651 # 1072787 # 1 # ID=3_1052;partial=00;start_type=ATG;rbs_motif=None;rbs_spacer=None;gc_cont=0.495
contig_3:1383473-1384606|- -            378 1502854at2           -            192     0.021   12.5   0.0   1   1   0.00042      0.04   11.6   0.0     5    27    44    66    42    74 0.89 contig_3_1351 # 1383473 # 1384606 # -1 # ID=3_1351;partial=00;start_type=GTG;rbs_motif=GGAG/GAGG;rbs_spacer=5-10bp;gc_cont=0.548
contig_3:1351940-1354216|- -            759 1502854at2           -            192     0.027   12.1   0.9   1   2      0.11        11    3.7   0.0    10    26   211   227   204   233 0.83 contig_3_1322 # 1351940 # 1354216 # -1 # ID=3_1322;partial=00;start_type=ATG;rbs_motif=GGAGG;rbs_spacer=5-10bp;gc_cont=0.542
contig_3:1351940-1354216|- -            759 1502854at2           -            192     0.027   12.1   0.9   2   2     0.024       2.3    5.9   0.0     9    28   491   510   485   518 0.85 contig_3_1322 # 1351940 # 1354216 # -1 # ID=3_1322;partial=00;start_type=ATG;rbs_motif=GGAGG;rbs_spacer=5-10bp;gc_cont=0.542
contig_2:287020-287787|+   -            256 1502854at2           -            192     0.028   12.1   0.0   1   1   0.00049     0.047   11.4   0.0     6    27    31    52    27    63 0.87 contig_2_257 # 287020 # 287787 # 1 # ID=2_257;partial=00;start_type=ATG;rbs_motif=AGGAG;rbs_spacer=5-10bp;gc_cont=0.577
contig_3:929874-930620|-   -            249 1502854at2           -            192     0.028   12.1   0.0   1   1   0.00046     0.043   11.5   0.0     5    30    26    51    23    61 0.83 contig_3_912 # 929874 # 930620 # -1 # ID=3_912;partial=00;start_type=ATG;rbs_motif=AGGA;rbs_spacer=5-10bp;gc_cont=0.527
contig_2:974743-975348|+   -            202 1502854at2           -            192     0.028   12.1   0.0   1   1   0.00051     0.048   11.3   0.0     4    30    26    52    24    60 0.84 contig_2_918 # 974743 # 975348 # 1 # ID=2_918;partial=00;start_type=ATG;rbs_motif=GGAG/GAGG;rbs_spacer=5-10bp;gc_cont=0.548
contig_3:2229604-2230311|+ -            236 1502854at2           -            192     0.029   12.1   0.0   1   1   0.00048     0.046   11.4   0.0     5    26    24    45    21    49 0.86 contig_3_2133 # 2229604 # 2230311 # 1 # ID=3_2133;partial=00;start_type=ATG;rbs_motif=None;rbs_spacer=None;gc_cont=0.581
contig_3:1761751-1762767|- -            339 1502854at2           -            192     0.039   11.6   0.1   1   1    0.0008     0.075   10.7   0.1     5    27    31    53    29    63 0.88 contig_3_1707 # 1761751 # 1762767 # -1 # ID=3_1707;partial=00;start_type=ATG;rbs_motif=GGAG/GAGG;rbs_spacer=5-10bp;gc_cont=0.560
contig_3:2481396-2481926|- -            177 1502854at2           -            192      0.04   11.6   0.5   1   2     0.025       2.4    5.8   0.2     6    26     3    23     1    30 0.83 contig_3_2349 # 2481396 # 2481926 # -1 # ID=3_2349;partial=00;start_type=ATG;rbs_motif=GGAG/GAGG;rbs_spacer=5-10bp;gc_cont=0.454
contig_3:2481396-2481926|- -            177 1502854at2           -            192      0.04   11.6   0.5   2   2     0.075         7    4.3   0.0   111   189    93   171    74   174 0.79 contig_3_2349 # 2481396 # 2481926 # -1 # ID=3_2349;partial=00;start_type=ATG;rbs_motif=GGAG/GAGG;rbs_spacer=5-10bp;gc_cont=0.454
contig_3:1816209-1817981|- -            591 1502854at2           -            192     0.041   11.6   0.0   1   1    0.0008     0.075   10.7   0.0     5    29   361   385   358   393 0.85 contig_3_1758 # 1816209 # 1817981 # -1 # ID=3_1758;partial=00;start_type=GTG;rbs_motif=AGGA;rbs_spacer=5-10bp;gc_cont=0.557
contig_3:962873-963622|-   -            250 1502854at2           -            192     0.043   11.5   0.1   1   1   0.00072     0.068   10.8   0.1     5    26    25    46    22    53 0.88 contig_3_940 # 962873 # 963622 # -1 # ID=3_940;partial=00;start_type=ATG;rbs_motif=None;rbs_spacer=None;gc_cont=0.564
contig_3:2039999-2042638|- -            880 1502854at2           -            192     0.044   11.4   0.1   1   2       1.3   1.2e+02    0.3   0.0    10    24   236   250   229   254 0.84 contig_3_1972 # 2039999 # 2042638 # -1 # ID=3_1972;partial=00;start_type=ATG;rbs_motif=GGA/GAG/AGG;rbs_spacer=5-10bp;gc_cont=0.595
contig_3:2039999-2042638|- -            880 1502854at2           -            192     0.044   11.4   0.1   2   2    0.0059      0.56    7.9   0.0     8    28   613   633   607   644 0.85 contig_3_1972 # 2039999 # 2042638 # -1 # ID=3_1972;partial=00;start_type=ATG;rbs_motif=GGA/GAG/AGG;rbs_spacer=5-10bp;gc_cont=0.595
contig_3:2065672-2066703|+ -            344 1502854at2           -            192     0.048   11.3   0.0   1   1    0.0012      0.11   10.1   0.0     5    26    30    51    27    64 0.83 contig_3_1991 # 2065672 # 2066703 # 1 # ID=3_1991;partial=00;start_type=ATG;rbs_motif=None;rbs_spacer=None;gc_cont=0.524
contig_3:1767621-1768307|- -            229 1502854at2           -            192      0.05   11.3   0.1   1   1   0.00098     0.092   10.4   0.1     4    27    34    57    32    69 0.86 contig_3_1712 # 1767621 # 1768307 # -1 # ID=3_1712;partial=00;start_type=ATG;rbs_motif=AGGA;rbs_spacer=5-10bp;gc_cont=0.590
contig_3:2607358-2608308|- -            317 1502854at2           -            192     0.054   11.2   0.0   1   2    0.0033      0.31    8.7   0.0     7    31    11    35     6    44 0.82 contig_3_2474 # 2607358 # 2608308 # -1 # ID=3_2474;partial=00;start_type=ATG;rbs_motif=None;rbs_spacer=None;gc_cont=0.545
contig_3:2607358-2608308|- -            317 1502854at2           -            192     0.054   11.2   0.0   2   2       2.7   2.5e+02   -0.8   0.0   116   139   194   217   184   225 0.81 contig_3_2474 # 2607358 # 2608308 # -1 # ID=3_2474;partial=00;start_type=ATG;rbs_motif=None;rbs_spacer=None;gc_cont=0.545
contig_3:1414219-1416090|- -            624 1502854at2           -            192     0.055   11.1   0.8   1   2      0.12        11    3.6   0.1     5    27    41    63    38    74 0.82 contig_3_1384 # 1414219 # 1416090 # -1 # ID=3_1384;partial=00;start_type=GTG;rbs_motif=AGGAG;rbs_spacer=5-10bp;gc_cont=0.576
contig_3:1414219-1416090|- -            624 1502854at2           -            192     0.055   11.1   0.8   2   2      0.03       2.9    5.5   0.1     9    28   353   372   349   379 0.85 contig_3_1384 # 1414219 # 1416090 # -1 # ID=3_1384;partial=00;start_type=GTG;rbs_motif=AGGAG;rbs_spacer=5-10bp;gc_cont=0.576
contig_3:1886078-1889218|+ -           1047 1502854at2           -            192       0.1   10.3   0.0   1   4    0.0011       0.1   10.3   0.0     6    26    30    50    27    63 0.88 contig_3_1825 # 1886078 # 1889218 # 1 # ID=3_1825;partial=00;start_type=ATG;rbs_motif=AGGAG;rbs_spacer=5-10bp;gc_cont=0.583
contig_3:1886078-1889218|+ -           1047 1502854at2           -            192       0.1   10.3   0.0   2   4       5.5   5.2e+02   -1.8   1.0   133   156   302   325   269   353 0.77 contig_3_1825 # 1886078 # 1889218 # 1 # ID=3_1825;partial=00;start_type=ATG;rbs_motif=AGGAG;rbs_spacer=5-10bp;gc_cont=0.583
contig_3:1886078-1889218|+ -           1047 1502854at2           -            192       0.1   10.3   0.0   3   4       4.5   4.2e+02   -1.5   0.1   148   188   737   777   726   784 0.68 contig_3_1825 # 1886078 # 1889218 # 1 # ID=3_1825;partial=00;start_type=ATG;rbs_motif=AGGAG;rbs_spacer=5-10bp;gc_cont=0.583
contig_3:1886078-1889218|+ -           1047 1502854at2           -            192       0.1   10.3   0.0   4   4       3.2     3e+02   -1.0   0.3   122   151   767   796   756   845 0.62 contig_3_1825 # 1886078 # 1889218 # 1 # ID=3_1825;partial=00;start_type=ATG;rbs_motif=AGGAG;rbs_spacer=5-10bp;gc_cont=0.583
contig_3:2697964-2699721|+ -            586 1502854at2           -            192       0.2    9.3   2.8   1   2      0.51        49    1.5   0.0     9    24    13    28     8    43 0.88 contig_3_2562 # 2697964 # 2699721 # 1 # ID=3_2562;partial=00;start_type=ATG;rbs_motif=AGGAG;rbs_spacer=5-10bp;gc_cont=0.535
contig_3:2697964-2699721|+ -            586 1502854at2           -            192       0.2    9.3   2.8   2   2     0.016       1.5    6.5   0.7     8    35   330   357   326   367 0.74 contig_3_2562 # 2697964 # 2699721 # 1 # ID=3_2562;partial=00;start_type=ATG;rbs_motif=AGGAG;rbs_spacer=5-10bp;gc_cont=0.535
#
# Program:         hmmsearch
# Version:         3.1b2 (February 2015)
# Pipeline mode:   SEARCH
# Query file:      busco_downloads/bacteria_odb10/hmms/1502854at2.hmm
# Target file:     output_files/busco_polished/prodigal_output/predicted_genes/predicted.faa
# Option settings: hmmsearch --domtblout output_files/busco_polished/run_bacteria_odb10/hmmer_output/1502854at2.out --cpu 1 busco_downloads/bacteria_odb10/hmms/1502854at2.hmm output_files/busco_polished/prodigal_output/predicted_genes/predicted.faa 
# Current dir:     /scratch/yazanalq/Assignment-1---Binf6110
# Date:            Sun Feb  8 19:21:24 2026
# [ok]
