#                                                                                  --- full sequence --- -------------- this domain -------------   hmm coord   ali coord   env coord
# target name              accession   tlen query name           accession   qlen   E-value  score  bias   #  of  c-Evalue  i-Evalue  score  bias  from    to  from    to  from    to  acc description of target
#      ------------------- ---------- ----- -------------------- ---------- ----- --------- ------ ----- --- --- --------- --------- ------ ----- ----- ----- ----- ----- ----- ----- ---- ---------------------
contig_3:2605615-2606895|- -            427 1592033at2           -            393  5.3e-151  501.2   3.3   1   1  1.5e-153  7.1e-151  500.8   3.3     7   379     7   393     2   404 0.93 contig_3_2472 # 2605615 # 2606895 # -1 # ID=3_2472;partial=00;start_type=TTG;rbs_motif=GGAG/GAGG;rbs_spacer=5-10bp;gc_cont=0.541
contig_2:1374434-1375906|+ -            491 1592033at2           -            393   6.6e-27   92.6   0.0   1   2   2.5e-14   1.2e-11   42.4   0.0   194   372     2   185     1   200 0.78 contig_2_1308 # 1374434 # 1375906 # 1 # ID=2_1308;partial=00;start_type=ATG;rbs_motif=GGAG/GAGG;rbs_spacer=5-10bp;gc_cont=0.547
contig_2:1374434-1375906|+ -            491 1592033at2           -            393   6.6e-27   92.6   0.0   2   2   4.8e-16   2.3e-13   48.0   0.0   196   365   204   387   198   401 0.84 contig_2_1308 # 1374434 # 1375906 # 1 # ID=2_1308;partial=00;start_type=ATG;rbs_motif=GGAG/GAGG;rbs_spacer=5-10bp;gc_cont=0.547
contig_3:3282752-3284116|- -            455 1592033at2           -            393   7.1e-15   53.0   0.0   1   1   2.5e-17   1.2e-14   52.3   0.0   166   376   190   403   181   412 0.82 contig_3_3099 # 3282752 # 3284116 # -1 # ID=3_3099;partial=00;start_type=ATG;rbs_motif=GGA/GAG/AGG;rbs_spacer=5-10bp;gc_cont=0.597
contig_2:545738-546910|+   -            391 1592033at2           -            393   4.5e-12   43.8   0.0   1   1   1.5e-14   7.4e-12   43.1   0.0   196   352   161   334   157   370 0.81 contig_2_514 # 545738 # 546910 # 1 # ID=2_514;partial=00;start_type=ATG;rbs_motif=GGAG/GAGG;rbs_spacer=5-10bp;gc_cont=0.552
contig_2:1302531-1303436|+ -            302 1592033at2           -            393   2.1e-08   31.7   0.1   1   1   2.9e-10   1.4e-07   29.0   0.1   197   370    11   193     4   204 0.79 contig_2_1246 # 1302531 # 1303436 # 1 # ID=2_1246;partial=00;start_type=ATG;rbs_motif=GGAG/GAGG;rbs_spacer=5-10bp;gc_cont=0.518
contig_2:350702-353020|-   -            773 1592033at2           -            393   1.8e-07   28.7   0.2   1   1     5e-09   2.4e-06   24.9   0.2   196   365     5   181     2   204 0.72 contig_2_312 # 350702 # 353020 # -1 # ID=2_312;partial=00;start_type=ATG;rbs_motif=GGA/GAG/AGG;rbs_spacer=5-10bp;gc_cont=0.563
contig_3:501903-502994|-   -            364 1592033at2           -            393   4.1e-07   27.5   0.0   1   1   1.6e-09   7.8e-07   26.6   0.0   197   241     5    50     2    68 0.87 contig_3_502 # 501903 # 502994 # -1 # ID=3_502;partial=00;start_type=ATG;rbs_motif=GGA/GAG/AGG;rbs_spacer=5-10bp;gc_cont=0.528
contig_3:3122634-3123266|+ -            211 1592033at2           -            393   0.00021   18.6   0.4   1   2   1.1e-05    0.0052   14.0   0.0   196   221    28    53    19    57 0.90 contig_3_2957 # 3122634 # 3123266 # 1 # ID=3_2957;partial=00;start_type=TTG;rbs_motif=GGAG/GAGG;rbs_spacer=5-10bp;gc_cont=0.520
contig_3:3122634-3123266|+ -            211 1592033at2           -            393   0.00021   18.6   0.4   2   2     0.026        13    2.8   0.1   303   352   136   199    96   208 0.63 contig_3_2957 # 3122634 # 3123266 # 1 # ID=3_2957;partial=00;start_type=TTG;rbs_motif=GGAG/GAGG;rbs_spacer=5-10bp;gc_cont=0.520
contig_3:2617160-2618212|+ -            351 1592033at2           -            393     0.009   13.2   0.0   1   2   0.00037      0.18    8.9   0.0   305   350   153   209   149   213 0.84 contig_3_2482 # 2617160 # 2618212 # 1 # ID=3_2482;partial=00;start_type=TTG;rbs_motif=AGGAG;rbs_spacer=5-10bp;gc_cont=0.534
contig_3:2617160-2618212|+ -            351 1592033at2           -            393     0.009   13.2   0.0   2   2     0.055        26    1.8   0.0   201   218   214   231   208   239 0.76 contig_3_2482 # 2617160 # 2618212 # 1 # ID=3_2482;partial=00;start_type=TTG;rbs_motif=AGGAG;rbs_spacer=5-10bp;gc_cont=0.534
contig_2:1448151-1448630|+ -            160 1592033at2           -            393      0.02   12.1   0.2   1   2   0.00012     0.057   10.5   0.1   195   221     2    28     1    32 0.86 contig_2_1354 # 1448151 # 1448630 # 1 # ID=2_1354;partial=00;start_type=ATG;rbs_motif=GGxGG;rbs_spacer=5-10bp;gc_cont=0.510
contig_2:1448151-1448630|+ -            160 1592033at2           -            393      0.02   12.1   0.2   2   2      0.33   1.6e+02   -0.8   0.0   298   321    85   108    62   152 0.74 contig_2_1354 # 1448151 # 1448630 # 1 # ID=2_1354;partial=00;start_type=ATG;rbs_motif=GGxGG;rbs_spacer=5-10bp;gc_cont=0.510
#
# Program:         hmmsearch
# Version:         3.1b2 (February 2015)
# Pipeline mode:   SEARCH
# Query file:      busco_downloads/bacteria_odb10/hmms/1592033at2.hmm
# Target file:     output_files/busco_polished/prodigal_output/predicted_genes/predicted.faa
# Option settings: hmmsearch --domtblout output_files/busco_polished/run_bacteria_odb10/hmmer_output/1592033at2.out --cpu 1 busco_downloads/bacteria_odb10/hmms/1592033at2.hmm output_files/busco_polished/prodigal_output/predicted_genes/predicted.faa 
# Current dir:     /scratch/yazanalq/Assignment-1---Binf6110
# Date:            Sun Feb  8 19:21:25 2026
# [ok]
