#                                                                                  --- full sequence --- -------------- this domain -------------   hmm coord   ali coord   env coord
# target name              accession   tlen query name           accession   qlen   E-value  score  bias   #  of  c-Evalue  i-Evalue  score  bias  from    to  from    to  from    to  acc description of target
#      ------------------- ---------- ----- -------------------- ---------- ----- --------- ------ ----- --- --- --------- --------- ------ ----- ----- ----- ----- ----- ----- ----- ---- ---------------------
contig_2:276213-276809|-   -            199 1827334at2           -             97   1.2e-29  100.4   0.0   1   2   5.4e-29   3.3e-26   89.4   0.0     1    79    12    99    12   116 0.86 contig_2_247 # 276213 # 276809 # -1 # ID=2_247;partial=00;start_type=ATG;rbs_motif=GGA/GAG/AGG;rbs_spacer=5-10bp;gc_cont=0.566
contig_2:276213-276809|-   -            199 1827334at2           -             97   1.2e-29  100.4   0.0   2   2   0.00049      0.29    9.4   0.0    73    84   121   146    99   161 0.70 contig_2_247 # 276213 # 276809 # -1 # ID=2_247;partial=00;start_type=ATG;rbs_motif=GGA/GAG/AGG;rbs_spacer=5-10bp;gc_cont=0.566
contig_3:1232828-1234936|- -            703 1827334at2           -             97    0.0023   16.1   0.2   1   5      0.13        78    1.6   0.0    36    53   193   210   189   218 0.85 contig_3_1212 # 1232828 # 1234936 # -1 # ID=3_1212;partial=00;start_type=ATG;rbs_motif=None;rbs_spacer=None;gc_cont=0.550
contig_3:1232828-1234936|- -            703 1827334at2           -             97    0.0023   16.1   0.2   2   5         8   4.8e+03   -4.2   0.0    75    86   305   316   303   318 0.77 contig_3_1212 # 1232828 # 1234936 # -1 # ID=3_1212;partial=00;start_type=ATG;rbs_motif=None;rbs_spacer=None;gc_cont=0.550
contig_3:1232828-1234936|- -            703 1827334at2           -             97    0.0023   16.1   0.2   3   5       1.2   7.3e+02   -1.5   0.0    23    39   453   469   447   471 0.83 contig_3_1212 # 1232828 # 1234936 # -1 # ID=3_1212;partial=00;start_type=ATG;rbs_motif=None;rbs_spacer=None;gc_cont=0.550
contig_3:1232828-1234936|- -            703 1827334at2           -             97    0.0023   16.1   0.2   4   5      0.12        73    1.7   0.0    35    67   541   573   536   583 0.88 contig_3_1212 # 1232828 # 1234936 # -1 # ID=3_1212;partial=00;start_type=ATG;rbs_motif=None;rbs_spacer=None;gc_cont=0.550
contig_3:1232828-1234936|- -            703 1827334at2           -             97    0.0023   16.1   0.2   5   5    0.0028       1.7    6.9   0.0    68    81   604   617   576   634 0.73 contig_3_1212 # 1232828 # 1234936 # -1 # ID=3_1212;partial=00;start_type=ATG;rbs_motif=None;rbs_spacer=None;gc_cont=0.550
contig_2:627638-628774|+   -            379 1827334at2           -             97    0.0082   14.3   0.0   1   2    0.0088       5.3    5.3   0.0    35    66   231   263   227   272 0.81 contig_2_594 # 627638 # 628774 # 1 # ID=2_594;partial=00;start_type=ATG;rbs_motif=AGGAGG;rbs_spacer=3-4bp;gc_cont=0.537
contig_2:627638-628774|+   -            379 1827334at2           -             97    0.0082   14.3   0.0   2   2    0.0045       2.7    6.3   0.0    71    93   297   321   282   325 0.83 contig_2_594 # 627638 # 628774 # 1 # ID=2_594;partial=00;start_type=ATG;rbs_motif=AGGAGG;rbs_spacer=3-4bp;gc_cont=0.537
contig_2:459597-460481|-   -            295 1827334at2           -             97     0.017   13.4   0.0   1   2   0.00095      0.57    8.4   0.0    72    84    33    51    21    69 0.80 contig_2_428 # 459597 # 460481 # -1 # ID=2_428;partial=00;start_type=ATG;rbs_motif=GGA/GAG/AGG;rbs_spacer=5-10bp;gc_cont=0.454
contig_2:459597-460481|-   -            295 1827334at2           -             97     0.017   13.4   0.0   2   2     0.077        46    2.3   0.0    35    56   217   238   207   254 0.81 contig_2_428 # 459597 # 460481 # -1 # ID=2_428;partial=00;start_type=ATG;rbs_motif=GGA/GAG/AGG;rbs_spacer=5-10bp;gc_cont=0.454
contig_4:4164-4847|-       -            228 1827334at2           -             97     0.027   12.7   0.0   1   2     0.042        25    3.2   0.0    72    83    20    31     9    55 0.80 contig_4_8 # 4164 # 4847 # -1 # ID=1_8;partial=00;start_type=ATG;rbs_motif=AGGAG;rbs_spacer=5-10bp;gc_cont=0.563
contig_4:4164-4847|-       -            228 1827334at2           -             97     0.027   12.7   0.0   2   2    0.0021       1.3    7.3   0.0    35    56   166   187   156   208 0.84 contig_4_8 # 4164 # 4847 # -1 # ID=1_8;partial=00;start_type=ATG;rbs_motif=AGGAG;rbs_spacer=5-10bp;gc_cont=0.563
contig_3:1930170-1932128|- -            653 1827334at2           -             97     0.029   12.6   0.1   1   3    0.0039       2.4    6.5   0.1    72    89   128   145   115   156 0.76 contig_3_1863 # 1930170 # 1932128 # -1 # ID=3_1863;partial=00;start_type=ATG;rbs_motif=GGAG/GAGG;rbs_spacer=5-10bp;gc_cont=0.468
contig_3:1930170-1932128|- -            653 1827334at2           -             97     0.029   12.6   0.1   2   3       1.4   8.5e+02   -1.7   0.0    41    55   262   276   257   286 0.83 contig_3_1863 # 1930170 # 1932128 # -1 # ID=3_1863;partial=00;start_type=ATG;rbs_motif=GGAG/GAGG;rbs_spacer=5-10bp;gc_cont=0.468
contig_3:1930170-1932128|- -            653 1827334at2           -             97     0.029   12.6   0.1   3   3     0.084        50    2.2   0.0    36    48   414   426   408   453 0.87 contig_3_1863 # 1930170 # 1932128 # -1 # ID=3_1863;partial=00;start_type=ATG;rbs_motif=GGAG/GAGG;rbs_spacer=5-10bp;gc_cont=0.468
contig_3:1212863-1214074|+ -            404 1827334at2           -             97     0.033   12.4   0.0   1   2   0.00087      0.52    8.6   0.0    34    65   229   260   203   275 0.86 contig_3_1194 # 1212863 # 1214074 # 1 # ID=3_1194;partial=00;start_type=ATG;rbs_motif=GGAG/GAGG;rbs_spacer=5-10bp;gc_cont=0.542
contig_3:1212863-1214074|+ -            404 1827334at2           -             97     0.033   12.4   0.0   2   2      0.19   1.1e+02    1.1   0.0    71    81   299   309   281   319 0.87 contig_3_1194 # 1212863 # 1214074 # 1 # ID=3_1194;partial=00;start_type=ATG;rbs_motif=GGAG/GAGG;rbs_spacer=5-10bp;gc_cont=0.542
contig_2:1243644-1244381|+ -            246 1827334at2           -             97     0.052   11.8   0.2   1   2     0.024        14    3.9   0.0    34    58    46    70    42    92 0.81 contig_2_1179 # 1243644 # 1244381 # 1 # ID=2_1179;partial=00;start_type=ATG;rbs_motif=GGA/GAG/AGG;rbs_spacer=5-10bp;gc_cont=0.537
contig_2:1243644-1244381|+ -            246 1827334at2           -             97     0.052   11.8   0.2   2   2     0.006       3.6    5.9   0.0    68    83   111   126    95   150 0.85 contig_2_1179 # 1243644 # 1244381 # 1 # ID=2_1179;partial=00;start_type=ATG;rbs_motif=GGA/GAG/AGG;rbs_spacer=5-10bp;gc_cont=0.537
#
# Program:         hmmsearch
# Version:         3.1b2 (February 2015)
# Pipeline mode:   SEARCH
# Query file:      busco_downloads/bacteria_odb10/hmms/1827334at2.hmm
# Target file:     output_files/busco_polished/prodigal_output/predicted_genes/predicted.faa
# Option settings: hmmsearch --domtblout output_files/busco_polished/run_bacteria_odb10/hmmer_output/1827334at2.out --cpu 1 busco_downloads/bacteria_odb10/hmms/1827334at2.hmm output_files/busco_polished/prodigal_output/predicted_genes/predicted.faa 
# Current dir:     /scratch/yazanalq/Assignment-1---Binf6110
# Date:            Sun Feb  8 19:21:26 2026
# [ok]
