#                                                                                  --- full sequence --- -------------- this domain -------------   hmm coord   ali coord   env coord
# target name              accession   tlen query name           accession   qlen   E-value  score  bias   #  of  c-Evalue  i-Evalue  score  bias  from    to  from    to  from    to  acc description of target
#      ------------------- ---------- ----- -------------------- ---------- ----- --------- ------ ----- --- --- --------- --------- ------ ----- ----- ----- ----- ----- ----- ----- ---- ---------------------
contig_2:96050-96529|-     -            160 1846503at2           -            110   4.7e-38  127.6   0.2   1   1   5.3e-39   4.3e-36  121.3   0.2     1   108     3   137     3   139 0.87 contig_2_94 # 96050 # 96529 # -1 # ID=2_94;partial=00;start_type=ATG;rbs_motif=GGAG/GAGG;rbs_spacer=5-10bp;gc_cont=0.529
contig_3:2374096-2375328|- -            411 1846503at2           -            110   4.4e-06   24.7   0.1   1   3   2.4e-07   0.00019   19.4   0.0     2    37    66   101    65   138 0.88 contig_3_2256 # 2374096 # 2375328 # -1 # ID=3_2256;partial=00;start_type=GTG;rbs_motif=AGGAG;rbs_spacer=5-10bp;gc_cont=0.508
contig_3:2374096-2375328|- -            411 1846503at2           -            110   4.4e-06   24.7   0.1   2   3     0.051        41    2.3   0.0     8    31   283   306   276   315 0.87 contig_3_2256 # 2374096 # 2375328 # -1 # ID=3_2256;partial=00;start_type=GTG;rbs_motif=AGGAG;rbs_spacer=5-10bp;gc_cont=0.508
contig_3:2374096-2375328|- -            411 1846503at2           -            110   4.4e-06   24.7   0.1   3   3       3.7     3e+03   -3.8   0.0    47    61   369   383   367   385 0.82 contig_3_2256 # 2374096 # 2375328 # -1 # ID=3_2256;partial=00;start_type=GTG;rbs_motif=AGGAG;rbs_spacer=5-10bp;gc_cont=0.508
contig_3:1627250-1627900|+ -            217 1846503at2           -            110   0.00077   17.5   0.0   1   2     4e-06    0.0032   15.5   0.0     2    28     8    34     7    44 0.81 contig_3_1577 # 1627250 # 1627900 # 1 # ID=3_1577;partial=00;start_type=ATG;rbs_motif=None;rbs_spacer=None;gc_cont=0.547
contig_3:1627250-1627900|+ -            217 1846503at2           -            110   0.00077   17.5   0.0   2   2      0.56   4.5e+02   -1.1   0.0    88   105   172   189   164   193 0.84 contig_3_1577 # 1627250 # 1627900 # 1 # ID=3_1577;partial=00;start_type=ATG;rbs_motif=None;rbs_spacer=None;gc_cont=0.547
contig_2:685112-686545|+   -            478 1846503at2           -            110    0.0029   15.6   0.0   1   1   8.8e-06    0.0071   14.4   0.0     3    39   343   379   341   386 0.88 contig_2_652 # 685112 # 686545 # 1 # ID=2_652;partial=00;start_type=ATG;rbs_motif=AGGAG;rbs_spacer=5-10bp;gc_cont=0.575
contig_3:2284040-2285008|- -            323 1846503at2           -            110     0.011   13.7   0.0   1   2   3.8e-05      0.03   12.3   0.0    10    49   133   178   127   194 0.83 contig_3_2179 # 2284040 # 2285008 # -1 # ID=3_2179;partial=00;start_type=ATG;rbs_motif=GGA/GAG/AGG;rbs_spacer=5-10bp;gc_cont=0.550
contig_3:2284040-2285008|- -            323 1846503at2           -            110     0.011   13.7   0.0   2   2       2.2   1.8e+03   -3.0   0.0    93   107   277   291   267   293 0.74 contig_3_2179 # 2284040 # 2285008 # -1 # ID=3_2179;partial=00;start_type=ATG;rbs_motif=GGA/GAG/AGG;rbs_spacer=5-10bp;gc_cont=0.550
contig_3:1647104-1648180|+ -            359 1846503at2           -            110     0.036   12.1   0.0   1   1   0.00013      0.11   10.6   0.0    10    36   155   181   147   203 0.81 contig_3_1598 # 1647104 # 1648180 # 1 # ID=3_1598;partial=00;start_type=ATG;rbs_motif=AGGA/GGAG/GAGG;rbs_spacer=11-12bp;gc_cont=0.516
#
# Program:         hmmsearch
# Version:         3.1b2 (February 2015)
# Pipeline mode:   SEARCH
# Query file:      busco_downloads/bacteria_odb10/hmms/1846503at2.hmm
# Target file:     output_files/busco_polished/prodigal_output/predicted_genes/predicted.faa
# Option settings: hmmsearch --domtblout output_files/busco_polished/run_bacteria_odb10/hmmer_output/1846503at2.out --cpu 1 busco_downloads/bacteria_odb10/hmms/1846503at2.hmm output_files/busco_polished/prodigal_output/predicted_genes/predicted.faa 
# Current dir:     /scratch/yazanalq/Assignment-1---Binf6110
# Date:            Sun Feb  8 19:21:26 2026
# [ok]
