#                                                                                  --- full sequence --- -------------- this domain -------------   hmm coord   ali coord   env coord
# target name              accession   tlen query name           accession   qlen   E-value  score  bias   #  of  c-Evalue  i-Evalue  score  bias  from    to  from    to  from    to  acc description of target
#      ------------------- ---------- ----- -------------------- ---------- ----- --------- ------ ----- --- --- --------- --------- ------ ----- ----- ----- ----- ----- ----- ----- ---- ---------------------
contig_3:3287305-3288705|+ -            467 219876at2            -            282   1.2e-99  331.4   0.7   1   1  6.7e-102   2.5e-99  330.3   0.7     2   278   116   448   115   451 0.88 contig_3_3102 # 3287305 # 3288705 # 1 # ID=3_3102;partial=00;start_type=GTG;rbs_motif=GGAG/GAGG;rbs_spacer=5-10bp;gc_cont=0.525
contig_2:1416779-1417504|+ -            242 219876at2            -            282   2.7e-07   28.4   0.0   1   1   1.4e-09   5.1e-07   27.5   0.0    20   165    24   187    19   240 0.76 contig_2_1328 # 1416779 # 1417504 # 1 # ID=2_1328;partial=00;start_type=ATG;rbs_motif=None;rbs_spacer=None;gc_cont=0.537
contig_3:394737-395747|+   -            337 219876at2            -            282   4.9e-06   24.2   0.0   1   1   2.1e-08   7.9e-06   23.5   0.0    45   107    53   119    27   127 0.81 contig_3_392 # 394737 # 395747 # 1 # ID=3_392;partial=00;start_type=ATG;rbs_motif=GGAG/GAGG;rbs_spacer=5-10bp;gc_cont=0.572
contig_2:1258698-1259447|+ -            250 219876at2            -            282   7.7e-06   23.6   0.0   1   1   3.6e-08   1.3e-05   22.8   0.0    12    70    63   125    54   150 0.89 contig_2_1196 # 1258698 # 1259447 # 1 # ID=2_1196;partial=00;start_type=ATG;rbs_motif=AGxAGG/AGGxGG;rbs_spacer=5-10bp;gc_cont=0.528
contig_3:1268562-1269311|- -            250 219876at2            -            282   7.8e-06   23.6   0.0   1   1   3.6e-08   1.3e-05   22.8   0.0    12    70    63   125    54   150 0.89 contig_3_1255 # 1268562 # 1269311 # -1 # ID=3_1255;partial=00;start_type=ATG;rbs_motif=AGxAGG/AGGxGG;rbs_spacer=5-10bp;gc_cont=0.532
contig_3:2407608-2408345|+ -            246 219876at2            -            282   4.7e-05   21.0   0.2   1   1   4.7e-07   0.00017   19.1   0.2     8   105    56   173    51   198 0.68 contig_3_2290 # 2407608 # 2408345 # 1 # ID=3_2290;partial=00;start_type=ATG;rbs_motif=AGxAGG/AGGxGG;rbs_spacer=5-10bp;gc_cont=0.511
contig_3:2702192-2703943|- -            584 219876at2            -            282    0.0025   15.3   0.1   1   2      0.11        42    1.5   0.0    49    66    10    27     3    45 0.75 contig_3_2566 # 2702192 # 2703943 # -1 # ID=3_2566;partial=00;start_type=ATG;rbs_motif=AGGAGG;rbs_spacer=3-4bp;gc_cont=0.533
contig_3:2702192-2703943|- -            584 219876at2            -            282    0.0025   15.3   0.1   2   2   0.00016     0.058   10.9   0.0    39    69   319   349   308   354 0.89 contig_3_2566 # 2702192 # 2703943 # -1 # ID=3_2566;partial=00;start_type=ATG;rbs_motif=AGGAGG;rbs_spacer=3-4bp;gc_cont=0.533
contig_2:638227-640008|-   -            594 219876at2            -            282    0.0031   15.1   0.0   1   1   2.6e-05    0.0098   13.4   0.0    50    78    29    57    21    70 0.87 contig_2_601 # 638227 # 640008 # -1 # ID=2_601;partial=00;start_type=ATG;rbs_motif=None;rbs_spacer=None;gc_cont=0.323
contig_2:550496-552439|+   -            648 219876at2            -            282    0.0094   13.4   0.0   1   1   5.6e-05     0.021   12.3   0.0    50    87   191   230   184   239 0.80 contig_2_520 # 550496 # 552439 # 1 # ID=2_520;partial=00;start_type=TTG;rbs_motif=GGAG/GAGG;rbs_spacer=5-10bp;gc_cont=0.557
contig_3:1894069-1894614|- -            182 219876at2            -            282      0.01   13.4   0.0   1   1   4.1e-05     0.015   12.8   0.0    47    87     2    42     1    48 0.90 contig_3_1832 # 1894069 # 1894614 # -1 # ID=3_1832;partial=00;start_type=ATG;rbs_motif=GGA/GAG/AGG;rbs_spacer=5-10bp;gc_cont=0.582
contig_2:1221727-1224300|+ -            858 219876at2            -            282     0.019   12.4   0.0   1   2     0.042        15    2.9   0.0    43    68   195   220   180   225 0.74 contig_2_1164 # 1221727 # 1224300 # 1 # ID=2_1164;partial=00;start_type=ATG;rbs_motif=GGAGG;rbs_spacer=3-4bp;gc_cont=0.533
contig_2:1221727-1224300|+ -            858 219876at2            -            282     0.019   12.4   0.0   2   2    0.0033       1.2    6.5   0.0    50    69   601   620   580   641 0.87 contig_2_1164 # 1221727 # 1224300 # 1 # ID=2_1164;partial=00;start_type=ATG;rbs_motif=GGAGG;rbs_spacer=3-4bp;gc_cont=0.533
contig_3:1827563-1829917|- -            785 219876at2            -            282      0.03   11.8   1.3   1   2      0.13        48    1.3   0.5   135   219   164   244   146   259 0.81 contig_3_1770 # 1827563 # 1829917 # -1 # ID=3_1770;partial=00;start_type=ATG;rbs_motif=GGA/GAG/AGG;rbs_spacer=5-10bp;gc_cont=0.541
contig_3:1827563-1829917|- -            785 219876at2            -            282      0.03   11.8   1.3   2   2   0.00069      0.26    8.7   0.0    40    76   342   378   336   381 0.81 contig_3_1770 # 1827563 # 1829917 # -1 # ID=3_1770;partial=00;start_type=ATG;rbs_motif=GGA/GAG/AGG;rbs_spacer=5-10bp;gc_cont=0.541
contig_3:1333381-1334724|- -            448 219876at2            -            282     0.038   11.4   0.0   1   1   0.00018     0.067   10.7   0.0    40   153    43   170     8   182 0.62 contig_3_1307 # 1333381 # 1334724 # -1 # ID=3_1307;partial=00;start_type=GTG;rbs_motif=GGAG/GAGG;rbs_spacer=5-10bp;gc_cont=0.570
#
# Program:         hmmsearch
# Version:         3.1b2 (February 2015)
# Pipeline mode:   SEARCH
# Query file:      busco_downloads/bacteria_odb10/hmms/219876at2.hmm
# Target file:     output_files/busco_polished/prodigal_output/predicted_genes/predicted.faa
# Option settings: hmmsearch --domtblout output_files/busco_polished/run_bacteria_odb10/hmmer_output/219876at2.out --cpu 1 busco_downloads/bacteria_odb10/hmms/219876at2.hmm output_files/busco_polished/prodigal_output/predicted_genes/predicted.faa 
# Current dir:     /scratch/yazanalq/Assignment-1---Binf6110
# Date:            Sun Feb  8 19:21:26 2026
# [ok]
