#                                                                                  --- full sequence --- -------------- this domain -------------   hmm coord   ali coord   env coord
# target name              accession   tlen query name           accession   qlen   E-value  score  bias   #  of  c-Evalue  i-Evalue  score  bias  from    to  from    to  from    to  acc description of target
#      ------------------- ---------- ----- -------------------- ---------- ----- --------- ------ ----- --- --- --------- --------- ------ ----- ----- ----- ----- ----- ----- ----- ---- ---------------------
contig_3:572428-575025|+   -            866 223233at2            -            494  2.5e-155  516.2  10.2   1   1  4.5e-154  7.3e-151  501.4  10.2     1   426     3   576     3   769 0.84 contig_3_568 # 572428 # 575025 # 1 # ID=3_568;partial=00;start_type=ATG;rbs_motif=GGA/GAG/AGG;rbs_spacer=5-10bp;gc_cont=0.540
contig_3:2714729-2716774|- -            682 223233at2            -            494   2.5e-48  163.2   0.2   1   4      0.42   6.8e+02   -3.1   0.0     2    21     2    21     1    25 0.83 contig_3_2583 # 2714729 # 2716774 # -1 # ID=3_2583;partial=00;start_type=ATG;rbs_motif=GGAG/GAGG;rbs_spacer=5-10bp;gc_cont=0.544
contig_3:2714729-2716774|- -            682 223233at2            -            494   2.5e-48  163.2   0.2   2   4   1.6e-24   2.5e-21   74.2   0.0    40   171    76   222    33   240 0.83 contig_3_2583 # 2714729 # 2716774 # -1 # ID=3_2583;partial=00;start_type=ATG;rbs_motif=GGAG/GAGG;rbs_spacer=5-10bp;gc_cont=0.544
contig_3:2714729-2716774|- -            682 223233at2            -            494   2.5e-48  163.2   0.2   3   4   1.9e-16   3.1e-13   47.5   0.0   172   247   260   336   238   346 0.86 contig_3_2583 # 2714729 # 2716774 # -1 # ID=3_2583;partial=00;start_type=ATG;rbs_motif=GGAG/GAGG;rbs_spacer=5-10bp;gc_cont=0.544
contig_3:2714729-2716774|- -            682 223233at2            -            494   2.5e-48  163.2   0.2   4   4   3.5e-11   5.6e-08   30.1   0.0   255   418   370   597   354   665 0.67 contig_3_2583 # 2714729 # 2716774 # -1 # ID=3_2583;partial=00;start_type=ATG;rbs_motif=GGAG/GAGG;rbs_spacer=5-10bp;gc_cont=0.544
contig_3:1006210-1008159|- -            650 223233at2            -            494   8.2e-42  141.7   0.0   1   3   2.3e-19   3.7e-16   57.1   0.0    39   180    76   236    35   251 0.78 contig_3_985 # 1006210 # 1008159 # -1 # ID=3_985;partial=00;start_type=ATG;rbs_motif=3Base/5BMM;rbs_spacer=13-15bp;gc_cont=0.564
contig_3:1006210-1008159|- -            650 223233at2            -            494   8.2e-42  141.7   0.0   2   3   7.1e-18   1.1e-14   52.2   0.0   173   246   267   343   261   355 0.88 contig_3_985 # 1006210 # 1008159 # -1 # ID=3_985;partial=00;start_type=ATG;rbs_motif=3Base/5BMM;rbs_spacer=13-15bp;gc_cont=0.564
contig_3:1006210-1008159|- -            650 223233at2            -            494   8.2e-42  141.7   0.0   3   3   2.4e-09   3.9e-06   24.1   0.0   253   411   375   589   367   646 0.68 contig_3_985 # 1006210 # 1008159 # -1 # ID=3_985;partial=00;start_type=ATG;rbs_motif=3Base/5BMM;rbs_spacer=13-15bp;gc_cont=0.564
#
# Program:         hmmsearch
# Version:         3.1b2 (February 2015)
# Pipeline mode:   SEARCH
# Query file:      busco_downloads/bacteria_odb10/hmms/223233at2.hmm
# Target file:     output_files/busco_polished/prodigal_output/predicted_genes/predicted.faa
# Option settings: hmmsearch --domtblout output_files/busco_polished/run_bacteria_odb10/hmmer_output/223233at2.out --cpu 1 busco_downloads/bacteria_odb10/hmms/223233at2.hmm output_files/busco_polished/prodigal_output/predicted_genes/predicted.faa 
# Current dir:     /scratch/yazanalq/Assignment-1---Binf6110
# Date:            Sun Feb  8 19:21:26 2026
# [ok]
