#                                                                                  --- full sequence --- -------------- this domain -------------   hmm coord   ali coord   env coord
# target name              accession   tlen query name           accession   qlen   E-value  score  bias   #  of  c-Evalue  i-Evalue  score  bias  from    to  from    to  from    to  acc description of target
#      ------------------- ---------- ----- -------------------- ---------- ----- --------- ------ ----- --- --- --------- --------- ------ ----- ----- ----- ----- ----- ----- ----- ---- ---------------------
contig_2:1315220-1319107|+ -           1296 26038at2             -            439   3.2e-78  261.7   8.7   1   7   8.3e-15     4e-11   40.5   0.0    10    48   191   230   185   233 0.89 contig_2_1260 # 1315220 # 1319107 # 1 # ID=2_1260;partial=00;start_type=ATG;rbs_motif=GGA/GAG/AGG;rbs_spacer=5-10bp;gc_cont=0.592
contig_2:1315220-1319107|+ -           1296 26038at2             -            439   3.2e-78  261.7   8.7   2   7   8.2e-21     4e-17   60.3   0.3    57    99   288   332   285   342 0.87 contig_2_1260 # 1315220 # 1319107 # 1 # ID=2_1260;partial=00;start_type=ATG;rbs_motif=GGA/GAG/AGG;rbs_spacer=5-10bp;gc_cont=0.592
contig_2:1315220-1319107|+ -           1296 26038at2             -            439   3.2e-78  261.7   8.7   3   7     0.013        62    0.4   0.0   105   128   363   387   356   391 0.88 contig_2_1260 # 1315220 # 1319107 # 1 # ID=2_1260;partial=00;start_type=ATG;rbs_motif=GGA/GAG/AGG;rbs_spacer=5-10bp;gc_cont=0.592
contig_2:1315220-1319107|+ -           1296 26038at2             -            439   3.2e-78  261.7   8.7   4   7   3.8e-30   1.8e-26   91.1   0.0   129   319   408   643   400   657 0.70 contig_2_1260 # 1315220 # 1319107 # 1 # ID=2_1260;partial=00;start_type=ATG;rbs_motif=GGA/GAG/AGG;rbs_spacer=5-10bp;gc_cont=0.592
contig_2:1315220-1319107|+ -           1296 26038at2             -            439   3.2e-78  261.7   8.7   5   7   1.8e-09   8.7e-06   22.9   0.2   284   329   691   736   675   739 0.86 contig_2_1260 # 1315220 # 1319107 # 1 # ID=2_1260;partial=00;start_type=ATG;rbs_motif=GGA/GAG/AGG;rbs_spacer=5-10bp;gc_cont=0.592
contig_2:1315220-1319107|+ -           1296 26038at2             -            439   3.2e-78  261.7   8.7   6   7   5.9e-09   2.8e-05   21.2   0.0   316   389   757   849   751   855 0.74 contig_2_1260 # 1315220 # 1319107 # 1 # ID=2_1260;partial=00;start_type=ATG;rbs_motif=GGA/GAG/AGG;rbs_spacer=5-10bp;gc_cont=0.592
contig_2:1315220-1319107|+ -           1296 26038at2             -            439   3.2e-78  261.7   8.7   7   7   3.4e-08   0.00016   18.7   0.0   387   437   876   937   867   939 0.75 contig_2_1260 # 1315220 # 1319107 # 1 # ID=2_1260;partial=00;start_type=ATG;rbs_motif=GGA/GAG/AGG;rbs_spacer=5-10bp;gc_cont=0.592
#
# Program:         hmmsearch
# Version:         3.1b2 (February 2015)
# Pipeline mode:   SEARCH
# Query file:      busco_downloads/bacteria_odb10/hmms/26038at2.hmm
# Target file:     output_files/busco_polished/prodigal_output/predicted_genes/predicted.faa
# Option settings: hmmsearch --domtblout output_files/busco_polished/run_bacteria_odb10/hmmer_output/26038at2.out --cpu 1 busco_downloads/bacteria_odb10/hmms/26038at2.hmm output_files/busco_polished/prodigal_output/predicted_genes/predicted.faa 
# Current dir:     /scratch/yazanalq/Assignment-1---Binf6110
# Date:            Sun Feb  8 19:21:26 2026
# [ok]
