#                                                                                  --- full sequence --- -------------- this domain -------------   hmm coord   ali coord   env coord
# target name              accession   tlen query name           accession   qlen   E-value  score  bias   #  of  c-Evalue  i-Evalue  score  bias  from    to  from    to  from    to  acc description of target
#      ------------------- ---------- ----- -------------------- ---------- ----- --------- ------ ----- --- --- --------- --------- ------ ----- ----- ----- ----- ----- ----- ----- ---- ---------------------
contig_2:1552222-1553739|+ -            506 267682at2            -            304   4.4e-82  273.7   2.9   1   3   4.1e-07   0.00033   17.9   0.0     7    29    15    37     2    48 0.80 contig_2_1461 # 1552222 # 1553739 # 1 # ID=2_1461;partial=00;start_type=ATG;rbs_motif=GGAG/GAGG;rbs_spacer=5-10bp;gc_cont=0.536
contig_2:1552222-1553739|+ -            506 267682at2            -            304   4.4e-82  273.7   2.9   2   3   4.3e-11   3.4e-08   31.0   0.0    29    73    61   115    54   155 0.82 contig_2_1461 # 1552222 # 1553739 # 1 # ID=2_1461;partial=00;start_type=ATG;rbs_motif=GGAG/GAGG;rbs_spacer=5-10bp;gc_cont=0.536
contig_2:1552222-1553739|+ -            506 267682at2            -            304   4.4e-82  273.7   2.9   3   3   1.7e-67   1.4e-64  216.2   0.2    80   296   160   447   138   451 0.80 contig_2_1461 # 1552222 # 1553739 # 1 # ID=2_1461;partial=00;start_type=ATG;rbs_motif=GGAG/GAGG;rbs_spacer=5-10bp;gc_cont=0.536
contig_3:506104-507051|-   -            316 267682at2            -            304   0.00036   17.8   0.4   1   2       1.3     1e+03   -3.4   0.0   124   143    42    61    39    61 0.83 contig_3_506 # 506104 # 507051 # -1 # ID=3_506;partial=00;start_type=GTG;rbs_motif=GGAG/GAGG;rbs_spacer=5-10bp;gc_cont=0.546
contig_3:506104-507051|-   -            316 267682at2            -            304   0.00036   17.8   0.4   2   2   7.2e-07   0.00058   17.1   0.1   206   263   194   251   173   267 0.88 contig_3_506 # 506104 # 507051 # -1 # ID=3_506;partial=00;start_type=GTG;rbs_motif=GGAG/GAGG;rbs_spacer=5-10bp;gc_cont=0.546
contig_2:347777-348460|-   -            228 267682at2            -            304    0.0023   15.2   0.1   1   1     4e-06    0.0032   14.7   0.1   220   259   182   221   152   226 0.83 contig_2_308 # 347777 # 348460 # -1 # ID=2_308;partial=00;start_type=ATG;rbs_motif=AGGA;rbs_spacer=5-10bp;gc_cont=0.586
contig_3:3261465-3263294|+ -            610 267682at2            -            304     0.012   12.9   0.1   1   2     0.021        17    2.5   0.0     8    53    16    64    11    67 0.79 contig_3_3078 # 3261465 # 3263294 # 1 # ID=3_3078;partial=00;start_type=ATG;rbs_motif=AGGA;rbs_spacer=5-10bp;gc_cont=0.545
contig_3:3261465-3263294|+ -            610 267682at2            -            304     0.012   12.9   0.1   2   2   0.00044      0.35    8.0   0.0    37    75    69   114    58   162 0.77 contig_3_3078 # 3261465 # 3263294 # 1 # ID=3_3078;partial=00;start_type=ATG;rbs_motif=AGGA;rbs_spacer=5-10bp;gc_cont=0.545
contig_2:90553-91194|+     -            214 267682at2            -            304     0.021   12.0   0.0   1   1   3.1e-05     0.025   11.8   0.0   226   255   118   147    74   156 0.89 contig_2_86 # 90553 # 91194 # 1 # ID=2_86;partial=00;start_type=ATG;rbs_motif=AGGAG;rbs_spacer=5-10bp;gc_cont=0.540
contig_3:1793953-1794504|- -            184 267682at2            -            304     0.024   11.8   0.0   1   1   3.6e-05     0.029   11.6   0.0   222   254   115   148    71   153 0.76 contig_3_1737 # 1793953 # 1794504 # -1 # ID=3_1737;partial=00;start_type=ATG;rbs_motif=AGxAGG/AGGxGG;rbs_spacer=5-10bp;gc_cont=0.542
#
# Program:         hmmsearch
# Version:         3.1b2 (February 2015)
# Pipeline mode:   SEARCH
# Query file:      busco_downloads/bacteria_odb10/hmms/267682at2.hmm
# Target file:     output_files/busco_polished/prodigal_output/predicted_genes/predicted.faa
# Option settings: hmmsearch --domtblout output_files/busco_polished/run_bacteria_odb10/hmmer_output/267682at2.out --cpu 1 busco_downloads/bacteria_odb10/hmms/267682at2.hmm output_files/busco_polished/prodigal_output/predicted_genes/predicted.faa 
# Current dir:     /scratch/yazanalq/Assignment-1---Binf6110
# Date:            Sun Feb  8 19:21:26 2026
# [ok]
