#                                                                                  --- full sequence --- -------------- this domain -------------   hmm coord   ali coord   env coord
# target name              accession   tlen query name           accession   qlen   E-value  score  bias   #  of  c-Evalue  i-Evalue  score  bias  from    to  from    to  from    to  acc description of target
#      ------------------- ---------- ----- -------------------- ---------- ----- --------- ------ ----- --- --- --------- --------- ------ ----- ----- ----- ----- ----- ----- ----- ---- ---------------------
contig_3:1312997-1314280|- -            428 776861at2            -            618    4e-167  555.1   0.0   1   1  8.5e-170  4.5e-167  555.0   0.0     2   401     2   424     1   427 0.92 contig_3_1292 # 1312997 # 1314280 # -1 # ID=3_1292;partial=00;start_type=ATG;rbs_motif=GGA/GAG/AGG;rbs_spacer=5-10bp;gc_cont=0.537
contig_3:1311237-1311920|- -            228 776861at2            -            618   1.2e-85  286.0   1.3   1   1   2.4e-88   1.3e-85  285.9   1.3   407   612     4   224     1   227 0.97 contig_3_1290 # 1311237 # 1311920 # -1 # ID=3_1290;partial=00;start_type=ATG;rbs_motif=AGGAG;rbs_spacer=5-10bp;gc_cont=0.557
contig_2:540974-542233|+   -            420 776861at2            -            618   1.1e-10   38.4   1.6   1   2   5.7e-13   3.1e-10   36.9   0.9    11   283    11   287     2   326 0.79 contig_2_508 # 540974 # 542233 # 1 # ID=2_508;partial=00;start_type=ATG;rbs_motif=GGA/GAG/AGG;rbs_spacer=5-10bp;gc_cont=0.583
contig_2:540974-542233|+   -            420 776861at2            -            618   1.1e-10   38.4   1.6   2   2      0.18        99   -1.1   0.0    25    66   373   415   353   418 0.75 contig_2_508 # 540974 # 542233 # 1 # ID=2_508;partial=00;start_type=ATG;rbs_motif=GGA/GAG/AGG;rbs_spacer=5-10bp;gc_cont=0.583
contig_2:305127-305660|+   -            178 776861at2            -            618   0.00018   17.9   0.0   1   1   3.6e-07   0.00019   17.8   0.0   412   439    12    39     1    85 0.81 contig_2_277 # 305127 # 305660 # 1 # ID=2_277;partial=00;start_type=TTG;rbs_motif=GGxGG;rbs_spacer=5-10bp;gc_cont=0.536
contig_2:374411-374932|+   -            174 776861at2            -            618    0.0004   16.7   0.0   1   1   1.1e-06   0.00058   16.2   0.0   410   439     6    35     1    37 0.88 contig_2_331 # 374411 # 374932 # 1 # ID=2_331;partial=00;start_type=ATG;rbs_motif=AGxAG;rbs_spacer=5-10bp;gc_cont=0.504
contig_3:1788061-1788705|- -            215 776861at2            -            618    0.0037   13.5   0.1   1   1   8.6e-06    0.0046   13.2   0.1   415   454     7    46     1    80 0.68 contig_3_1732 # 1788061 # 1788705 # -1 # ID=3_1732;partial=00;start_type=ATG;rbs_motif=GGA/GAG/AGG;rbs_spacer=5-10bp;gc_cont=0.544
contig_3:1607411-1608136|+ -            242 776861at2            -            618    0.0055   13.0   0.0   1   1   1.5e-05    0.0081   12.4   0.0   391   428    11    47     3    50 0.75 contig_3_1560 # 1607411 # 1608136 # 1 # ID=3_1560;partial=00;start_type=ATG;rbs_motif=AGGA;rbs_spacer=5-10bp;gc_cont=0.519
contig_3:929874-930620|-   -            249 776861at2            -            618     0.015   11.5   0.0   1   1   4.2e-05     0.022   10.9   0.0   411   435    30    54    17    60 0.88 contig_3_912 # 929874 # 930620 # -1 # ID=3_912;partial=00;start_type=ATG;rbs_motif=AGGA;rbs_spacer=5-10bp;gc_cont=0.527
contig_3:1894069-1894614|- -            182 776861at2            -            618     0.024   10.8   0.1   1   2    0.0001     0.054    9.7   0.0   415   439     9    33     5    39 0.95 contig_3_1832 # 1894069 # 1894614 # -1 # ID=3_1832;partial=00;start_type=ATG;rbs_motif=GGA/GAG/AGG;rbs_spacer=5-10bp;gc_cont=0.582
contig_3:1894069-1894614|- -            182 776861at2            -            618     0.024   10.8   0.1   2   2      0.53   2.8e+02   -2.6   0.0   441   454   141   154   129   174 0.62 contig_3_1832 # 1894069 # 1894614 # -1 # ID=3_1832;partial=00;start_type=ATG;rbs_motif=GGA/GAG/AGG;rbs_spacer=5-10bp;gc_cont=0.582
#
# Program:         hmmsearch
# Version:         3.1b2 (February 2015)
# Pipeline mode:   SEARCH
# Query file:      busco_downloads/bacteria_odb10/hmms/776861at2.hmm
# Target file:     output_files/busco_polished/prodigal_output/predicted_genes/predicted.faa
# Option settings: hmmsearch --domtblout output_files/busco_polished/run_bacteria_odb10/hmmer_output/776861at2.out --cpu 1 busco_downloads/bacteria_odb10/hmms/776861at2.hmm output_files/busco_polished/prodigal_output/predicted_genes/predicted.faa 
# Current dir:     /scratch/yazanalq/Assignment-1---Binf6110
# Date:            Sun Feb  8 19:21:27 2026
# [ok]
