#                                                                                  --- full sequence --- -------------- this domain -------------   hmm coord   ali coord   env coord
# target name              accession   tlen query name           accession   qlen   E-value  score  bias   #  of  c-Evalue  i-Evalue  score  bias  from    to  from    to  from    to  acc description of target
#      ------------------- ---------- ----- -------------------- ---------- ----- --------- ------ ----- --- --- --------- --------- ------ ----- ----- ----- ----- ----- ----- ----- ---- ---------------------
contig_3:2940073-2941362|+ -            430 932854at2            -           1620    1e-205  684.2   0.4   1   1  1.4e-208  1.1e-205  684.0   0.4     2   419     1   427     1   429 0.98 contig_3_2793 # 2940073 # 2941362 # 1 # ID=3_2793;partial=00;start_type=ATG;rbs_motif=GGAG/GAGG;rbs_spacer=5-10bp;gc_cont=0.611
contig_2:1315220-1319107|+ -           1296 932854at2            -           1620     7e-47  157.7   0.0   1   3   7.7e-08   6.2e-05   18.7   0.0   598   667   178   247   117   268 0.88 contig_2_1260 # 1315220 # 1319107 # 1 # ID=2_1260;partial=00;start_type=ATG;rbs_motif=GGA/GAG/AGG;rbs_spacer=5-10bp;gc_cont=0.592
contig_2:1315220-1319107|+ -           1296 932854at2            -           1620     7e-47  157.7   0.0   2   3   5.6e-29   4.5e-26   88.7   0.0   732  1151   288   738   276   830 0.76 contig_2_1260 # 1315220 # 1319107 # 1 # ID=2_1260;partial=00;start_type=ATG;rbs_motif=GGA/GAG/AGG;rbs_spacer=5-10bp;gc_cont=0.592
contig_2:1315220-1319107|+ -           1296 932854at2            -           1620     7e-47  157.7   0.0   3   3     3e-16   2.4e-13   46.5   0.0  1422  1596  1086  1266  1036  1273 0.76 contig_2_1260 # 1315220 # 1319107 # 1 # ID=2_1260;partial=00;start_type=ATG;rbs_motif=GGA/GAG/AGG;rbs_spacer=5-10bp;gc_cont=0.592
contig_2:465200-466549|-   -            450 932854at2            -           1620   1.5e-05   20.7   0.0   1   1   3.1e-08   2.5e-05   20.0   0.0    79   186    92   205    88   226 0.83 contig_2_435 # 465200 # 466549 # -1 # ID=2_435;partial=00;start_type=ATG;rbs_motif=GGAG/GAGG;rbs_spacer=5-10bp;gc_cont=0.548
contig_3:1527670-1528836|- -            389 932854at2            -           1620   3.9e-05   19.3   0.0   1   1   6.1e-08   4.9e-05   19.0   0.0   106   173     8    80     6   126 0.84 contig_3_1492 # 1527670 # 1528836 # -1 # ID=3_1492;partial=00;start_type=ATG;rbs_motif=GGA/GAG/AGG;rbs_spacer=5-10bp;gc_cont=0.566
contig_3:2273447-2276674|- -           1076 932854at2            -           1620   7.6e-05   18.4   0.2   1   2   8.1e-05     0.065    8.6   0.0   110   187   136   212   110   269 0.92 contig_3_2170 # 2273447 # 2276674 # -1 # ID=3_2170;partial=00;start_type=ATG;rbs_motif=AGGAG/GGAGG;rbs_spacer=11-12bp;gc_cont=0.591
contig_3:2273447-2276674|- -           1076 932854at2            -           1620   7.6e-05   18.4   0.2   2   2   0.00016      0.13    7.6   0.0    56   202   628   774   597   780 0.83 contig_3_2170 # 2273447 # 2276674 # -1 # ID=3_2170;partial=00;start_type=ATG;rbs_motif=AGGAG/GGAGG;rbs_spacer=11-12bp;gc_cont=0.591
contig_3:407959-409137|-   -            393 932854at2            -           1620      0.11    7.9   2.2   1   2   0.00013       0.1    8.0   0.1     3   185    14   198    12   219 0.86 contig_3_403 # 407959 # 409137 # -1 # ID=3_403;partial=00;start_type=ATG;rbs_motif=GGA/GAG/AGG;rbs_spacer=5-10bp;gc_cont=0.567
contig_3:407959-409137|-   -            393 932854at2            -           1620      0.11    7.9   2.2   2   2     0.048        39   -0.6   0.2   367   404   354   392   331   392 0.78 contig_3_403 # 407959 # 409137 # -1 # ID=3_403;partial=00;start_type=ATG;rbs_motif=GGA/GAG/AGG;rbs_spacer=5-10bp;gc_cont=0.567
#
# Program:         hmmsearch
# Version:         3.1b2 (February 2015)
# Pipeline mode:   SEARCH
# Query file:      busco_downloads/bacteria_odb10/hmms/932854at2.hmm
# Target file:     output_files/busco_polished/prodigal_output/predicted_genes/predicted.faa
# Option settings: hmmsearch --domtblout output_files/busco_polished/run_bacteria_odb10/hmmer_output/932854at2.out --cpu 1 busco_downloads/bacteria_odb10/hmms/932854at2.hmm output_files/busco_polished/prodigal_output/predicted_genes/predicted.faa 
# Current dir:     /scratch/yazanalq/Assignment-1---Binf6110
# Date:            Sun Feb  8 19:21:27 2026
# [ok]
