#                                                                                  --- full sequence --- -------------- this domain -------------   hmm coord   ali coord   env coord
# target name              accession   tlen query name           accession   qlen   E-value  score  bias   #  of  c-Evalue  i-Evalue  score  bias  from    to  from    to  from    to  acc description of target
#      ------------------- ---------- ----- -------------------- ---------- ----- --------- ------ ----- --- --- --------- --------- ------ ----- ----- ----- ----- ----- ----- ----- ---- ---------------------
contig_2:1302531-1303436|+ -            302 984717at2            -            224   5.3e-68  227.0   7.0   1   1   9.3e-67   3.5e-64  214.5   7.0     1   221    10   291    10   297 0.79 contig_2_1246 # 1302531 # 1303436 # 1 # ID=2_1246;partial=00;start_type=ATG;rbs_motif=GGAG/GAGG;rbs_spacer=5-10bp;gc_cont=0.518
contig_2:1374434-1375906|+ -            491 984717at2            -            224   4.1e-32  109.6   0.0   1   2   1.4e-17   5.2e-15   53.7   0.0     1   105     4   124     4   143 0.78 contig_2_1308 # 1374434 # 1375906 # 1 # ID=2_1308;partial=00;start_type=ATG;rbs_motif=GGAG/GAGG;rbs_spacer=5-10bp;gc_cont=0.547
contig_2:1374434-1375906|+ -            491 984717at2            -            224   4.1e-32  109.6   0.0   2   2   1.5e-17   5.7e-15   53.5   0.2     2    88   205   300   204   337 0.72 contig_2_1308 # 1374434 # 1375906 # 1 # ID=2_1308;partial=00;start_type=ATG;rbs_motif=GGAG/GAGG;rbs_spacer=5-10bp;gc_cont=0.547
contig_3:3282752-3284116|- -            455 984717at2            -            224   3.9e-13   47.5   0.0   1   1   1.7e-15   6.4e-13   46.8   0.0     2    84   219   307   218   351 0.86 contig_3_3099 # 3282752 # 3284116 # -1 # ID=3_3099;partial=00;start_type=ATG;rbs_motif=GGA/GAG/AGG;rbs_spacer=5-10bp;gc_cont=0.597
contig_3:2605615-2606895|- -            427 984717at2            -            224   6.9e-08   30.4   0.4   1   1   4.6e-10   1.7e-07   29.1   0.4     2   105   200   309   199   330 0.77 contig_3_2472 # 2605615 # 2606895 # -1 # ID=3_2472;partial=00;start_type=TTG;rbs_motif=GGAG/GAGG;rbs_spacer=5-10bp;gc_cont=0.541
contig_2:350702-353020|-   -            773 984717at2            -            224   6.7e-07   27.1   0.1   1   1   2.9e-09   1.1e-06   26.5   0.1     2    90     6   103     5   139 0.75 contig_2_312 # 350702 # 353020 # -1 # ID=2_312;partial=00;start_type=ATG;rbs_motif=GGA/GAG/AGG;rbs_spacer=5-10bp;gc_cont=0.563
contig_2:545738-546910|+   -            391 984717at2            -            224   1.7e-05   22.5   0.0   1   2   5.2e-06    0.0019   15.8   0.0     2    59   162   220   161   250 0.84 contig_2_514 # 545738 # 546910 # 1 # ID=2_514;partial=00;start_type=ATG;rbs_motif=GGAG/GAGG;rbs_spacer=5-10bp;gc_cont=0.552
contig_2:545738-546910|+   -            391 984717at2            -            224   1.7e-05   22.5   0.0   2   2     0.013         5    4.7   0.0    79   122   263   306   251   316 0.77 contig_2_514 # 545738 # 546910 # 1 # ID=2_514;partial=00;start_type=ATG;rbs_motif=GGAG/GAGG;rbs_spacer=5-10bp;gc_cont=0.552
contig_2:560841-563519|+   -            893 984717at2            -            224   4.1e-05   21.3   0.1   1   3       5.2   1.9e+03   -3.8   0.5   159   199    84   124    82   128 0.84 contig_2_528 # 560841 # 563519 # 1 # ID=2_528;partial=00;start_type=ATG;rbs_motif=AGGA;rbs_spacer=5-10bp;gc_cont=0.554
contig_2:560841-563519|+   -            893 984717at2            -            224   4.1e-05   21.3   0.1   2   3         3   1.1e+03   -3.0   0.1   129   145   348   364   316   379 0.53 contig_2_528 # 560841 # 563519 # 1 # ID=2_528;partial=00;start_type=ATG;rbs_motif=AGGA;rbs_spacer=5-10bp;gc_cont=0.554
contig_2:560841-563519|+   -            893 984717at2            -            224   4.1e-05   21.3   0.1   3   3   1.1e-07   4.1e-05   21.3   0.1     2   105   396   506   395   526 0.79 contig_2_528 # 560841 # 563519 # 1 # ID=2_528;partial=00;start_type=ATG;rbs_motif=AGGA;rbs_spacer=5-10bp;gc_cont=0.554
contig_3:3122634-3123266|+ -            211 984717at2            -            224   8.5e-05   20.3   0.0   1   2   1.4e-06   0.00052   17.7   0.0     2    66    29    92    28   101 0.72 contig_3_2957 # 3122634 # 3123266 # 1 # ID=3_2957;partial=00;start_type=TTG;rbs_motif=GGAG/GAGG;rbs_spacer=5-10bp;gc_cont=0.520
contig_3:3122634-3123266|+ -            211 984717at2            -            224   8.5e-05   20.3   0.0   2   2      0.27        98    0.4   0.1    61    94   125   159   107   186 0.69 contig_3_2957 # 3122634 # 3123266 # 1 # ID=3_2957;partial=00;start_type=TTG;rbs_motif=GGAG/GAGG;rbs_spacer=5-10bp;gc_cont=0.520
contig_3:501903-502994|-   -            364 984717at2            -            224   0.00065   17.4   0.1   1   1   3.2e-06    0.0012   16.5   0.1     3    22     6    25     4    31 0.87 contig_3_502 # 501903 # 502994 # -1 # ID=3_502;partial=00;start_type=ATG;rbs_motif=GGA/GAG/AGG;rbs_spacer=5-10bp;gc_cont=0.528
contig_2:1448151-1448630|+ -            160 984717at2            -            224     0.008   13.8   0.0   1   1   0.00019      0.07   10.7   0.0     2    85     4    77     3   123 0.64 contig_2_1354 # 1448151 # 1448630 # 1 # ID=2_1354;partial=00;start_type=ATG;rbs_motif=GGxGG;rbs_spacer=5-10bp;gc_cont=0.510
contig_3:1230908-1232815|- -            636 984717at2            -            224     0.031   11.9   0.2   1   2    0.0026      0.96    7.0   0.0     2    19    32    49    31    53 0.88 contig_3_1211 # 1230908 # 1232815 # -1 # ID=3_1211;partial=00;start_type=ATG;rbs_motif=AGGA;rbs_spacer=5-10bp;gc_cont=0.528
contig_3:1230908-1232815|- -            636 984717at2            -            224     0.031   11.9   0.2   2   2     0.057        21    2.6   0.0     2    22   348   368   347   380 0.92 contig_3_1211 # 1230908 # 1232815 # -1 # ID=3_1211;partial=00;start_type=ATG;rbs_motif=AGGA;rbs_spacer=5-10bp;gc_cont=0.528
contig_3:2617160-2618212|+ -            351 984717at2            -            224     0.045   11.3   0.2   1   2      0.61   2.3e+02   -0.8   0.0    89   105   151   167   116   194 0.75 contig_3_2482 # 2617160 # 2618212 # 1 # ID=3_2482;partial=00;start_type=TTG;rbs_motif=AGGAG;rbs_spacer=5-10bp;gc_cont=0.534
contig_3:2617160-2618212|+ -            351 984717at2            -            224     0.045   11.3   0.2   2   2   0.00048      0.18    9.4   0.0     5    29   213   237   209   272 0.87 contig_3_2482 # 2617160 # 2618212 # 1 # ID=3_2482;partial=00;start_type=TTG;rbs_motif=AGGAG;rbs_spacer=5-10bp;gc_cont=0.534
contig_2:1126475-1130128|- -           1218 984717at2            -            224     0.071   10.7   1.5   1   2     0.067        25    2.4   0.1     2    17   370   385   369   389 0.88 contig_2_1074 # 1126475 # 1130128 # -1 # ID=2_1074;partial=00;start_type=ATG;rbs_motif=AGGAGG;rbs_spacer=3-4bp;gc_cont=0.590
contig_2:1126475-1130128|- -           1218 984717at2            -            224     0.071   10.7   1.5   2   2    0.0029       1.1    6.8   0.2     1    20   995  1014   995  1016 0.88 contig_2_1074 # 1126475 # 1130128 # -1 # ID=2_1074;partial=00;start_type=ATG;rbs_motif=AGGAGG;rbs_spacer=3-4bp;gc_cont=0.590
#
# Program:         hmmsearch
# Version:         3.1b2 (February 2015)
# Pipeline mode:   SEARCH
# Query file:      busco_downloads/bacteria_odb10/hmms/984717at2.hmm
# Target file:     output_files/busco_polished/prodigal_output/predicted_genes/predicted.faa
# Option settings: hmmsearch --domtblout output_files/busco_polished/run_bacteria_odb10/hmmer_output/984717at2.out --cpu 1 busco_downloads/bacteria_odb10/hmms/984717at2.hmm output_files/busco_polished/prodigal_output/predicted_genes/predicted.faa 
# Current dir:     /scratch/yazanalq/Assignment-1---Binf6110
# Date:            Sun Feb  8 19:21:28 2026
# [ok]
