#                                                                                  --- full sequence --- -------------- this domain -------------   hmm coord   ali coord   env coord
# target name              accession   tlen query name           accession   qlen   E-value  score  bias   #  of  c-Evalue  i-Evalue  score  bias  from    to  from    to  from    to  acc description of target
#      ------------------- ---------- ----- -------------------- ---------- ----- --------- ------ ----- --- --- --------- --------- ------ ----- ----- ----- ----- ----- ----- ----- ---- ---------------------
contig_3:2607363-2608313|- -            317 1069591at2           -            187   6.4e-48  161.0   2.5   1   2   8.4e-40   1.4e-36  124.0   0.0     2   128    13   174    12   187 0.80 contig_3_2475 # 2607363 # 2608313 # -1 # ID=2_2475;partial=00;start_type=ATG;rbs_motif=None;rbs_spacer=None;gc_cont=0.545
contig_3:2607363-2608313|- -            317 1069591at2           -            187   6.4e-48  161.0   2.5   2   2     6e-08   9.7e-05   20.2   1.5   134   186   206   287   196   288 0.72 contig_3_2475 # 2607363 # 2608313 # -1 # ID=2_2475;partial=00;start_type=ATG;rbs_motif=None;rbs_spacer=None;gc_cont=0.545
contig_3:1351945-1354221|- -            759 1069591at2           -            187    0.0056   14.4   5.6   1   4    0.0081        13    3.5   0.0     3    38   211   245   210   251 0.84 contig_3_1323 # 1351945 # 1354221 # -1 # ID=2_1323;partial=00;start_type=ATG;rbs_motif=GGAGG;rbs_spacer=5-10bp;gc_cont=0.542
contig_3:1351945-1354221|- -            759 1069591at2           -            187    0.0056   14.4   5.6   2   4       0.8   1.3e+03   -3.0   0.0   158   180   318   340   315   343 0.81 contig_3_1323 # 1351945 # 1354221 # -1 # ID=2_1323;partial=00;start_type=ATG;rbs_motif=GGAGG;rbs_spacer=5-10bp;gc_cont=0.542
contig_3:1351945-1354221|- -            759 1069591at2           -            187    0.0056   14.4   5.6   3   4    0.0091        15    3.3   0.3    96   158   408   469   403   479 0.84 contig_3_1323 # 1351945 # 1354221 # -1 # ID=2_1323;partial=00;start_type=ATG;rbs_motif=GGAGG;rbs_spacer=5-10bp;gc_cont=0.542
contig_3:1351945-1354221|- -            759 1069591at2           -            187    0.0056   14.4   5.6   4   4   0.00032      0.52    8.0   0.0     3    22   492   511   490   516 0.88 contig_3_1323 # 1351945 # 1354221 # -1 # ID=2_1323;partial=00;start_type=ATG;rbs_motif=GGAGG;rbs_spacer=5-10bp;gc_cont=0.542
contig_2:1221726-1224299|+ -            858 1069591at2           -            187     0.018   12.8   0.3   1   3      0.67   1.1e+03   -2.8   0.1    86   140   109   163   108   174 0.78 contig_2_1165 # 1221726 # 1224299 # 1 # ID=1_1165;partial=00;start_type=ATG;rbs_motif=GGAGG;rbs_spacer=3-4bp;gc_cont=0.533
contig_2:1221726-1224299|+ -            858 1069591at2           -            187     0.018   12.8   0.3   2   3      0.12   1.9e+02   -0.3   0.0     3    26   203   225   202   228 0.86 contig_2_1165 # 1221726 # 1224299 # 1 # ID=1_1165;partial=00;start_type=ATG;rbs_motif=GGAGG;rbs_spacer=3-4bp;gc_cont=0.533
contig_2:1221726-1224299|+ -            858 1069591at2           -            187     0.018   12.8   0.3   3   3   0.00024      0.39    8.4   0.0     3    30   602   629   600   635 0.80 contig_2_1165 # 1221726 # 1224299 # 1 # ID=1_1165;partial=00;start_type=ATG;rbs_motif=GGAGG;rbs_spacer=3-4bp;gc_cont=0.533
#
# Program:         hmmsearch
# Version:         3.1b2 (February 2015)
# Pipeline mode:   SEARCH
# Query file:      busco_downloads/bacteria_odb10/hmms/1069591at2.hmm
# Target file:     output_files/busco_raw/prodigal_output/predicted_genes/predicted.faa
# Option settings: hmmsearch --domtblout output_files/busco_raw/run_bacteria_odb10/hmmer_output/1069591at2.out --cpu 1 busco_downloads/bacteria_odb10/hmms/1069591at2.hmm output_files/busco_raw/prodigal_output/predicted_genes/predicted.faa 
# Current dir:     /scratch/yazanalq/Assignment-1---Binf6110
# Date:            Sun Feb  8 19:21:26 2026
# [ok]
