#                                                                                  --- full sequence --- -------------- this domain -------------   hmm coord   ali coord   env coord
# target name              accession   tlen query name           accession   qlen   E-value  score  bias   #  of  c-Evalue  i-Evalue  score  bias  from    to  from    to  from    to  acc description of target
#      ------------------- ---------- ----- -------------------- ---------- ----- --------- ------ ----- --- --- --------- --------- ------ ----- ----- ----- ----- ----- ----- ----- ---- ---------------------
contig_3:2205010-2206326|- -            439 1093223at2           -            361   3.9e-96  320.7   0.0   1   1   7.3e-99   5.9e-96  320.1   0.0     2   358     6   437     5   438 0.83 contig_3_2114 # 2205010 # 2206326 # -1 # ID=2_2114;partial=00;start_type=ATG;rbs_motif=GGA/GAG/AGG;rbs_spacer=5-10bp;gc_cont=0.582
contig_3:2201108-2202583|- -            492 1093223at2           -            361   3.3e-23   80.7   0.0   1   1   7.3e-26   5.9e-23   79.9   0.0    36   254    76   340    56   348 0.78 contig_3_2111 # 2201108 # 2202583 # -1 # ID=2_2111;partial=00;start_type=ATG;rbs_motif=4Base/6BMM;rbs_spacer=13-15bp;gc_cont=0.564
contig_3:2207405-2208763|- -            453 1093223at2           -            361   1.9e-15   55.2   0.3   1   1   4.5e-18   3.6e-15   54.3   0.3    63   279    87   359    48   384 0.78 contig_3_2116 # 2207405 # 2208763 # -1 # ID=2_2116;partial=00;start_type=ATG;rbs_motif=GGxGG;rbs_spacer=5-10bp;gc_cont=0.564
contig_3:2208760-2210247|- -            496 1093223at2           -            361   3.8e-15   54.2   5.3   1   1   1.2e-15   9.5e-13   46.3   5.3    72   307   108   417    99   425 0.67 contig_3_2117 # 2208760 # 2210247 # -1 # ID=2_2117;partial=00;start_type=GTG;rbs_motif=GGAG/GAGG;rbs_spacer=5-10bp;gc_cont=0.587
contig_3:2553095-2554474|- -            460 1093223at2           -            361   9.9e-11   39.7   0.0   1   2   2.9e-06    0.0023   15.4   0.0    53    98    79   128    62   158 0.77 contig_3_2417 # 2553095 # 2554474 # -1 # ID=2_2417;partial=00;start_type=ATG;rbs_motif=AGGA;rbs_spacer=5-10bp;gc_cont=0.587
contig_3:2553095-2554474|- -            460 1093223at2           -            361   9.9e-11   39.7   0.0   2   2   2.6e-08   2.1e-05   22.2   0.0   203   257   272   331   228   381 0.77 contig_3_2417 # 2553095 # 2554474 # -1 # ID=2_2417;partial=00;start_type=ATG;rbs_motif=AGGA;rbs_spacer=5-10bp;gc_cont=0.587
contig_2:1549452-1550720|+ -            423 1093223at2           -            361   0.00024   18.7   0.1   1   3   0.00016      0.13    9.7   0.0    72   100    48    76    25    91 0.81 contig_2_1459 # 1549452 # 1550720 # 1 # ID=1_1459;partial=00;start_type=ATG;rbs_motif=AGxAG;rbs_spacer=5-10bp;gc_cont=0.585
contig_2:1549452-1550720|+ -            423 1093223at2           -            361   0.00024   18.7   0.1   2   3    0.0032       2.6    5.4   0.0   130   265   160   311   156   324 0.55 contig_2_1459 # 1549452 # 1550720 # 1 # ID=1_1459;partial=00;start_type=ATG;rbs_motif=AGxAG;rbs_spacer=5-10bp;gc_cont=0.585
contig_2:1549452-1550720|+ -            423 1093223at2           -            361   0.00024   18.7   0.1   3   3       1.1   8.5e+02   -2.9   0.0   208   246   373   415   364   418 0.58 contig_2_1459 # 1549452 # 1550720 # 1 # ID=1_1459;partial=00;start_type=ATG;rbs_motif=AGxAG;rbs_spacer=5-10bp;gc_cont=0.585
#
# Program:         hmmsearch
# Version:         3.1b2 (February 2015)
# Pipeline mode:   SEARCH
# Query file:      busco_downloads/bacteria_odb10/hmms/1093223at2.hmm
# Target file:     output_files/busco_raw/prodigal_output/predicted_genes/predicted.faa
# Option settings: hmmsearch --domtblout output_files/busco_raw/run_bacteria_odb10/hmmer_output/1093223at2.out --cpu 1 busco_downloads/bacteria_odb10/hmms/1093223at2.hmm output_files/busco_raw/prodigal_output/predicted_genes/predicted.faa 
# Current dir:     /scratch/yazanalq/Assignment-1---Binf6110
# Date:            Sun Feb  8 19:21:26 2026
# [ok]
