#                                                                                  --- full sequence --- -------------- this domain -------------   hmm coord   ali coord   env coord
# target name              accession   tlen query name           accession   qlen   E-value  score  bias   #  of  c-Evalue  i-Evalue  score  bias  from    to  from    to  from    to  acc description of target
#      ------------------- ---------- ----- -------------------- ---------- ----- --------- ------ ----- --- --- --------- --------- ------ ----- ----- ----- ----- ----- ----- ----- ---- ---------------------
contig_3:3113316-3115139|- -            608 143460at2            -            439  4.7e-170  564.1   0.7   1   1  3.9e-168  1.6e-165  549.2   0.7     1   439     5   590     5   590 0.86 contig_3_2950 # 3113316 # 3115139 # -1 # ID=2_2950;partial=00;start_type=GTG;rbs_motif=GGAG/GAGG;rbs_spacer=5-10bp;gc_cont=0.536
contig_2:1298789-1300588|+ -            600 143460at2            -            439   1.8e-36  123.9   0.2   1   2   3.2e-38   1.3e-35  121.1   0.1     1   193     4   228     4   237 0.81 contig_2_1244 # 1298789 # 1300588 # 1 # ID=1_1244;partial=00;start_type=ATG;rbs_motif=None;rbs_spacer=None;gc_cont=0.529
contig_2:1298789-1300588|+ -            600 143460at2            -            439   1.8e-36  123.9   0.2   2   2      0.16        65    0.1   0.0   268   303   344   380   334   389 0.81 contig_2_1244 # 1298789 # 1300588 # 1 # ID=1_1244;partial=00;start_type=ATG;rbs_motif=None;rbs_spacer=None;gc_cont=0.529
contig_2:415492-417606|+   -            705 143460at2            -            439   1.5e-34  117.6   0.6   1   4   1.1e-25   4.6e-23   79.7   0.0     2   120    11   154    10   167 0.82 contig_2_373 # 415492 # 417606 # 1 # ID=1_373;partial=00;start_type=ATG;rbs_motif=GGAG/GAGG;rbs_spacer=5-10bp;gc_cont=0.517
contig_2:415492-417606|+   -            705 143460at2            -            439   1.5e-34  117.6   0.6   2   4    0.0064       2.6    4.8   0.0   195   242   288   335   264   350 0.59 contig_2_373 # 415492 # 417606 # 1 # ID=1_373;partial=00;start_type=ATG;rbs_motif=GGAG/GAGG;rbs_spacer=5-10bp;gc_cont=0.517
contig_2:415492-417606|+   -            705 143460at2            -            439   1.5e-34  117.6   0.6   3   4   5.7e-08   2.3e-05   21.4   0.1   177   300   363   495   347   513 0.64 contig_2_373 # 415492 # 417606 # 1 # ID=1_373;partial=00;start_type=ATG;rbs_motif=GGAG/GAGG;rbs_spacer=5-10bp;gc_cont=0.517
contig_2:415492-417606|+   -            705 143460at2            -            439   1.5e-34  117.6   0.6   4   4     0.002      0.81    6.4   0.0   294   345   618   678   601   683 0.79 contig_2_373 # 415492 # 417606 # 1 # ID=1_373;partial=00;start_type=ATG;rbs_motif=GGAG/GAGG;rbs_spacer=5-10bp;gc_cont=0.517
contig_4:37562-39481|+     -            640 143460at2            -            439   3.9e-28   96.5   0.7   1   3   1.8e-29   7.1e-27   92.3   0.5     1   134     3   153     3   186 0.81 contig_4_45 # 37562 # 39481 # 1 # ID=3_45;partial=00;start_type=ATG;rbs_motif=GGAGG;rbs_spacer=5-10bp;gc_cont=0.363
contig_4:37562-39481|+     -            640 143460at2            -            439   3.9e-28   96.5   0.7   2   3      0.12        49    0.5   0.0   155   192   248   285   207   305 0.75 contig_4_45 # 37562 # 39481 # 1 # ID=3_45;partial=00;start_type=ATG;rbs_motif=GGAGG;rbs_spacer=5-10bp;gc_cont=0.363
contig_4:37562-39481|+     -            640 143460at2            -            439   3.9e-28   96.5   0.7   3   3      0.41   1.7e+02   -1.2   0.0   319   347   575   603   547   611 0.82 contig_4_45 # 37562 # 39481 # 1 # ID=3_45;partial=00;start_type=ATG;rbs_motif=GGAGG;rbs_spacer=5-10bp;gc_cont=0.363
contig_2:417678-418862|+   -            395 143460at2            -            439   5.1e-19   66.4   0.5   1   2   6.3e-20   2.5e-17   60.8   0.1     3   123    14   151    12   175 0.70 contig_2_374 # 417678 # 418862 # 1 # ID=1_374;partial=00;start_type=GTG;rbs_motif=AGGA;rbs_spacer=5-10bp;gc_cont=0.540
contig_2:417678-418862|+   -            395 143460at2            -            439   5.1e-19   66.4   0.5   2   2     0.011       4.6    3.9   0.0   169   195   224   250   199   259 0.86 contig_2_374 # 417678 # 418862 # 1 # ID=1_374;partial=00;start_type=GTG;rbs_motif=AGGA;rbs_spacer=5-10bp;gc_cont=0.540
contig_3:2970741-2971925|- -            395 143460at2            -            439   5.1e-19   66.4   0.5   1   2   6.3e-20   2.5e-17   60.8   0.1     3   123    14   151    12   175 0.70 contig_3_2822 # 2970741 # 2971925 # -1 # ID=2_2822;partial=00;start_type=ATG;rbs_motif=GGAG/GAGG;rbs_spacer=5-10bp;gc_cont=0.540
contig_3:2970741-2971925|- -            395 143460at2            -            439   5.1e-19   66.4   0.5   2   2     0.011       4.6    3.9   0.0   169   195   224   250   199   259 0.86 contig_3_2822 # 2970741 # 2971925 # -1 # ID=2_2822;partial=00;start_type=ATG;rbs_motif=GGAG/GAGG;rbs_spacer=5-10bp;gc_cont=0.540
contig_2:560841-563519|+   -            893 143460at2            -            439   2.3e-17   60.9   1.1   1   2   1.2e-19   4.8e-17   59.9   0.5     4   120   396   515   394   599 0.80 contig_2_528 # 560841 # 563519 # 1 # ID=1_528;partial=00;start_type=ATG;rbs_motif=AGGA;rbs_spacer=5-10bp;gc_cont=0.554
contig_2:560841-563519|+   -            893 143460at2            -            439   2.3e-17   60.9   1.1   2   2       1.8   7.4e+02   -3.3   0.0   166   191   808   833   789   837 0.84 contig_2_528 # 560841 # 563519 # 1 # ID=1_528;partial=00;start_type=ATG;rbs_motif=AGGA;rbs_spacer=5-10bp;gc_cont=0.554
contig_3:2395665-2397254|- -            530 143460at2            -            439   7.8e-17   59.2   0.1   1   2   4.6e-19   1.8e-16   58.0   0.0     2   115    14   149    13   166 0.74 contig_3_2277 # 2395665 # 2397254 # -1 # ID=2_2277;partial=00;start_type=ATG;rbs_motif=AGxAG;rbs_spacer=5-10bp;gc_cont=0.543
contig_3:2395665-2397254|- -            530 143460at2            -            439   7.8e-17   59.2   0.1   2   2       2.3   9.3e+02   -3.7   0.0   168   190   311   333   293   349 0.73 contig_3_2277 # 2395665 # 2397254 # -1 # ID=2_2277;partial=00;start_type=ATG;rbs_motif=AGxAG;rbs_spacer=5-10bp;gc_cont=0.543
contig_2:973316-974755|+   -            480 143460at2            -            439   2.5e-10   37.8   0.3   1   3     0.069        28    1.4   0.1     9    32    35    59    31    71 0.76 contig_2_918 # 973316 # 974755 # 1 # ID=1_918;partial=00;start_type=ATG;rbs_motif=AGGAG;rbs_spacer=5-10bp;gc_cont=0.544
contig_2:973316-974755|+   -            480 143460at2            -            439   2.5e-10   37.8   0.3   2   3   3.9e-11   1.6e-08   31.8   0.0    30   116    80   176    71   194 0.79 contig_2_918 # 973316 # 974755 # 1 # ID=1_918;partial=00;start_type=ATG;rbs_motif=AGGAG;rbs_spacer=5-10bp;gc_cont=0.544
contig_2:973316-974755|+   -            480 143460at2            -            439   2.5e-10   37.8   0.3   3   3      0.11        46    0.6   0.0   147   202   237   292   213   319 0.70 contig_2_918 # 973316 # 974755 # 1 # ID=1_918;partial=00;start_type=ATG;rbs_motif=AGGAG;rbs_spacer=5-10bp;gc_cont=0.544
contig_2:144457-146307|+   -            617 143460at2            -            439   2.1e-09   34.7   0.1   1   1   7.5e-12     3e-09   34.2   0.1     4   130     3   134     1   150 0.79 contig_2_137 # 144457 # 146307 # 1 # ID=1_137;partial=00;start_type=ATG;rbs_motif=AGGA/GGAG/GAGG;rbs_spacer=11-12bp;gc_cont=0.571
contig_2:1374433-1375905|+ -            491 143460at2            -            439   0.00012   19.0   0.1   1   2    0.0077       3.1    4.5   0.0    72   112    79   122     4   159 0.75 contig_2_1309 # 1374433 # 1375905 # 1 # ID=1_1309;partial=00;start_type=ATG;rbs_motif=GGAG/GAGG;rbs_spacer=5-10bp;gc_cont=0.547
contig_2:1374433-1375905|+ -            491 143460at2            -            439   0.00012   19.0   0.1   2   2   3.1e-05     0.012   12.4   0.0    73   138   283   354   204   387 0.74 contig_2_1309 # 1374433 # 1375905 # 1 # ID=1_1309;partial=00;start_type=ATG;rbs_motif=GGAG/GAGG;rbs_spacer=5-10bp;gc_cont=0.547
contig_2:1302530-1303435|+ -            302 143460at2            -            439    0.0003   17.7   0.2   1   1   1.1e-06   0.00045   17.2   0.2     4   147    11   165     9   181 0.72 contig_2_1247 # 1302530 # 1303435 # 1 # ID=1_1247;partial=00;start_type=ATG;rbs_motif=GGAG/GAGG;rbs_spacer=5-10bp;gc_cont=0.518
#
# Program:         hmmsearch
# Version:         3.1b2 (February 2015)
# Pipeline mode:   SEARCH
# Query file:      busco_downloads/bacteria_odb10/hmms/143460at2.hmm
# Target file:     output_files/busco_raw/prodigal_output/predicted_genes/predicted.faa
# Option settings: hmmsearch --domtblout output_files/busco_raw/run_bacteria_odb10/hmmer_output/143460at2.out --cpu 1 busco_downloads/bacteria_odb10/hmms/143460at2.hmm output_files/busco_raw/prodigal_output/predicted_genes/predicted.faa 
# Current dir:     /scratch/yazanalq/Assignment-1---Binf6110
# Date:            Sun Feb  8 19:21:26 2026
# [ok]
