#                                                                                  --- full sequence --- -------------- this domain -------------   hmm coord   ali coord   env coord
# target name              accession   tlen query name           accession   qlen   E-value  score  bias   #  of  c-Evalue  i-Evalue  score  bias  from    to  from    to  from    to  acc description of target
#      ------------------- ---------- ----- -------------------- ---------- ----- --------- ------ ----- --- --- --------- --------- ------ ----- ----- ----- ----- ----- ----- ----- ---- ---------------------
contig_2:83432-84055|-     -            208 1502854at2           -            192   3.6e-84  279.2   0.1   1   1   4.5e-86   4.2e-84  279.0   0.1     4   190     2   189     1   193 0.98 contig_2_79 # 83432 # 84055 # -1 # ID=1_79;partial=00;start_type=ATG;rbs_motif=None;rbs_spacer=None;gc_cont=0.497
contig_2:1374433-1375905|+ -            491 1502854at2           -            192   1.6e-05   22.7   0.3   1   3     0.015       1.4    6.6   0.0     8    57     4    55     1    74 0.84 contig_2_1309 # 1374433 # 1375905 # 1 # ID=1_1309;partial=00;start_type=ATG;rbs_motif=GGAG/GAGG;rbs_spacer=5-10bp;gc_cont=0.547
contig_2:1374433-1375905|+ -            491 1502854at2           -            192   1.6e-05   22.7   0.3   2   3   0.00029     0.027   12.1   0.0    11    80   207   278   203   302 0.84 contig_2_1309 # 1374433 # 1375905 # 1 # ID=1_1309;partial=00;start_type=ATG;rbs_motif=GGAG/GAGG;rbs_spacer=5-10bp;gc_cont=0.547
contig_2:1374433-1375905|+ -            491 1502854at2           -            192   1.6e-05   22.7   0.3   3   3       2.3   2.2e+02   -0.6   0.0     8    42   350   386   348   388 0.75 contig_2_1309 # 1374433 # 1375905 # 1 # ID=1_1309;partial=00;start_type=ATG;rbs_motif=GGAG/GAGG;rbs_spacer=5-10bp;gc_cont=0.547
contig_3:1230913-1232820|- -            636 1502854at2           -            192   6.8e-05   20.6   0.2   1   3    0.0082      0.78    7.4   0.0     9    29    32    52    27    60 0.85 contig_3_1211 # 1230913 # 1232820 # -1 # ID=2_1211;partial=00;start_type=ATG;rbs_motif=AGGA;rbs_spacer=5-10bp;gc_cont=0.528
contig_3:1230913-1232820|- -            636 1502854at2           -            192   6.8e-05   20.6   0.2   2   3       2.9   2.7e+02   -0.9   0.0    80   100   300   320   278   338 0.78 contig_3_1211 # 1230913 # 1232820 # -1 # ID=2_1211;partial=00;start_type=ATG;rbs_motif=AGGA;rbs_spacer=5-10bp;gc_cont=0.528
contig_3:1230913-1232820|- -            636 1502854at2           -            192   6.8e-05   20.6   0.2   3   3    0.0032      0.31    8.7   0.0     5    29   344   368   340   379 0.84 contig_3_1211 # 1230913 # 1232820 # -1 # ID=2_1211;partial=00;start_type=ATG;rbs_motif=AGGA;rbs_spacer=5-10bp;gc_cont=0.528
contig_3:1438732-1439454|+ -            241 1502854at2           -            192   0.00017   19.4   0.0   1   1   4.1e-06   0.00038   18.2   0.0     4    28    25    49    23    56 0.87 contig_3_1406 # 1438732 # 1439454 # 1 # ID=2_1406;partial=00;start_type=GTG;rbs_motif=AGGA;rbs_spacer=5-10bp;gc_cont=0.523
contig_3:1450502-1452238|+ -            579 1502854at2           -            192   0.00027   18.7   0.5   1   2    0.0039      0.36    8.5   0.1     6    27    33    54    30    60 0.86 contig_3_1416 # 1450502 # 1452238 # 1 # ID=2_1416;partial=00;start_type=ATG;rbs_motif=GGAG/GAGG;rbs_spacer=5-10bp;gc_cont=0.558
contig_3:1450502-1452238|+ -            579 1502854at2           -            192   0.00027   18.7   0.5   2   2    0.0055      0.52    8.0   0.0     4    26   353   375   351   378 0.90 contig_3_1416 # 1450502 # 1452238 # 1 # ID=2_1416;partial=00;start_type=ATG;rbs_motif=GGAG/GAGG;rbs_spacer=5-10bp;gc_cont=0.558
contig_3:1607416-1608141|+ -            242 1502854at2           -            192    0.0003   18.5   0.1   1   1   5.2e-06   0.00049   17.8   0.1     4    27    25    48    22    58 0.88 contig_3_1561 # 1607416 # 1608141 # 1 # ID=2_1561;partial=00;start_type=ATG;rbs_motif=AGGA;rbs_spacer=5-10bp;gc_cont=0.519
contig_3:1311242-1311925|- -            228 1502854at2           -            192   0.00032   18.5   0.2   1   2     5e-05    0.0047   14.6   0.0     8    29     7    28     1    36 0.84 contig_3_1291 # 1311242 # 1311925 # -1 # ID=2_1291;partial=00;start_type=ATG;rbs_motif=AGGAG;rbs_spacer=5-10bp;gc_cont=0.557
contig_3:1311242-1311925|- -            228 1502854at2           -            192   0.00032   18.5   0.2   2   2      0.51        48    1.5   0.1   115   154   138   177   134   222 0.77 contig_3_1291 # 1311242 # 1311925 # -1 # ID=2_1291;partial=00;start_type=ATG;rbs_motif=AGGAG;rbs_spacer=5-10bp;gc_cont=0.557
contig_3:2815847-2818672|+ -            942 1502854at2           -            192   0.00062   17.5   0.1   1   2    0.0039      0.37    8.4   0.0     5    26    23    44    21    63 0.79 contig_3_2661 # 2815847 # 2818672 # 1 # ID=2_2661;partial=00;start_type=ATG;rbs_motif=GGA/GAG/AGG;rbs_spacer=5-10bp;gc_cont=0.571
contig_3:2815847-2818672|+ -            942 1502854at2           -            192   0.00062   17.5   0.1   2   2     0.015       1.4    6.5   0.0     6    26   633   653   631   659 0.87 contig_3_2661 # 2815847 # 2818672 # 1 # ID=2_2661;partial=00;start_type=ATG;rbs_motif=GGA/GAG/AGG;rbs_spacer=5-10bp;gc_cont=0.571
contig_3:2702197-2703948|- -            584 1502854at2           -            192   0.00076   17.2   2.3   1   3      0.72        68    1.1   0.0    10    24    12    26     8    44 0.81 contig_3_2567 # 2702197 # 2703948 # -1 # ID=2_2567;partial=00;start_type=ATG;rbs_motif=AGGAGG;rbs_spacer=3-4bp;gc_cont=0.533
contig_3:2702197-2703948|- -            584 1502854at2           -            192   0.00076   17.2   2.3   2   3       7.8   7.4e+02   -2.3   0.1   147   183   212   248   177   256 0.56 contig_3_2567 # 2702197 # 2703948 # -1 # ID=2_2567;partial=00;start_type=ATG;rbs_motif=AGGAGG;rbs_spacer=3-4bp;gc_cont=0.533
contig_3:2702197-2703948|- -            584 1502854at2           -            192   0.00076   17.2   2.3   3   3   4.8e-05    0.0045   14.7   0.0     7    44   328   365   323   367 0.90 contig_3_2567 # 2702197 # 2703948 # -1 # ID=2_2567;partial=00;start_type=ATG;rbs_motif=AGGAGG;rbs_spacer=3-4bp;gc_cont=0.533
contig_3:658759-659490|-   -            244 1502854at2           -            192   0.00079   17.2   0.0   1   1   1.3e-05    0.0012   16.5   0.0     5    29    28    52    25    61 0.85 contig_3_647 # 658759 # 659490 # -1 # ID=2_647;partial=00;start_type=ATG;rbs_motif=GGAG/GAGG;rbs_spacer=5-10bp;gc_cont=0.434
contig_3:2880537-2881646|- -            370 1502854at2           -            192   0.00084   17.1   0.2   1   2     9e-05    0.0085   13.8   0.0     6    27    29    50    26    57 0.87 contig_3_2744 # 2880537 # 2881646 # -1 # ID=2_2744;partial=00;start_type=ATG;rbs_motif=GGAG/GAGG;rbs_spacer=5-10bp;gc_cont=0.578
contig_3:2880537-2881646|- -            370 1502854at2           -            192   0.00084   17.1   0.2   2   2       1.2   1.2e+02    0.3   0.0   101   130   294   322   291   331 0.79 contig_3_2744 # 2880537 # 2881646 # -1 # ID=2_2744;partial=00;start_type=ATG;rbs_motif=GGAG/GAGG;rbs_spacer=5-10bp;gc_cont=0.578
contig_2:1126474-1130127|- -           1218 1502854at2           -            192    0.0009   17.0   1.0   1   2     0.028       2.6    5.7   0.1     6    27   367   388   364   404 0.83 contig_2_1075 # 1126474 # 1130127 # -1 # ID=1_1075;partial=00;start_type=ATG;rbs_motif=AGGAGG;rbs_spacer=3-4bp;gc_cont=0.590
contig_2:1126474-1130127|- -           1218 1502854at2           -            192    0.0009   17.0   1.0   2   2     0.003      0.28    8.8   0.1     6    26   993  1013   990  1019 0.89 contig_2_1075 # 1126474 # 1130127 # -1 # ID=1_1075;partial=00;start_type=ATG;rbs_motif=AGGAGG;rbs_spacer=3-4bp;gc_cont=0.590
contig_2:305127-305660|+   -            178 1502854at2           -            192    0.0011   16.6   0.0   1   2   0.00013     0.012   13.3   0.0     4    29     6    31     3    37 0.85 contig_2_277 # 305127 # 305660 # 1 # ID=1_277;partial=00;start_type=TTG;rbs_motif=GGxGG;rbs_spacer=5-10bp;gc_cont=0.536
contig_2:305127-305660|+   -            178 1502854at2           -            192    0.0011   16.6   0.0   2   2      0.55        52    1.4   0.0   115   142   102   127    85   172 0.69 contig_2_277 # 305127 # 305660 # 1 # ID=1_277;partial=00;start_type=TTG;rbs_motif=GGxGG;rbs_spacer=5-10bp;gc_cont=0.536
contig_2:374411-374932|+   -            174 1502854at2           -            192     0.002   15.8   1.2   1   1   6.2e-05    0.0058   14.3   1.2     6    65     4    62     1   169 0.58 contig_2_331 # 374411 # 374932 # 1 # ID=1_331;partial=00;start_type=ATG;rbs_motif=AGxAG;rbs_spacer=5-10bp;gc_cont=0.504
contig_2:1090547-1091749|- -            401 1502854at2           -            192    0.0023   15.6   0.1   1   1   6.9e-05    0.0065   14.2   0.0     5    27    53    75    50    82 0.89 contig_2_1038 # 1090547 # 1091749 # -1 # ID=1_1038;partial=00;start_type=ATG;rbs_motif=4Base/6BMM;rbs_spacer=13-15bp;gc_cont=0.505
contig_2:292590-293660|+   -            357 1502854at2           -            192    0.0031   15.2   0.5   1   3   0.00011      0.01   13.5   0.0     5    26    29    50    26    58 0.87 contig_2_264 # 292590 # 293660 # 1 # ID=1_264;partial=00;start_type=ATG;rbs_motif=GGA/GAG/AGG;rbs_spacer=5-10bp;gc_cont=0.580
contig_2:292590-293660|+   -            357 1502854at2           -            192    0.0031   15.2   0.5   2   3       6.4   6.1e+02   -2.0   0.0    79    94   100   116    63   127 0.60 contig_2_264 # 292590 # 293660 # 1 # ID=1_264;partial=00;start_type=ATG;rbs_motif=GGA/GAG/AGG;rbs_spacer=5-10bp;gc_cont=0.580
contig_2:292590-293660|+   -            357 1502854at2           -            192    0.0031   15.2   0.5   3   3       7.4     7e+02   -2.3   0.0   120   160   155   193   134   223 0.56 contig_2_264 # 292590 # 293660 # 1 # ID=1_264;partial=00;start_type=ATG;rbs_motif=GGA/GAG/AGG;rbs_spacer=5-10bp;gc_cont=0.580
contig_3:2617165-2618217|+ -            351 1502854at2           -            192    0.0033   15.1   0.0   1   1   6.2e-05    0.0059   14.3   0.0     5    31   206   232   202   254 0.86 contig_3_2483 # 2617165 # 2618217 # 1 # ID=2_2483;partial=00;start_type=TTG;rbs_motif=AGGAG;rbs_spacer=5-10bp;gc_cont=0.534
contig_3:1498637-1499413|- -            259 1502854at2           -            192    0.0034   15.1   0.0   1   1   6.8e-05    0.0065   14.2   0.0     5    27    29    51    27    58 0.90 contig_3_1464 # 1498637 # 1499413 # -1 # ID=2_1464;partial=00;start_type=ATG;rbs_motif=GGAG/GAGG;rbs_spacer=5-10bp;gc_cont=0.565
contig_3:343442-344194|+   -            251 1502854at2           -            192    0.0039   14.9   0.0   1   1   8.1e-05    0.0076   13.9   0.0     5    26    28    49    25    62 0.84 contig_3_341 # 343442 # 344194 # 1 # ID=2_341;partial=00;start_type=ATG;rbs_motif=AGGAG/GGAGG;rbs_spacer=11-12bp;gc_cont=0.548
contig_2:537370-538182|+   -            271 1502854at2           -            192    0.0042   14.8   0.1   1   1   8.6e-05    0.0081   13.8   0.1     5    26    33    54    30    62 0.89 contig_2_502 # 537370 # 538182 # 1 # ID=1_502;partial=00;start_type=ATG;rbs_motif=AGGA;rbs_spacer=5-10bp;gc_cont=0.583
contig_2:1221726-1224299|+ -            858 1502854at2           -            192    0.0052   14.5   2.1   1   3      0.28        26    2.4   0.0    10    28   203   221   195   227 0.84 contig_2_1165 # 1221726 # 1224299 # 1 # ID=1_1165;partial=00;start_type=ATG;rbs_motif=GGAGG;rbs_spacer=3-4bp;gc_cont=0.533
contig_2:1221726-1224299|+ -            858 1502854at2           -            192    0.0052   14.5   2.1   2   3       1.1     1e+02    0.4   1.3   125   160   408   450   389   482 0.65 contig_2_1165 # 1221726 # 1224299 # 1 # ID=1_1165;partial=00;start_type=ATG;rbs_motif=GGAGG;rbs_spacer=3-4bp;gc_cont=0.533
contig_2:1221726-1224299|+ -            858 1502854at2           -            192    0.0052   14.5   2.1   3   3    0.0092      0.87    7.2   0.0     9    27   601   619   598   629 0.90 contig_2_1165 # 1221726 # 1224299 # 1 # ID=1_1165;partial=00;start_type=ATG;rbs_motif=GGAGG;rbs_spacer=3-4bp;gc_cont=0.533
contig_3:1853332-1854441|+ -            370 1502854at2           -            192    0.0059   14.3   0.1   1   1   0.00012     0.012   13.3   0.1     5    26    43    64    40    69 0.89 contig_3_1793 # 1853332 # 1854441 # 1 # ID=2_1793;partial=00;start_type=ATG;rbs_motif=GGA/GAG/AGG;rbs_spacer=5-10bp;gc_cont=0.587
contig_2:1473636-1474733|+ -            366 1502854at2           -            192    0.0061   14.2   0.2   1   2   0.00016     0.015   13.0   0.0     5    27    27    49    25    90 0.87 contig_2_1385 # 1473636 # 1474733 # 1 # ID=1_1385;partial=00;start_type=ATG;rbs_motif=AGGAG;rbs_spacer=5-10bp;gc_cont=0.585
contig_2:1473636-1474733|+ -            366 1502854at2           -            192    0.0061   14.2   0.2   2   2       8.9   8.5e+02   -2.5   0.1   153   178   181   202   169   214 0.51 contig_2_1385 # 1473636 # 1474733 # 1 # ID=1_1385;partial=00;start_type=ATG;rbs_motif=AGGAG;rbs_spacer=5-10bp;gc_cont=0.585
contig_2:65954-67144|-     -            397 1502854at2           -            192      0.01   13.6   0.0   1   1   0.00026     0.024   12.3   0.0     6    27    23    44    19    48 0.90 contig_2_67 # 65954 # 67144 # -1 # ID=1_67;partial=00;start_type=ATG;rbs_motif=GGAG/GAGG;rbs_spacer=5-10bp;gc_cont=0.496
contig_3:396613-397368|-   -            252 1502854at2           -            192      0.01   13.6   0.0   1   1   0.00017     0.016   12.9   0.0     5    27    29    51    26    57 0.90 contig_3_394 # 396613 # 397368 # -1 # ID=2_394;partial=00;start_type=ATG;rbs_motif=None;rbs_spacer=None;gc_cont=0.533
contig_3:2372316-2373983|+ -            556 1502854at2           -            192     0.011   13.5   0.4   1   2      0.86        81    0.8   0.0    11    27    37    53    32    60 0.79 contig_3_2256 # 2372316 # 2373983 # 1 # ID=2_2256;partial=00;start_type=GTG;rbs_motif=AGGA/GGAG/GAGG;rbs_spacer=11-12bp;gc_cont=0.578
contig_3:2372316-2373983|+ -            556 1502854at2           -            192     0.011   13.5   0.4   2   2    0.0015      0.14    9.8   0.0     5    30   348   373   345   381 0.85 contig_3_2256 # 2372316 # 2373983 # 1 # ID=2_2256;partial=00;start_type=GTG;rbs_motif=AGGA/GGAG/GAGG;rbs_spacer=11-12bp;gc_cont=0.578
contig_3:815150-816298|+   -            383 1502854at2           -            192     0.011   13.4   0.0   1   1   0.00022     0.021   12.5   0.0     5    27    31    53    28    59 0.89 contig_3_796 # 815150 # 816298 # 1 # ID=2_796;partial=00;start_type=ATG;rbs_motif=GGA/GAG/AGG;rbs_spacer=5-10bp;gc_cont=0.531
contig_3:1372425-1373153|+ -            243 1502854at2           -            192     0.012   13.3   0.5   1   1   0.00024     0.023   12.4   0.0     6    26    28    48    25    60 0.85 contig_3_1340 # 1372425 # 1373153 # 1 # ID=2_1340;partial=00;start_type=ATG;rbs_motif=GGA/GAG/AGG;rbs_spacer=5-10bp;gc_cont=0.536
contig_3:1771588-1772265|- -            226 1502854at2           -            192     0.012   13.3   0.0   1   1   0.00024     0.023   12.4   0.0     5    27    32    54    29    65 0.83 contig_3_1718 # 1771588 # 1772265 # -1 # ID=2_1718;partial=00;start_type=ATG;rbs_motif=GGA/GAG/AGG;rbs_spacer=5-10bp;gc_cont=0.473
contig_3:3270821-3271594|+ -            258 1502854at2           -            192     0.017   12.8   0.1   1   2   0.00047     0.045   11.4   0.0     5    27    35    57    33    63 0.86 contig_3_3087 # 3270821 # 3271594 # 1 # ID=2_3087;partial=00;start_type=ATG;rbs_motif=AGGA;rbs_spacer=5-10bp;gc_cont=0.523
contig_3:3270821-3271594|+ -            258 1502854at2           -            192     0.017   12.8   0.1   2   2       9.1   8.6e+02   -2.5   0.0   157   177   198   216   189   220 0.69 contig_3_3087 # 3270821 # 3271594 # 1 # ID=2_3087;partial=00;start_type=ATG;rbs_motif=AGGA;rbs_spacer=5-10bp;gc_cont=0.523
contig_2:278413-279081|+   -            223 1502854at2           -            192     0.018   12.7   0.0   1   1   0.00034     0.032   11.9   0.0     3    26    25    48    24    59 0.89 contig_2_249 # 278413 # 279081 # 1 # ID=1_249;partial=00;start_type=ATG;rbs_motif=GGAG/GAGG;rbs_spacer=5-10bp;gc_cont=0.561
contig_3:1490535-1492010|+ -            492 1502854at2           -            192     0.018   12.7   0.1   1   2      0.29        27    2.3   0.0    10    28    33    51    27    57 0.84 contig_3_1457 # 1490535 # 1492010 # 1 # ID=2_1457;partial=00;start_type=ATG;rbs_motif=GGA/GAG/AGG;rbs_spacer=5-10bp;gc_cont=0.554
contig_3:1490535-1492010|+ -            492 1502854at2           -            192     0.018   12.7   0.1   2   2    0.0061      0.57    7.8   0.0    11    31   291   311   284   328 0.86 contig_3_1457 # 1490535 # 1492010 # 1 # ID=2_1457;partial=00;start_type=ATG;rbs_motif=GGA/GAG/AGG;rbs_spacer=5-10bp;gc_cont=0.554
contig_3:3238743-3240248|- -            502 1502854at2           -            192      0.02   12.6   0.3   1   2    0.0054      0.51    8.0   0.1     5    27    29    51    26    59 0.89 contig_3_3058 # 3238743 # 3240248 # -1 # ID=2_3058;partial=00;start_type=ATG;rbs_motif=GGAG/GAGG;rbs_spacer=5-10bp;gc_cont=0.535
contig_3:3238743-3240248|- -            502 1502854at2           -            192      0.02   12.6   0.3   2   2      0.29        27    2.3   0.0     5    53   277   330   275   338 0.68 contig_3_3058 # 3238743 # 3240248 # -1 # ID=2_3058;partial=00;start_type=ATG;rbs_motif=GGAG/GAGG;rbs_spacer=5-10bp;gc_cont=0.535
contig_3:1071656-1072792|+ -            379 1502854at2           -            192      0.02   12.6   0.1   1   2   0.00065     0.061   11.0   0.0     5    26    42    63    39    71 0.86 contig_3_1052 # 1071656 # 1072792 # 1 # ID=2_1052;partial=00;start_type=ATG;rbs_motif=None;rbs_spacer=None;gc_cont=0.495
contig_3:1071656-1072792|+ -            379 1502854at2           -            192      0.02   12.6   0.1   2   2         9   8.6e+02   -2.5   0.0    51    75   198   222   181   238 0.62 contig_3_1052 # 1071656 # 1072792 # 1 # ID=2_1052;partial=00;start_type=ATG;rbs_motif=None;rbs_spacer=None;gc_cont=0.495
contig_3:1383478-1384611|- -            378 1502854at2           -            192     0.021   12.5   0.0   1   1   0.00042      0.04   11.6   0.0     5    27    44    66    42    74 0.89 contig_3_1352 # 1383478 # 1384611 # -1 # ID=2_1352;partial=00;start_type=GTG;rbs_motif=GGAG/GAGG;rbs_spacer=5-10bp;gc_cont=0.548
contig_3:1351945-1354221|- -            759 1502854at2           -            192     0.027   12.1   0.9   1   2      0.11        11    3.7   0.0    10    26   211   227   204   233 0.83 contig_3_1323 # 1351945 # 1354221 # -1 # ID=2_1323;partial=00;start_type=ATG;rbs_motif=GGAGG;rbs_spacer=5-10bp;gc_cont=0.542
contig_3:1351945-1354221|- -            759 1502854at2           -            192     0.027   12.1   0.9   2   2     0.024       2.3    5.9   0.0     9    28   491   510   485   518 0.85 contig_3_1323 # 1351945 # 1354221 # -1 # ID=2_1323;partial=00;start_type=ATG;rbs_motif=GGAGG;rbs_spacer=5-10bp;gc_cont=0.542
contig_2:287020-287787|+   -            256 1502854at2           -            192     0.028   12.1   0.0   1   1   0.00049     0.047   11.4   0.0     6    27    31    52    27    63 0.87 contig_2_257 # 287020 # 287787 # 1 # ID=1_257;partial=00;start_type=ATG;rbs_motif=AGGAG;rbs_spacer=5-10bp;gc_cont=0.577
contig_3:929879-930625|-   -            249 1502854at2           -            192     0.028   12.1   0.0   1   1   0.00046     0.043   11.5   0.0     5    30    26    51    23    61 0.83 contig_3_912 # 929879 # 930625 # -1 # ID=2_912;partial=00;start_type=ATG;rbs_motif=AGGA;rbs_spacer=5-10bp;gc_cont=0.527
contig_2:974742-975347|+   -            202 1502854at2           -            192     0.028   12.1   0.0   1   1   0.00051     0.048   11.3   0.0     4    30    26    52    24    60 0.84 contig_2_919 # 974742 # 975347 # 1 # ID=1_919;partial=00;start_type=ATG;rbs_motif=GGAG/GAGG;rbs_spacer=5-10bp;gc_cont=0.548
contig_3:2229609-2230316|+ -            236 1502854at2           -            192     0.029   12.1   0.0   1   1   0.00048     0.046   11.4   0.0     5    26    24    45    21    49 0.86 contig_3_2134 # 2229609 # 2230316 # 1 # ID=2_2134;partial=00;start_type=ATG;rbs_motif=None;rbs_spacer=None;gc_cont=0.581
contig_3:1761756-1762772|- -            339 1502854at2           -            192     0.039   11.6   0.1   1   1    0.0008     0.076   10.7   0.1     5    27    31    53    29    63 0.88 contig_3_1708 # 1761756 # 1762772 # -1 # ID=2_1708;partial=00;start_type=ATG;rbs_motif=GGAG/GAGG;rbs_spacer=5-10bp;gc_cont=0.560
contig_3:2481401-2481931|- -            177 1502854at2           -            192      0.04   11.6   0.5   1   2     0.025       2.4    5.8   0.2     6    26     3    23     1    30 0.83 contig_3_2350 # 2481401 # 2481931 # -1 # ID=2_2350;partial=00;start_type=ATG;rbs_motif=GGAG/GAGG;rbs_spacer=5-10bp;gc_cont=0.454
contig_3:2481401-2481931|- -            177 1502854at2           -            192      0.04   11.6   0.5   2   2     0.075         7    4.3   0.0   111   189    93   171    74   174 0.79 contig_3_2350 # 2481401 # 2481931 # -1 # ID=2_2350;partial=00;start_type=ATG;rbs_motif=GGAG/GAGG;rbs_spacer=5-10bp;gc_cont=0.454
contig_3:1816214-1817986|- -            591 1502854at2           -            192     0.041   11.6   0.0   1   1    0.0008     0.075   10.7   0.0     5    29   361   385   358   393 0.85 contig_3_1759 # 1816214 # 1817986 # -1 # ID=2_1759;partial=00;start_type=GTG;rbs_motif=AGGA;rbs_spacer=5-10bp;gc_cont=0.557
contig_3:962878-963627|-   -            250 1502854at2           -            192     0.043   11.5   0.1   1   1   0.00072     0.068   10.8   0.1     5    26    25    46    22    53 0.88 contig_3_940 # 962878 # 963627 # -1 # ID=2_940;partial=00;start_type=ATG;rbs_motif=None;rbs_spacer=None;gc_cont=0.564
contig_3:2040004-2042643|- -            880 1502854at2           -            192     0.044   11.4   0.1   1   2       1.3   1.2e+02    0.3   0.0    10    24   236   250   229   254 0.84 contig_3_1973 # 2040004 # 2042643 # -1 # ID=2_1973;partial=00;start_type=ATG;rbs_motif=GGA/GAG/AGG;rbs_spacer=5-10bp;gc_cont=0.595
contig_3:2040004-2042643|- -            880 1502854at2           -            192     0.044   11.4   0.1   2   2    0.0059      0.56    7.9   0.0     8    28   613   633   607   644 0.85 contig_3_1973 # 2040004 # 2042643 # -1 # ID=2_1973;partial=00;start_type=ATG;rbs_motif=GGA/GAG/AGG;rbs_spacer=5-10bp;gc_cont=0.595
contig_3:2065677-2066708|+ -            344 1502854at2           -            192     0.048   11.3   0.0   1   1    0.0012      0.11   10.1   0.0     5    26    30    51    27    64 0.83 contig_3_1992 # 2065677 # 2066708 # 1 # ID=2_1992;partial=00;start_type=ATG;rbs_motif=None;rbs_spacer=None;gc_cont=0.524
contig_3:1767626-1768312|- -            229 1502854at2           -            192      0.05   11.3   0.1   1   1   0.00098     0.092   10.4   0.1     4    27    34    57    32    69 0.86 contig_3_1713 # 1767626 # 1768312 # -1 # ID=2_1713;partial=00;start_type=ATG;rbs_motif=AGGA;rbs_spacer=5-10bp;gc_cont=0.590
contig_3:2607363-2608313|- -            317 1502854at2           -            192     0.054   11.2   0.0   1   2    0.0033      0.31    8.7   0.0     7    31    11    35     6    44 0.82 contig_3_2475 # 2607363 # 2608313 # -1 # ID=2_2475;partial=00;start_type=ATG;rbs_motif=None;rbs_spacer=None;gc_cont=0.545
contig_3:2607363-2608313|- -            317 1502854at2           -            192     0.054   11.2   0.0   2   2       2.7   2.6e+02   -0.8   0.0   116   139   194   217   184   225 0.81 contig_3_2475 # 2607363 # 2608313 # -1 # ID=2_2475;partial=00;start_type=ATG;rbs_motif=None;rbs_spacer=None;gc_cont=0.545
contig_3:1414224-1416095|- -            624 1502854at2           -            192     0.055   11.1   0.8   1   2      0.12        11    3.6   0.1     5    27    41    63    38    74 0.82 contig_3_1385 # 1414224 # 1416095 # -1 # ID=2_1385;partial=00;start_type=GTG;rbs_motif=AGGAG;rbs_spacer=5-10bp;gc_cont=0.576
contig_3:1414224-1416095|- -            624 1502854at2           -            192     0.055   11.1   0.8   2   2      0.03       2.9    5.5   0.1     9    28   353   372   349   379 0.85 contig_3_1385 # 1414224 # 1416095 # -1 # ID=2_1385;partial=00;start_type=GTG;rbs_motif=AGGAG;rbs_spacer=5-10bp;gc_cont=0.576
contig_3:1886083-1889223|+ -           1047 1502854at2           -            192       0.1   10.3   0.0   1   4    0.0011       0.1   10.3   0.0     6    26    30    50    27    63 0.88 contig_3_1826 # 1886083 # 1889223 # 1 # ID=2_1826;partial=00;start_type=ATG;rbs_motif=AGGAG;rbs_spacer=5-10bp;gc_cont=0.583
contig_3:1886083-1889223|+ -           1047 1502854at2           -            192       0.1   10.3   0.0   2   4       5.5   5.2e+02   -1.8   1.0   133   156   302   325   269   353 0.77 contig_3_1826 # 1886083 # 1889223 # 1 # ID=2_1826;partial=00;start_type=ATG;rbs_motif=AGGAG;rbs_spacer=5-10bp;gc_cont=0.583
contig_3:1886083-1889223|+ -           1047 1502854at2           -            192       0.1   10.3   0.0   3   4       4.5   4.2e+02   -1.5   0.1   148   188   737   777   726   784 0.68 contig_3_1826 # 1886083 # 1889223 # 1 # ID=2_1826;partial=00;start_type=ATG;rbs_motif=AGGAG;rbs_spacer=5-10bp;gc_cont=0.583
contig_3:1886083-1889223|+ -           1047 1502854at2           -            192       0.1   10.3   0.0   4   4       3.2     3e+02   -1.0   0.3   122   151   767   796   756   845 0.62 contig_3_1826 # 1886083 # 1889223 # 1 # ID=2_1826;partial=00;start_type=ATG;rbs_motif=AGGAG;rbs_spacer=5-10bp;gc_cont=0.583
contig_3:2697969-2699726|+ -            586 1502854at2           -            192       0.2    9.3   2.8   1   2      0.51        49    1.5   0.0     9    24    13    28     8    43 0.88 contig_3_2563 # 2697969 # 2699726 # 1 # ID=2_2563;partial=00;start_type=ATG;rbs_motif=AGGAG;rbs_spacer=5-10bp;gc_cont=0.535
contig_3:2697969-2699726|+ -            586 1502854at2           -            192       0.2    9.3   2.8   2   2     0.016       1.5    6.5   0.7     8    35   330   357   326   367 0.74 contig_3_2563 # 2697969 # 2699726 # 1 # ID=2_2563;partial=00;start_type=ATG;rbs_motif=AGGAG;rbs_spacer=5-10bp;gc_cont=0.535
#
# Program:         hmmsearch
# Version:         3.1b2 (February 2015)
# Pipeline mode:   SEARCH
# Query file:      busco_downloads/bacteria_odb10/hmms/1502854at2.hmm
# Target file:     output_files/busco_raw/prodigal_output/predicted_genes/predicted.faa
# Option settings: hmmsearch --domtblout output_files/busco_raw/run_bacteria_odb10/hmmer_output/1502854at2.out --cpu 1 busco_downloads/bacteria_odb10/hmms/1502854at2.hmm output_files/busco_raw/prodigal_output/predicted_genes/predicted.faa 
# Current dir:     /scratch/yazanalq/Assignment-1---Binf6110
# Date:            Sun Feb  8 19:21:26 2026
# [ok]
