#                                                                                  --- full sequence --- -------------- this domain -------------   hmm coord   ali coord   env coord
# target name              accession   tlen query name           accession   qlen   E-value  score  bias   #  of  c-Evalue  i-Evalue  score  bias  from    to  from    to  from    to  acc description of target
#      ------------------- ---------- ----- -------------------- ---------- ----- --------- ------ ----- --- --- --------- --------- ------ ----- ----- ----- ----- ----- ----- ----- ---- ---------------------
contig_3:2611508-2611969|- -            154 1827295at2           -             74   9.1e-25   84.5   0.8   1   1   1.8e-26   4.1e-24   82.4   0.8     6    74    17   111    12   111 0.82 contig_3_2478 # 2611508 # 2611969 # -1 # ID=2_2478;partial=00;start_type=ATG;rbs_motif=None;rbs_spacer=None;gc_cont=0.530
contig_3:1230913-1232820|- -            636 1827295at2           -             74   0.00028   18.9   0.1   1   2    0.0055       1.3    7.2   0.0     9    31    30    52    19    56 0.79 contig_3_1211 # 1230913 # 1232820 # -1 # ID=2_1211;partial=00;start_type=ATG;rbs_motif=AGGA;rbs_spacer=5-10bp;gc_cont=0.528
contig_3:1230913-1232820|- -            636 1827295at2           -             74   0.00028   18.9   0.1   2   2    0.0015      0.35    8.9   0.1     8    33   344   370   332   374 0.81 contig_3_1211 # 1230913 # 1232820 # -1 # ID=2_1211;partial=00;start_type=ATG;rbs_motif=AGGA;rbs_spacer=5-10bp;gc_cont=0.528
contig_3:2423886-2424842|+ -            319 1827295at2           -             74   0.00053   18.0   0.1   1   2   6.3e-06    0.0014   16.6   0.1    10    31     6    27     2    34 0.88 contig_3_2304 # 2423886 # 2424842 # 1 # ID=2_2304;partial=00;start_type=ATG;rbs_motif=GGAG/GAGG;rbs_spacer=5-10bp;gc_cont=0.551
contig_3:2423886-2424842|+ -            319 1827295at2           -             74   0.00053   18.0   0.1   2   2       7.3   1.7e+03   -2.8   0.0    27    45   171   187   145   199 0.67 contig_3_2304 # 2423886 # 2424842 # 1 # ID=2_2304;partial=00;start_type=ATG;rbs_motif=GGAG/GAGG;rbs_spacer=5-10bp;gc_cont=0.551
contig_3:2040004-2042643|- -            880 1827295at2           -             74   0.00067   17.7   0.1   1   2    0.0029      0.67    8.0   0.0    12    32   236   257   223   263 0.83 contig_3_1973 # 2040004 # 2042643 # -1 # ID=2_1973;partial=00;start_type=ATG;rbs_motif=GGA/GAG/AGG;rbs_spacer=5-10bp;gc_cont=0.595
contig_3:2040004-2042643|- -            880 1827295at2           -             74   0.00067   17.7   0.1   2   2    0.0069       1.6    6.9   0.0     8    32   606   635   595   641 0.78 contig_3_1973 # 2040004 # 2042643 # -1 # ID=2_1973;partial=00;start_type=ATG;rbs_motif=GGA/GAG/AGG;rbs_spacer=5-10bp;gc_cont=0.595
contig_2:374411-374932|+   -            174 1827295at2           -             74   0.00077   17.5   0.0   1   1   7.1e-06    0.0016   16.4   0.0    10    33     6    29     1    33 0.88 contig_2_331 # 374411 # 374932 # 1 # ID=1_331;partial=00;start_type=ATG;rbs_motif=AGxAG;rbs_spacer=5-10bp;gc_cont=0.504
contig_2:1221726-1224299|+ -            858 1827295at2           -             74    0.0016   16.4   0.0   1   2    0.0063       1.4    7.0   0.0    12    36   203   228   189   230 0.82 contig_2_1165 # 1221726 # 1224299 # 1 # ID=1_1165;partial=00;start_type=ATG;rbs_motif=GGAGG;rbs_spacer=3-4bp;gc_cont=0.533
contig_2:1221726-1224299|+ -            858 1827295at2           -             74    0.0016   16.4   0.0   2   2    0.0098       2.2    6.4   0.0    11    30   601   620   586   625 0.87 contig_2_1165 # 1221726 # 1224299 # 1 # ID=1_1165;partial=00;start_type=ATG;rbs_motif=GGAGG;rbs_spacer=3-4bp;gc_cont=0.533
contig_3:1311242-1311925|- -            228 1827295at2           -             74    0.0025   15.8   0.1   1   1   2.1e-05    0.0047   14.9   0.1     9    35     6    32     1    54 0.87 contig_3_1291 # 1311242 # 1311925 # -1 # ID=2_1291;partial=00;start_type=ATG;rbs_motif=AGGAG;rbs_spacer=5-10bp;gc_cont=0.557
contig_3:3238743-3240248|- -            502 1827295at2           -             74    0.0028   15.7   0.4   1   2    0.0049       1.1    7.3   0.1     8    28    27    50    17    57 0.80 contig_3_3058 # 3238743 # 3240248 # -1 # ID=2_3058;partial=00;start_type=ATG;rbs_motif=GGAG/GAGG;rbs_spacer=5-10bp;gc_cont=0.535
contig_3:3238743-3240248|- -            502 1827295at2           -             74    0.0028   15.7   0.4   2   2     0.014       3.1    5.9   0.0     9    31   279   301   269   307 0.80 contig_3_3058 # 3238743 # 3240248 # -1 # ID=2_3058;partial=00;start_type=ATG;rbs_motif=GGAG/GAGG;rbs_spacer=5-10bp;gc_cont=0.535
contig_3:1351945-1354221|- -            759 1827295at2           -             74    0.0029   15.6   0.1   1   2     0.024       5.4    5.1   0.0    12    31   211   230   197   237 0.82 contig_3_1323 # 1351945 # 1354221 # -1 # ID=2_1323;partial=00;start_type=ATG;rbs_motif=GGAGG;rbs_spacer=5-10bp;gc_cont=0.542
contig_3:1351945-1354221|- -            759 1827295at2           -             74    0.0029   15.6   0.1   2   2    0.0036      0.83    7.8   0.1    10    33   490   513   473   517 0.85 contig_3_1323 # 1351945 # 1354221 # -1 # ID=2_1323;partial=00;start_type=ATG;rbs_motif=GGAGG;rbs_spacer=5-10bp;gc_cont=0.542
contig_3:1450502-1452238|+ -            579 1827295at2           -             74    0.0033   15.4   0.7   1   2    0.0018      0.41    8.7   0.1    10    31    35    56    18    63 0.83 contig_3_1416 # 1450502 # 1452238 # 1 # ID=2_1416;partial=00;start_type=ATG;rbs_motif=GGAG/GAGG;rbs_spacer=5-10bp;gc_cont=0.558
contig_3:1450502-1452238|+ -            579 1827295at2           -             74    0.0033   15.4   0.7   2   2     0.038       8.8    4.5   0.1     8    29   353   376   336   382 0.78 contig_3_1416 # 1450502 # 1452238 # 1 # ID=2_1416;partial=00;start_type=ATG;rbs_motif=GGAG/GAGG;rbs_spacer=5-10bp;gc_cont=0.558
contig_3:2624783-2625760|- -            326 1827295at2           -             74    0.0079   14.2   0.0   1   1   0.00012     0.027   12.5   0.0    31    64   102   136    94   141 0.78 contig_3_2488 # 2624783 # 2625760 # -1 # ID=2_2488;partial=00;start_type=ATG;rbs_motif=GGAG/GAGG;rbs_spacer=5-10bp;gc_cont=0.537
contig_2:638226-640007|-   -            594 1827295at2           -             74     0.014   13.5   0.0   1   1   0.00017     0.039   12.0   0.0    10    31    28    49    13    56 0.88 contig_2_601 # 638226 # 640007 # -1 # ID=1_601;partial=00;start_type=ATG;rbs_motif=None;rbs_spacer=None;gc_cont=0.323
contig_3:1886083-1889223|+ -           1047 1827295at2           -             74     0.017   13.2   0.0   1   1   0.00019     0.043   11.9   0.0    10    33    32    55    21    61 0.84 contig_3_1826 # 1886083 # 1889223 # 1 # ID=2_1826;partial=00;start_type=ATG;rbs_motif=AGGAG;rbs_spacer=5-10bp;gc_cont=0.583
contig_3:1830108-1831379|- -            424 1827295at2           -             74      0.02   13.0   0.1   1   1   0.00019     0.045   11.8   0.1     5    33   109   137   102   144 0.85 contig_3_1772 # 1830108 # 1831379 # -1 # ID=2_1772;partial=00;start_type=ATG;rbs_motif=GGAG/GAGG;rbs_spacer=5-10bp;gc_cont=0.529
contig_2:1207852-1209213|+ -            454 1827295at2           -             74      0.02   13.0   0.1   1   1    0.0002     0.045   11.8   0.1     2    33    91   125    89   130 0.85 contig_2_1150 # 1207852 # 1209213 # 1 # ID=1_1150;partial=00;start_type=ATG;rbs_motif=GGA/GAG/AGG;rbs_spacer=5-10bp;gc_cont=0.550
contig_3:2702197-2703948|- -            584 1827295at2           -             74     0.025   12.6   0.6   1   2      0.34        78    1.4   0.0    11    32    11    32     3    37 0.82 contig_3_2567 # 2702197 # 2703948 # -1 # ID=2_2567;partial=00;start_type=ATG;rbs_motif=AGGAGG;rbs_spacer=3-4bp;gc_cont=0.533
contig_3:2702197-2703948|- -            584 1827295at2           -             74     0.025   12.6   0.6   2   2    0.0018      0.41    8.7   0.2     9    32   328   351   318   355 0.82 contig_3_2567 # 2702197 # 2703948 # -1 # ID=2_2567;partial=00;start_type=ATG;rbs_motif=AGGAGG;rbs_spacer=3-4bp;gc_cont=0.533
contig_2:287789-288502|+   -            238 1827295at2           -             74     0.026   12.6   0.1   1   1   0.00021     0.049   11.7   0.1     8    29    29    52    16    59 0.80 contig_2_258 # 287789 # 288502 # 1 # ID=1_258;partial=00;start_type=ATG;rbs_motif=GGAG/GAGG;rbs_spacer=5-10bp;gc_cont=0.599
contig_2:812750-813406|-   -            219 1827295at2           -             74     0.035   12.2   0.1   1   1   0.00027     0.063   11.3   0.1     9    30    30    51    14    62 0.79 contig_2_775 # 812750 # 813406 # -1 # ID=1_775;partial=00;start_type=ATG;rbs_motif=4Base/6BMM;rbs_spacer=13-15bp;gc_cont=0.581
contig_3:1853332-1854441|+ -            370 1827295at2           -             74      0.05   11.7   0.0   1   1   0.00051      0.12   10.5   0.0     9    29    45    65    30    71 0.84 contig_3_1793 # 1853332 # 1854441 # 1 # ID=2_1793;partial=00;start_type=ATG;rbs_motif=GGA/GAG/AGG;rbs_spacer=5-10bp;gc_cont=0.587
contig_3:343442-344194|+   -            251 1827295at2           -             74     0.058   11.4   0.0   1   2    0.0012      0.27    9.3   0.0     8    27    27    48    13    53 0.82 contig_3_341 # 343442 # 344194 # 1 # ID=2_341;partial=00;start_type=ATG;rbs_motif=AGGAG/GGAGG;rbs_spacer=11-12bp;gc_cont=0.548
contig_3:343442-344194|+   -            251 1827295at2           -             74     0.058   11.4   0.0   2   2       2.6   6.1e+02   -1.4   0.0    12    33   112   133   104   136 0.83 contig_3_341 # 343442 # 344194 # 1 # ID=2_341;partial=00;start_type=ATG;rbs_motif=AGGAG/GGAGG;rbs_spacer=11-12bp;gc_cont=0.548
contig_3:3047487-3049022|- -            512 1827295at2           -             74      0.12   10.4   1.7   1   2      0.03       6.9    4.8   0.2     9    29    38    58    26    61 0.82 contig_3_2883 # 3047487 # 3049022 # -1 # ID=2_2883;partial=00;start_type=ATG;rbs_motif=GGAGG;rbs_spacer=3-4bp;gc_cont=0.515
contig_3:3047487-3049022|- -            512 1827295at2           -             74      0.12   10.4   1.7   2   2      0.05        11    4.1   0.1     9    28   290   309   275   312 0.82 contig_3_2883 # 3047487 # 3049022 # -1 # ID=2_2883;partial=00;start_type=ATG;rbs_motif=GGAGG;rbs_spacer=3-4bp;gc_cont=0.515
#
# Program:         hmmsearch
# Version:         3.1b2 (February 2015)
# Pipeline mode:   SEARCH
# Query file:      busco_downloads/bacteria_odb10/hmms/1827295at2.hmm
# Target file:     output_files/busco_raw/prodigal_output/predicted_genes/predicted.faa
# Option settings: hmmsearch --domtblout output_files/busco_raw/run_bacteria_odb10/hmmer_output/1827295at2.out --cpu 1 busco_downloads/bacteria_odb10/hmms/1827295at2.hmm output_files/busco_raw/prodigal_output/predicted_genes/predicted.faa 
# Current dir:     /scratch/yazanalq/Assignment-1---Binf6110
# Date:            Sun Feb  8 19:21:26 2026
# [ok]
