#                                                                                  --- full sequence --- -------------- this domain -------------   hmm coord   ali coord   env coord
# target name              accession   tlen query name           accession   qlen   E-value  score  bias   #  of  c-Evalue  i-Evalue  score  bias  from    to  from    to  from    to  acc description of target
#      ------------------- ---------- ----- -------------------- ---------- ----- --------- ------ ----- --- --- --------- --------- ------ ----- ----- ----- ----- ----- ----- ----- ---- ---------------------
contig_3:92949-94982|-     -            678 761140at2            -            323   1.2e-59  200.4  11.2   1   3   3.4e-28   4.1e-25   87.0   0.1     1   115     6   154     6   158 0.80 contig_3_88 # 92949 # 94982 # -1 # ID=2_88;partial=00;start_type=ATG;rbs_motif=AGxAG;rbs_spacer=11-12bp;gc_cont=0.548
contig_3:92949-94982|-     -            678 761140at2            -            323   1.2e-59  200.4  11.2   2   3   6.2e-25   7.4e-22   76.3   4.4   128   258   215   410   203   426 0.81 contig_3_88 # 92949 # 94982 # -1 # ID=2_88;partial=00;start_type=ATG;rbs_motif=AGxAG;rbs_spacer=11-12bp;gc_cont=0.548
contig_3:92949-94982|-     -            678 761140at2            -            323   1.2e-59  200.4  11.2   3   3   1.1e-11   1.3e-08   32.7   0.0   251   313   436   507   417   513 0.81 contig_3_88 # 92949 # 94982 # -1 # ID=2_88;partial=00;start_type=ATG;rbs_motif=AGxAG;rbs_spacer=11-12bp;gc_cont=0.548
contig_3:1623044-1625626|+ -            861 761140at2            -            323   4.8e-10   37.5   1.3   1   3   1.5e-09   1.8e-06   25.7   0.0     2    58    34    95    33   107 0.81 contig_3_1575 # 1623044 # 1625626 # 1 # ID=2_1575;partial=00;start_type=ATG;rbs_motif=AGGA/GGAG/GAGG;rbs_spacer=11-12bp;gc_cont=0.558
contig_3:1623044-1625626|+ -            861 761140at2            -            323   4.8e-10   37.5   1.3   2   3     0.059        71    0.7   0.0   130   151   411   433   400   438 0.82 contig_3_1575 # 1623044 # 1625626 # 1 # ID=2_1575;partial=00;start_type=ATG;rbs_motif=AGGA/GGAG/GAGG;rbs_spacer=11-12bp;gc_cont=0.558
contig_3:1623044-1625626|+ -            861 761140at2            -            323   4.8e-10   37.5   1.3   3   3   0.00072      0.87    7.0   0.2   251   306   720   769   695   776 0.81 contig_3_1575 # 1623044 # 1625626 # 1 # ID=2_1575;partial=00;start_type=ATG;rbs_motif=AGGA/GGAG/GAGG;rbs_spacer=11-12bp;gc_cont=0.558
contig_3:2297039-2299873|- -            945 761140at2            -            323     1e-08   33.1   0.2   1   4   4.2e-08   5.1e-05   21.0   0.0     2    56    50   109    49   134 0.84 contig_3_2192 # 2297039 # 2299873 # -1 # ID=2_2192;partial=00;start_type=ATG;rbs_motif=GGA/GAG/AGG;rbs_spacer=5-10bp;gc_cont=0.547
contig_3:2297039-2299873|- -            945 761140at2            -            323     1e-08   33.1   0.2   2   4     0.032        38    1.6   0.1   124   150   446   474   437   479 0.82 contig_3_2192 # 2297039 # 2299873 # -1 # ID=2_2192;partial=00;start_type=ATG;rbs_motif=GGA/GAG/AGG;rbs_spacer=5-10bp;gc_cont=0.547
contig_3:2297039-2299873|- -            945 761140at2            -            323     1e-08   33.1   0.2   3   4      0.39   4.7e+02   -1.9   0.0   205   215   602   612   587   628 0.68 contig_3_2192 # 2297039 # 2299873 # -1 # ID=2_2192;partial=00;start_type=ATG;rbs_motif=GGA/GAG/AGG;rbs_spacer=5-10bp;gc_cont=0.547
contig_3:2297039-2299873|- -            945 761140at2            -            323     1e-08   33.1   0.2   4   4    0.0023       2.7    5.4   0.0   224   309   697   776   687   780 0.73 contig_3_2192 # 2297039 # 2299873 # -1 # ID=2_2192;partial=00;start_type=ATG;rbs_motif=GGA/GAG/AGG;rbs_spacer=5-10bp;gc_cont=0.547
contig_3:2491274-2494129|+ -            952 761140at2            -            323     4e-07   27.9   5.0   1   5   2.1e-07   0.00025   18.7   0.0     2    73    34   110    33   166 0.86 contig_3_2359 # 2491274 # 2494129 # 1 # ID=2_2359;partial=00;start_type=ATG;rbs_motif=GGA/GAG/AGG;rbs_spacer=3-4bp;gc_cont=0.571
contig_3:2491274-2494129|+ -            952 761140at2            -            323     4e-07   27.9   5.0   2   5     0.052        63    0.9   0.0   136   151   420   436   386   446 0.83 contig_3_2359 # 2491274 # 2494129 # 1 # ID=2_2359;partial=00;start_type=ATG;rbs_motif=GGA/GAG/AGG;rbs_spacer=3-4bp;gc_cont=0.571
contig_3:2491274-2494129|+ -            952 761140at2            -            323     4e-07   27.9   5.0   3   5     0.031        38    1.7   0.4   169   198   495   524   489   529 0.82 contig_3_2359 # 2491274 # 2494129 # 1 # ID=2_2359;partial=00;start_type=ATG;rbs_motif=GGA/GAG/AGG;rbs_spacer=3-4bp;gc_cont=0.571
contig_3:2491274-2494129|+ -            952 761140at2            -            323     4e-07   27.9   5.0   4   5     0.021        25    2.2   0.0   182   215   532   562   524   564 0.76 contig_3_2359 # 2491274 # 2494129 # 1 # ID=2_2359;partial=00;start_type=ATG;rbs_motif=GGA/GAG/AGG;rbs_spacer=3-4bp;gc_cont=0.571
contig_3:2491274-2494129|+ -            952 761140at2            -            323     4e-07   27.9   5.0   5   5      0.09   1.1e+02    0.1   0.0   283   309   735   761   704   769 0.74 contig_3_2359 # 2491274 # 2494129 # 1 # ID=2_2359;partial=00;start_type=ATG;rbs_motif=GGA/GAG/AGG;rbs_spacer=3-4bp;gc_cont=0.571
#
# Program:         hmmsearch
# Version:         3.1b2 (February 2015)
# Pipeline mode:   SEARCH
# Query file:      busco_downloads/bacteria_odb10/hmms/761140at2.hmm
# Target file:     output_files/busco_raw/prodigal_output/predicted_genes/predicted.faa
# Option settings: hmmsearch --domtblout output_files/busco_raw/run_bacteria_odb10/hmmer_output/761140at2.out --cpu 1 busco_downloads/bacteria_odb10/hmms/761140at2.hmm output_files/busco_raw/prodigal_output/predicted_genes/predicted.faa 
# Current dir:     /scratch/yazanalq/Assignment-1---Binf6110
# Date:            Sun Feb  8 19:21:27 2026
# [ok]
