#                                                                                  --- full sequence --- -------------- this domain -------------   hmm coord   ali coord   env coord
# target name              accession   tlen query name           accession   qlen   E-value  score  bias   #  of  c-Evalue  i-Evalue  score  bias  from    to  from    to  from    to  acc description of target
#      ------------------- ---------- ----- -------------------- ---------- ----- --------- ------ ----- --- --- --------- --------- ------ ----- ----- ----- ----- ----- ----- ----- ---- ---------------------
contig_3:394742-395752|+   -            337 874197at2            -            274    1e-129  429.7   0.3   1   1  8.2e-132  2.1e-129  428.7   0.3     1   273    20   321    20   322 0.92 contig_3_392 # 394742 # 395752 # 1 # ID=2_392;partial=00;start_type=ATG;rbs_motif=GGAG/GAGG;rbs_spacer=5-10bp;gc_cont=0.572
contig_3:1333386-1334729|- -            448 874197at2            -            274   7.1e-12   43.2   0.0   1   1     5e-14   1.3e-11   42.3   0.0     3   115    19   138    17   158 0.74 contig_3_1308 # 1333386 # 1334729 # -1 # ID=2_1308;partial=00;start_type=GTG;rbs_motif=GGAG/GAGG;rbs_spacer=5-10bp;gc_cont=0.570
contig_3:1830108-1831379|- -            424 874197at2            -            274   4.1e-07   27.5   0.0   1   1   4.1e-09     1e-06   26.2   0.0     3    84    69   165    67   198 0.70 contig_3_1772 # 1830108 # 1831379 # -1 # ID=2_1772;partial=00;start_type=ATG;rbs_motif=GGAG/GAGG;rbs_spacer=5-10bp;gc_cont=0.529
contig_3:2702197-2703948|- -            584 874197at2            -            274     3e-06   24.7   0.2   1   3      0.35        89    0.2   0.0    37    59    10    32     3    53 0.79 contig_3_2567 # 2702197 # 2703948 # -1 # ID=2_2567;partial=00;start_type=ATG;rbs_motif=AGGAGG;rbs_spacer=3-4bp;gc_cont=0.533
contig_3:2702197-2703948|- -            584 874197at2            -            274     3e-06   24.7   0.2   2   3      0.94   2.4e+02   -1.2   0.0   142   174   192   224   188   229 0.81 contig_3_2567 # 2702197 # 2703948 # -1 # ID=2_2567;partial=00;start_type=ATG;rbs_motif=AGGAGG;rbs_spacer=3-4bp;gc_cont=0.533
contig_3:2702197-2703948|- -            584 874197at2            -            274     3e-06   24.7   0.2   3   3   2.3e-07   5.8e-05   20.5   0.0    37   103   329   399   309   405 0.85 contig_3_2567 # 2702197 # 2703948 # -1 # ID=2_2567;partial=00;start_type=ATG;rbs_motif=AGGAGG;rbs_spacer=3-4bp;gc_cont=0.533
contig_2:550496-552439|+   -            648 874197at2            -            274   3.3e-06   24.6   0.0   1   2   3.3e-08   8.5e-06   23.2   0.0    32    95   185   256   147   261 0.65 contig_2_520 # 550496 # 552439 # 1 # ID=1_520;partial=00;start_type=TTG;rbs_motif=GGAG/GAGG;rbs_spacer=5-10bp;gc_cont=0.557
contig_2:550496-552439|+   -            648 874197at2            -            274   3.3e-06   24.6   0.0   2   2       3.2     8e+02   -2.9   0.0    35    58   348   371   328   397 0.64 contig_2_520 # 550496 # 552439 # 1 # ID=1_520;partial=00;start_type=TTG;rbs_motif=GGAG/GAGG;rbs_spacer=5-10bp;gc_cont=0.557
contig_2:1221726-1224299|+ -            858 874197at2            -            274   1.6e-05   22.3   0.2   1   2    0.0023      0.58    7.4   0.3    35    99   199   284   175   294 0.58 contig_2_1165 # 1221726 # 1224299 # 1 # ID=1_1165;partial=00;start_type=ATG;rbs_motif=GGAGG;rbs_spacer=3-4bp;gc_cont=0.533
contig_2:1221726-1224299|+ -            858 874197at2            -            274   1.6e-05   22.3   0.2   2   2   0.00067      0.17    9.1   0.0    12    59   571   622   562   640 0.76 contig_2_1165 # 1221726 # 1224299 # 1 # ID=1_1165;partial=00;start_type=ATG;rbs_motif=GGAGG;rbs_spacer=3-4bp;gc_cont=0.533
contig_3:1351945-1354221|- -            759 874197at2            -            274   3.6e-05   21.2   1.1   1   2   0.00087      0.22    8.8   0.4    75    99   265   291   191   294 0.53 contig_3_1323 # 1351945 # 1354221 # -1 # ID=2_1323;partial=00;start_type=ATG;rbs_motif=GGAGG;rbs_spacer=5-10bp;gc_cont=0.542
contig_3:1351945-1354221|- -            759 874197at2            -            274   3.6e-05   21.2   1.1   2   2    0.0016      0.41    7.9   0.0    19    63   472   516   453   529 0.73 contig_3_1323 # 1351945 # 1354221 # -1 # ID=2_1323;partial=00;start_type=ATG;rbs_motif=GGAGG;rbs_spacer=5-10bp;gc_cont=0.542
contig_3:2407613-2408350|+ -            246 874197at2            -            274   0.00042   17.7   0.1   1   1   3.3e-06   0.00085   16.7   0.1    34    98    98   174    69   193 0.70 contig_3_2291 # 2407613 # 2408350 # 1 # ID=2_2291;partial=00;start_type=ATG;rbs_motif=AGxAGG/AGGxGG;rbs_spacer=5-10bp;gc_cont=0.511
contig_3:1827568-1829922|- -            785 874197at2            -            274    0.0005   17.4   0.0   1   1   7.2e-06    0.0018   15.6   0.0    10    71   323   386   319   506 0.82 contig_3_1771 # 1827568 # 1829922 # -1 # ID=2_1771;partial=00;start_type=ATG;rbs_motif=GGA/GAG/AGG;rbs_spacer=5-10bp;gc_cont=0.541
contig_3:3032042-3033373|+ -            444 874197at2            -            274   0.00067   17.0   1.1   1   3   5.7e-05     0.014   12.6   0.0    12    64    18    79     8   133 0.67 contig_3_2866 # 3032042 # 3033373 # 1 # ID=2_2866;partial=00;start_type=ATG;rbs_motif=AGGA;rbs_spacer=5-10bp;gc_cont=0.531
contig_3:3032042-3033373|+ -            444 874197at2            -            274   0.00067   17.0   1.1   2   3      0.13        33    1.6   0.1    80    99   243   262   220   266 0.82 contig_3_2866 # 3032042 # 3033373 # 1 # ID=2_2866;partial=00;start_type=ATG;rbs_motif=AGGA;rbs_spacer=5-10bp;gc_cont=0.531
contig_3:3032042-3033373|+ -            444 874197at2            -            274   0.00067   17.0   1.1   3   3       1.9   4.9e+02   -2.2   0.0    95   117   399   421   357   428 0.79 contig_3_2866 # 3032042 # 3033373 # 1 # ID=2_2866;partial=00;start_type=ATG;rbs_motif=AGGA;rbs_spacer=5-10bp;gc_cont=0.531
contig_3:1791916-1793844|- -            643 874197at2            -            274    0.0013   16.0   0.0   1   2   1.4e-05    0.0035   14.6   0.0     5    69    11    72     7    84 0.79 contig_3_1737 # 1791916 # 1793844 # -1 # ID=2_1737;partial=00;start_type=ATG;rbs_motif=GGA/GAG/AGG;rbs_spacer=5-10bp;gc_cont=0.591
contig_3:1791916-1793844|- -            643 874197at2            -            274    0.0013   16.0   0.0   2   2       2.4   6.1e+02   -2.5   0.0    87   100   120   133    91   142 0.67 contig_3_1737 # 1791916 # 1793844 # -1 # ID=2_1737;partial=00;start_type=ATG;rbs_motif=GGA/GAG/AGG;rbs_spacer=5-10bp;gc_cont=0.591
contig_3:1230913-1232820|- -            636 874197at2            -            274    0.0022   15.3   0.0   1   2    0.0073       1.9    5.7   0.0    28    61    22    55    18    59 0.85 contig_3_1211 # 1230913 # 1232820 # -1 # ID=2_1211;partial=00;start_type=ATG;rbs_motif=AGGA;rbs_spacer=5-10bp;gc_cont=0.528
contig_3:1230913-1232820|- -            636 874197at2            -            274    0.0022   15.3   0.0   2   2    0.0026      0.67    7.2   0.0    32    60   342   370   327   385 0.80 contig_3_1211 # 1230913 # 1232820 # -1 # ID=2_1211;partial=00;start_type=ATG;rbs_motif=AGGA;rbs_spacer=5-10bp;gc_cont=0.528
contig_3:3223951-3225471|+ -            507 874197at2            -            274     0.006   13.9   0.2   1   2   6.1e-05     0.015   12.5   0.1     8    53   190   228   185   235 0.78 contig_3_3048 # 3223951 # 3225471 # 1 # ID=2_3048;partial=00;start_type=ATG;rbs_motif=AGGAGG;rbs_spacer=3-4bp;gc_cont=0.526
contig_3:3223951-3225471|+ -            507 874197at2            -            274     0.006   13.9   0.2   2   2       6.1   1.5e+03   -3.9   0.0    84    97   292   305   290   324 0.78 contig_3_3048 # 3223951 # 3225471 # 1 # ID=2_3048;partial=00;start_type=ATG;rbs_motif=AGGAGG;rbs_spacer=3-4bp;gc_cont=0.526
contig_3:1021059-1022993|+ -            645 874197at2            -            274     0.011   13.1   0.0   1   1   8.3e-05     0.021   12.1   0.0     6    56    73   124    69   138 0.82 contig_3_998 # 1021059 # 1022993 # 1 # ID=2_998;partial=00;start_type=ATG;rbs_motif=AGGA;rbs_spacer=5-10bp;gc_cont=0.507
contig_3:2697969-2699726|+ -            586 874197at2            -            274     0.011   13.0   0.5   1   3     0.044        11    3.2   0.0    37    67    12    42     6    81 0.76 contig_3_2563 # 2697969 # 2699726 # 1 # ID=2_2563;partial=00;start_type=ATG;rbs_motif=AGGAG;rbs_spacer=5-10bp;gc_cont=0.535
contig_3:2697969-2699726|+ -            586 874197at2            -            274     0.011   13.0   0.5   2   3     0.003      0.77    7.0   0.1    38    85   331   382   325   389 0.73 contig_3_2563 # 2697969 # 2699726 # 1 # ID=2_2563;partial=00;start_type=ATG;rbs_motif=AGGAG;rbs_spacer=5-10bp;gc_cont=0.535
contig_3:2697969-2699726|+ -            586 874197at2            -            274     0.011   13.0   0.5   3   3       2.4     6e+02   -2.5   0.0    18    51   424   457   421   480 0.84 contig_3_2563 # 2697969 # 2699726 # 1 # ID=2_2563;partial=00;start_type=ATG;rbs_motif=AGGAG;rbs_spacer=5-10bp;gc_cont=0.535
contig_3:1702692-1705421|- -            910 874197at2            -            274     0.014   12.7   0.0   1   2      0.21        53    0.9   0.0    34    53   125   144    98   152 0.74 contig_3_1652 # 1702692 # 1705421 # -1 # ID=2_1652;partial=00;start_type=ATG;rbs_motif=GGxGG;rbs_spacer=5-10bp;gc_cont=0.516
contig_3:1702692-1705421|- -            910 874197at2            -            274     0.014   12.7   0.0   2   2   0.00094      0.24    8.6   0.0    81   108   199   229   184   250 0.74 contig_3_1652 # 1702692 # 1705421 # -1 # ID=2_1652;partial=00;start_type=ATG;rbs_motif=GGxGG;rbs_spacer=5-10bp;gc_cont=0.516
contig_2:41806-44604|+     -            933 874197at2            -            274     0.037   11.3   0.0   1   2    0.0013      0.34    8.2   0.0    37    56   136   155   124   166 0.88 contig_2_46 # 41806 # 44604 # 1 # ID=1_46;partial=00;start_type=ATG;rbs_motif=None;rbs_spacer=None;gc_cont=0.549
contig_2:41806-44604|+     -            933 874197at2            -            274     0.037   11.3   0.0   2   2      0.32        82    0.3   0.0    85   108   210   236   195   263 0.72 contig_2_46 # 41806 # 44604 # 1 # ID=1_46;partial=00;start_type=ATG;rbs_motif=None;rbs_spacer=None;gc_cont=0.549
contig_2:1258697-1259446|+ -            250 874197at2            -            274     0.049   10.9   0.0   1   1   0.00036      0.09   10.0   0.0    23    94    90   172    73   177 0.62 contig_2_1197 # 1258697 # 1259446 # 1 # ID=1_1197;partial=00;start_type=ATG;rbs_motif=AGxAGG/AGGxGG;rbs_spacer=5-10bp;gc_cont=0.528
contig_3:1268567-1269316|- -            250 874197at2            -            274     0.049   10.9   0.0   1   1   0.00036      0.09   10.0   0.0    23    94    90   172    73   177 0.62 contig_3_1255 # 1268567 # 1269316 # -1 # ID=2_1255;partial=00;start_type=ATG;rbs_motif=AGxAGG/AGGxGG;rbs_spacer=5-10bp;gc_cont=0.532
#
# Program:         hmmsearch
# Version:         3.1b2 (February 2015)
# Pipeline mode:   SEARCH
# Query file:      busco_downloads/bacteria_odb10/hmms/874197at2.hmm
# Target file:     output_files/busco_raw/prodigal_output/predicted_genes/predicted.faa
# Option settings: hmmsearch --domtblout output_files/busco_raw/run_bacteria_odb10/hmmer_output/874197at2.out --cpu 1 busco_downloads/bacteria_odb10/hmms/874197at2.hmm output_files/busco_raw/prodigal_output/predicted_genes/predicted.faa 
# Current dir:     /scratch/yazanalq/Assignment-1---Binf6110
# Date:            Sun Feb  8 19:21:27 2026
# [ok]
