#                                                                                  --- full sequence --- -------------- this domain -------------   hmm coord   ali coord   env coord
# target name              accession   tlen query name           accession   qlen   E-value  score  bias   #  of  c-Evalue  i-Evalue  score  bias  from    to  from    to  from    to  acc description of target
#      ------------------- ---------- ----- -------------------- ---------- ----- --------- ------ ----- --- --- --------- --------- ------ ----- ----- ----- ----- ----- ----- ----- ---- ---------------------
contig_3:1468454-1470475|- -            674 95696at2             -            490  1.3e-232  770.8   8.1   1   3   1.6e-70     7e-68  227.5   0.1     1   123    35   157    35   163 0.97 contig_3_1437 # 1468454 # 1470475 # -1 # ID=2_1437;partial=00;start_type=ATG;rbs_motif=GGA/GAG/AGG;rbs_spacer=5-10bp;gc_cont=0.553
contig_3:1468454-1470475|- -            674 95696at2             -            490  1.3e-232  770.8   8.1   2   3  2.7e-167  1.2e-164  546.7   1.0   115   477   168   590   161   601 0.89 contig_3_1437 # 1468454 # 1470475 # -1 # ID=2_1437;partial=00;start_type=ATG;rbs_motif=GGA/GAG/AGG;rbs_spacer=5-10bp;gc_cont=0.553
contig_3:1468454-1470475|- -            674 95696at2             -            490  1.3e-232  770.8   8.1   3   3      0.31   1.4e+02   -1.0   0.1   462   490   633   662   619   662 0.74 contig_3_1437 # 1468454 # 1470475 # -1 # ID=2_1437;partial=00;start_type=ATG;rbs_motif=GGA/GAG/AGG;rbs_spacer=5-10bp;gc_cont=0.553
contig_3:1082481-1085927|+ -           1149 95696at2             -            490   1.1e-10   38.9   0.1   1   4     0.026        11    2.6   0.0     6    50    22    66    17    94 0.77 contig_3_1062 # 1082481 # 1085927 # 1 # ID=2_1062;partial=00;start_type=ATG;rbs_motif=3Base/5BMM;rbs_spacer=13-15bp;gc_cont=0.571
contig_3:1082481-1085927|+ -           1149 95696at2             -            490   1.1e-10   38.9   0.1   2   4    0.0011      0.48    7.1   0.0   121   169   143   197   134   286 0.75 contig_3_1062 # 1082481 # 1085927 # 1 # ID=2_1062;partial=00;start_type=ATG;rbs_motif=3Base/5BMM;rbs_spacer=13-15bp;gc_cont=0.571
contig_3:1082481-1085927|+ -           1149 95696at2             -            490   1.1e-10   38.9   0.1   3   4    0.0028       1.2    5.7   0.0   340   410   655   728   628   744 0.80 contig_3_1062 # 1082481 # 1085927 # 1 # ID=2_1062;partial=00;start_type=ATG;rbs_motif=3Base/5BMM;rbs_spacer=13-15bp;gc_cont=0.571
contig_3:1082481-1085927|+ -           1149 95696at2             -            490   1.1e-10   38.9   0.1   4   4   6.3e-07   0.00027   17.8   0.1   346   439   823   910   819   938 0.79 contig_3_1062 # 1082481 # 1085927 # 1 # ID=2_1062;partial=00;start_type=ATG;rbs_motif=3Base/5BMM;rbs_spacer=13-15bp;gc_cont=0.571
contig_2:1242178-1243512|- -            445 95696at2             -            490   1.6e-08   31.8   0.1   1   2         2   8.6e+02   -3.6   0.0    26    48    79   101    72   112 0.62 contig_2_1179 # 1242178 # 1243512 # -1 # ID=1_1179;partial=00;start_type=ATG;rbs_motif=GGAG/GAGG;rbs_spacer=5-10bp;gc_cont=0.543
contig_2:1242178-1243512|- -            445 95696at2             -            490   1.6e-08   31.8   0.1   2   2   7.9e-11   3.5e-08   30.7   0.1   335   435   247   345   206   357 0.81 contig_2_1179 # 1242178 # 1243512 # -1 # ID=1_1179;partial=00;start_type=ATG;rbs_motif=GGAG/GAGG;rbs_spacer=5-10bp;gc_cont=0.543
contig_3:1447246-1448610|- -            455 95696at2             -            490   8.2e-08   29.4   0.0   1   2      0.16        69   -0.0   0.0    23    46    73    98    43   110 0.66 contig_3_1413 # 1447246 # 1448610 # -1 # ID=2_1413;partial=00;start_type=ATG;rbs_motif=GGAG/GAGG;rbs_spacer=5-10bp;gc_cont=0.583
contig_3:1447246-1448610|- -            455 95696at2             -            490   8.2e-08   29.4   0.0   2   2   1.1e-09   4.7e-07   26.9   0.0   335   408   244   317   215   336 0.91 contig_3_1413 # 1447246 # 1448610 # -1 # ID=2_1413;partial=00;start_type=ATG;rbs_motif=GGAG/GAGG;rbs_spacer=5-10bp;gc_cont=0.583
contig_3:3026964-3029162|+ -            733 95696at2             -            490   1.6e-07   28.5   0.0   1   2   9.2e-05     0.041   10.6   0.0     3    48   222   270   220   280 0.85 contig_3_2862 # 3026964 # 3029162 # 1 # ID=2_2862;partial=00;start_type=ATG;rbs_motif=AGGA;rbs_spacer=5-10bp;gc_cont=0.592
contig_3:3026964-3029162|+ -            733 95696at2             -            490   1.6e-07   28.5   0.0   2   2   2.7e-06    0.0012   15.7   0.0   379   441   525   596   508   602 0.74 contig_3_2862 # 3026964 # 3029162 # 1 # ID=2_2862;partial=00;start_type=ATG;rbs_motif=AGGA;rbs_spacer=5-10bp;gc_cont=0.592
contig_3:3207642-3208907|+ -            422 95696at2             -            490   4.2e-07   27.1   0.0   1   2      0.68     3e+02   -2.1   0.0    21    42    81   103    54   109 0.76 contig_3_3035 # 3207642 # 3208907 # 1 # ID=2_3035;partial=00;start_type=ATG;rbs_motif=None;rbs_spacer=None;gc_cont=0.547
contig_3:3207642-3208907|+ -            422 95696at2             -            490   4.2e-07   27.1   0.0   2   2   2.6e-09   1.1e-06   25.7   0.0   337   410   257   330   239   353 0.90 contig_3_3035 # 3207642 # 3208907 # 1 # ID=2_3035;partial=00;start_type=ATG;rbs_motif=None;rbs_spacer=None;gc_cont=0.547
contig_2:569055-570944|+   -            630 95696at2             -            490   6.6e-07   26.4   1.6   1   2     0.012         5    3.7   0.0     5    48    50    99    46   113 0.73 contig_2_534 # 569055 # 570944 # 1 # ID=1_534;partial=00;start_type=ATG;rbs_motif=AGGA/GGAG/GAGG;rbs_spacer=11-12bp;gc_cont=0.583
contig_2:569055-570944|+   -            630 95696at2             -            490   6.6e-07   26.4   1.6   2   2   5.7e-08   2.5e-05   21.2   0.6   339   444   248   350   241   371 0.81 contig_2_534 # 569055 # 570944 # 1 # ID=1_534;partial=00;start_type=ATG;rbs_motif=AGGA/GGAG/GAGG;rbs_spacer=11-12bp;gc_cont=0.583
contig_2:78191-80272|-     -            694 95696at2             -            490   1.5e-06   25.3   0.0   1   2     0.007       3.1    4.4   0.0     3    50   294   344   292   350 0.75 contig_2_75 # 78191 # 80272 # -1 # ID=1_75;partial=00;start_type=ATG;rbs_motif=GGA/GAG/AGG;rbs_spacer=5-10bp;gc_cont=0.585
contig_2:78191-80272|-     -            694 95696at2             -            490   1.5e-06   25.3   0.0   2   2   4.4e-07   0.00019   18.3   0.0   360   443   517   599   498   618 0.84 contig_2_75 # 78191 # 80272 # -1 # ID=1_75;partial=00;start_type=ATG;rbs_motif=GGA/GAG/AGG;rbs_spacer=5-10bp;gc_cont=0.585
contig_3:18412-20172|-     -            587 95696at2             -            490   2.7e-06   24.4   0.2   1   2   0.00073      0.32    7.7   0.0     6    40    32    66    27    73 0.88 contig_3_20 # 18412 # 20172 # -1 # ID=2_20;partial=00;start_type=ATG;rbs_motif=None;rbs_spacer=None;gc_cont=0.571
contig_3:18412-20172|-     -            587 95696at2             -            490   2.7e-06   24.4   0.2   2   2   5.9e-06    0.0026   14.6   0.0   328   412   244   326   234   344 0.81 contig_3_20 # 18412 # 20172 # -1 # ID=2_20;partial=00;start_type=ATG;rbs_motif=None;rbs_spacer=None;gc_cont=0.571
contig_3:635160-636533|+   -            458 95696at2             -            490   0.00012   18.9   0.0   1   2    0.0018      0.77    6.4   0.0     6    49    48   100    44   106 0.70 contig_3_627 # 635160 # 636533 # 1 # ID=2_627;partial=00;start_type=GTG;rbs_motif=GGA/GAG/AGG;rbs_spacer=5-10bp;gc_cont=0.553
contig_3:635160-636533|+   -            458 95696at2             -            490   0.00012   18.9   0.0   2   2   0.00012     0.054   10.2   0.0   340   409   245   314   231   344 0.89 contig_3_627 # 635160 # 636533 # 1 # ID=2_627;partial=00;start_type=GTG;rbs_motif=GGA/GAG/AGG;rbs_spacer=5-10bp;gc_cont=0.553
contig_3:3167929-3169776|- -            616 95696at2             -            490    0.0083   12.9   0.0   1   1    0.0001     0.044   10.5   0.0   297   442   183   345   161   367 0.73 contig_3_2995 # 3167929 # 3169776 # -1 # ID=2_2995;partial=00;start_type=ATG;rbs_motif=None;rbs_spacer=None;gc_cont=0.545
#
# Program:         hmmsearch
# Version:         3.1b2 (February 2015)
# Pipeline mode:   SEARCH
# Query file:      busco_downloads/bacteria_odb10/hmms/95696at2.hmm
# Target file:     output_files/busco_raw/prodigal_output/predicted_genes/predicted.faa
# Option settings: hmmsearch --domtblout output_files/busco_raw/run_bacteria_odb10/hmmer_output/95696at2.out --cpu 1 busco_downloads/bacteria_odb10/hmms/95696at2.hmm output_files/busco_raw/prodigal_output/predicted_genes/predicted.faa 
# Current dir:     /scratch/yazanalq/Assignment-1---Binf6110
# Date:            Sun Feb  8 19:21:28 2026
# [ok]
